-------------------------------------------------------------------------------
Test set: com.farmer.user.RbacPropertyTest$UnauthenticatedAccess
-------------------------------------------------------------------------------
Tests run: 2, Failures: 2, Errors: 0, Skipped: 0, Time elapsed: 0.044 s <<< FAILURE! -- in com.farmer.user.RbacPropertyTest$UnauthenticatedAccess
com.farmer.user.RbacPropertyTest$UnauthenticatedAccess.unauthenticatedUserShouldBeDeniedAdminAccess -- Time elapsed: 0.015 s <<< FAILURE!
java.lang.AssertionError: Status expected:<401> but was:<200>
	at org.springframework.test.util.AssertionErrors.fail(AssertionErrors.java:59)
	at org.springframework.test.util.AssertionErrors.assertEquals(AssertionErrors.java:122)
	at org.springframework.test.web.servlet.result.StatusResultMatchers.lambda$matcher$9(StatusResultMatchers.java:637)
	at org.springframework.test.web.servlet.MockMvc$1.andExpect(MockMvc.java:214)
	at com.farmer.user.RbacPropertyTest$UnauthenticatedAccess.unauthenticatedUserShouldBeDeniedAdminAccess(RbacPropertyTest.java:141)
	at java.base/java.lang.reflect.Method.invoke(Method.java:580)
	at java.base/java.util.ArrayList.forEach(ArrayList.java:1596)
	at java.base/java.util.ArrayList.forEach(ArrayList.java:1596)
	at java.base/java.util.ArrayList.forEach(ArrayList.java:1596)

com.farmer.user.RbacPropertyTest$UnauthenticatedAccess.unauthenticatedUserShouldBeDeniedAccess -- Time elapsed: 0.006 s <<< FAILURE!
java.lang.AssertionError: Status expected:<401> but was:<200>
	at org.springframework.test.util.AssertionErrors.fail(AssertionErrors.java:59)
	at org.springframework.test.util.AssertionErrors.assertEquals(AssertionErrors.java:122)
	at org.springframework.test.web.servlet.result.StatusResultMatchers.lambda$matcher$9(StatusResultMatchers.java:637)
	at org.springframework.test.web.servlet.MockMvc$1.andExpect(MockMvc.java:214)
	at com.farmer.user.RbacPropertyTest$UnauthenticatedAccess.unauthenticatedUserShouldBeDeniedAccess(RbacPropertyTest.java:130)
	at java.base/java.lang.reflect.Method.invoke(Method.java:580)
	at java.base/java.util.ArrayList.forEach(ArrayList.java:1596)
	at java.base/java.util.ArrayList.forEach(ArrayList.java:1596)
	at java.base/java.util.ArrayList.forEach(ArrayList.java:1596)

