<?xml version="1.0" encoding="UTF-8"?>
<testsuite xmlns:xsi="http://www.w3.org/2001/XMLSchema-instance" xsi:noNamespaceSchemaLocation="https://maven.apache.org/surefire/maven-surefire-plugin/xsd/surefire-test-report-3.0.xsd" version="3.0" name="com.farmer.scheme.AdminSchemeControllerTest" time="14.251" tests="14" errors="0" skipped="0" failures="0">
  <properties>
[...]
</properties>
  <testcase name="shouldGetSchemeStatistics" classname="com.farmer.scheme.AdminSchemeControllerTest" time="0.77">
    <system-out><![CDATA[10:51:25.245 [main] INFO org.springframework.test.context.support.AnnotationConfigContextLoaderUtils -- Could not detect default configuration classes for test class [com.farmer.scheme.AdminSchemeControllerTest]: AdminSchemeControllerTest does not declare any static, non-private, non-final, nested classes annotated with @Configuration.
10:51:25.415 [main] INFO org.springframework.boot.test.context.SpringBootTestContextBootstrapper -- Found @SpringBootConfiguration com.farmer.scheme.SchemeServiceApplication for test class com.farmer.scheme.AdminSchemeControllerTest

  .   ____          _            __ _ _
 /\\ / ___'_ __ _ _(_)_ __  __ _ \ \ \ \
( ( )\___ | '_ | '_| | '_ \/ _` | \ \ \ \
 \\/  ___)| |_)| | | | | || (_| |  ) ) ) )
  '  |____| .__|_| |_|_| |_\__, | / / / /
 =========|_|==============|___/=/_/_/_/
 :: Spring Boot ::                (v3.2.0)

2026-02-21T10:51:25.914+05:30  INFO 32844 --- [scheme-service-test] [           main] c.f.scheme.AdminSchemeControllerTest     : Starting AdminSchemeControllerTest using Java 21.0.8 with PID 32844 (started by nikhi in D:\Project\AI for Bharat\indian-farmer-assistance-app\backend\scheme-service)
2026-02-21T10:51:25.914+05:30 DEBUG 32844 --- [scheme-service-test] [           main] c.f.scheme.AdminSchemeControllerTest     : Running with Spring Boot v3.2.0, Spring v6.1.1
2026-02-21T10:51:25.915+05:30  INFO 32844 --- [scheme-service-test] [           main] c.f.scheme.AdminSchemeControllerTest     : The following 1 profile is active: "test"
2026-02-21T10:51:29.930+05:30  WARN 32844 --- [scheme-service-test] [           main] org.hibernate.orm.deprecation            : HHH90000025: H2Dialect does not need to be specified explicitly using 'hibernate.dialect' (remove the property setting and it will be selected by default)
Hibernate: 
    drop table if exists sess_c05a946fe_scheme_applications cascade 
Hibernate: 
    drop table if exists sess_c05a946fe_schemes cascade 
Hibernate: 
    create table sess_c05a946fe_scheme_applications (
        application_date date not null,
        disbursement_amount numeric(12,2),
        created_at timestamp(6),
        disbursed_at timestamp(6),
        id bigint generated by default as identity,
        reviewed_at timestamp(6),
        scheme_id bigint not null,
        submitted_at timestamp(6),
        updated_at timestamp(6),
        user_id bigint not null,
        application_number varchar(100),
        documents JSON,
        remarks TEXT,
        reviewer_notes TEXT,
        status varchar(255) not null check (status in ('DRAFT','SUBMITTED','UNDER_REVIEW','APPROVED','REJECTED','DISBURSED')),
        primary key (id)
    )
Hibernate: 
    create table sess_c05a946fe_schemes (
        application_end_date date,
        application_start_date date,
        benefit_amount numeric(12,2),
        is_active boolean,
        max_benefit_amount numeric(12,2),
        subsidy_percentage numeric(5,2),
        created_at timestamp(6),
        id bigint generated by default as identity,
        updated_at timestamp(6),
        scheme_type varchar(20) not null check (scheme_type in ('CENTRAL','STATE','CROP_SPECIFIC','INSURANCE','SUBSIDY','WELFARE')),
        scheme_code varchar(50) not null unique,
        state varchar(50),
        landholding_requirement varchar(100),
        scheme_name varchar(200) not null,
        target_beneficiaries varchar(200),
        applicable_crops varchar(500),
        application_url varchar(500),
        benefit_description TEXT,
        contact_info JSON,
        description TEXT,
        eligibility_criteria JSON,
        primary key (id)
    )
Hibernate: 
    create index idx_sa_user_id 
       on sess_c05a946fe_scheme_applications (user_id)
Hibernate: 
    create index idx_sa_scheme_id 
       on sess_c05a946fe_scheme_applications (scheme_id)
Hibernate: 
    create index idx_sa_status 
       on sess_c05a946fe_scheme_applications (status)
Hibernate: 
    create index idx_sa_application_number 
       on sess_c05a946fe_scheme_applications (application_number)
Hibernate: 
    create index idx_scheme_type 
       on sess_c05a946fe_schemes (scheme_type)
Hibernate: 
    create index idx_state 
       on sess_c05a946fe_schemes (state)
Hibernate: 
    create index idx_active 
       on sess_c05a946fe_schemes (is_active)
Hibernate: 
    create index idx_scheme_code 
       on sess_c05a946fe_schemes (scheme_code)
Hibernate: 
    alter table if exists sess_c05a946fe_scheme_applications 
       add constraint FK8q55s1vbffqh3afijjb3neu0s 
       foreign key (scheme_id) 
       references sess_c05a946fe_schemes
2026-02-21T10:51:34.356+05:30  WARN 32844 --- [scheme-service-test] [           main] JpaBaseConfiguration$JpaWebConfiguration : spring.jpa.open-in-view is enabled by default. Therefore, database queries may be performed during view rendering. Explicitly configure spring.jpa.open-in-view to disable this warning
2026-02-21T10:51:34.464+05:30  WARN 32844 --- [scheme-service-test] [           main] .s.s.UserDetailsServiceAutoConfiguration : 

Using generated security password: e16f488f-ad76-442c-9175-2d305ee1c6e3

This generated password is for development use only. Your security configuration must be updated before running your application in production.

2026-02-21T10:51:37.834+05:30  INFO 32844 --- [scheme-service-test] [           main] c.f.scheme.AdminSchemeControllerTest     : Started AdminSchemeControllerTest in 12.255 seconds (process running for 14.024)
Hibernate: 
    select
        s1_0.id,
        s1_0.applicable_crops,
        s1_0.application_end_date,
        s1_0.application_start_date,
        s1_0.application_url,
        s1_0.benefit_amount,
        s1_0.benefit_description,
        s1_0.contact_info,
        s1_0.created_at,
        s1_0.description,
        s1_0.eligibility_criteria,
        s1_0.is_active,
        s1_0.landholding_requirement,
        s1_0.max_benefit_amount,
        s1_0.scheme_code,
        s1_0.scheme_name,
        s1_0.scheme_type,
        s1_0.state,
        s1_0.subsidy_percentage,
        s1_0.target_beneficiaries,
        s1_0.updated_at 
    from
        sess_c05a946fe_schemes s1_0
Hibernate: 
    insert 
    into
        sess_c05a946fe_schemes
        (applicable_crops, application_end_date, application_start_date, application_url, benefit_amount, benefit_description, contact_info, created_at, description, eligibility_criteria, is_active, landholding_requirement, max_benefit_amount, scheme_code, scheme_name, scheme_type, state, subsidy_percentage, target_beneficiaries, updated_at, id) 
    values
        (?, ?, ?, ?, ?, ?, ?, ?, ?, ?, ?, ?, ?, ?, ?, ?, ?, ?, ?, ?, default)
Hibernate: 
    insert 
    into
        sess_c05a946fe_schemes
        (applicable_crops, application_end_date, application_start_date, application_url, benefit_amount, benefit_description, contact_info, created_at, description, eligibility_criteria, is_active, landholding_requirement, max_benefit_amount, scheme_code, scheme_name, scheme_type, state, subsidy_percentage, target_beneficiaries, updated_at, id) 
    values
        (?, ?, ?, ?, ?, ?, ?, ?, ?, ?, ?, ?, ?, ?, ?, ?, ?, ?, ?, ?, default)
Hibernate: 
    insert 
    into
        sess_c05a946fe_schemes
        (applicable_crops, application_end_date, application_start_date, application_url, benefit_amount, benefit_description, contact_info, created_at, description, eligibility_criteria, is_active, landholding_requirement, max_benefit_amount, scheme_code, scheme_name, scheme_type, state, subsidy_percentage, target_beneficiaries, updated_at, id) 
    values
        (?, ?, ?, ?, ?, ?, ?, ?, ?, ?, ?, ?, ?, ?, ?, ?, ?, ?, ?, ?, default)
2026-02-21T10:51:38.503+05:30  WARN 32844 --- [scheme-service-test] [           main] o.s.w.s.h.HandlerMappingIntrospector     : Cache miss for REQUEST dispatch to '/api/v1/admin/schemes/statistics' (previous null). Performing CorsConfiguration lookup. This is logged once only at WARN level, and every time at TRACE.
2026-02-21T10:51:38.556+05:30 DEBUG 32844 --- [scheme-service-test] [           main] c.f.s.controller.AdminSchemeController   : GET /api/v1/admin/schemes/statistics - Fetching scheme statistics
2026-02-21T10:51:38.558+05:30 DEBUG 32844 --- [scheme-service-test] [           main] c.farmer.scheme.service.SchemeService    : Calculating scheme statistics
Hibernate: 
    select
        count(*) 
    from
        sess_c05a946fe_schemes s1_0
Hibernate: 
    select
        count(s1_0.id) 
    from
        sess_c05a946fe_schemes s1_0 
    where
        s1_0.is_active
Hibernate: 
    select
        count(s1_0.id) 
    from
        sess_c05a946fe_schemes s1_0 
    where
        s1_0.scheme_type=? 
        and s1_0.is_active
Hibernate: 
    select
        count(s1_0.id) 
    from
        sess_c05a946fe_schemes s1_0 
    where
        s1_0.scheme_type=? 
        and s1_0.is_active
Hibernate: 
    select
        count(s1_0.id) 
    from
        sess_c05a946fe_schemes s1_0 
    where
        s1_0.scheme_type=? 
        and s1_0.is_active
Hibernate: 
    select
        count(s1_0.id) 
    from
        sess_c05a946fe_schemes s1_0 
    where
        s1_0.scheme_type=? 
        and s1_0.is_active
Hibernate: 
    select
        count(s1_0.id) 
    from
        sess_c05a946fe_schemes s1_0 
    where
        s1_0.scheme_type=? 
        and s1_0.is_active
Hibernate: 
    select
        count(s1_0.id) 
    from
        sess_c05a946fe_schemes s1_0 
    where
        s1_0.scheme_type=? 
        and s1_0.is_active
]]></system-out>
    <system-err><![CDATA[Feb 21, 2026 10:51:24 AM net.jqwik.engine.descriptor.DiscoverySupport warnWhenJunitAnnotationsArePresent
WARNING: [class com.farmer.scheme.StateBasedSchemeFilteringPropertyTest] has annotation [@org.junit.jupiter.api.extension.ExtendWith({org.mockito.junit.jupiter.MockitoExtension.class})] from JUnit which cannot be processed by jqwik
Feb 21, 2026 10:51:24 AM net.jqwik.engine.descriptor.DiscoverySupport warnWhenJunitAnnotationsArePresent
WARNING: [class com.farmer.scheme.StateBasedSchemeFilteringPropertyTest] has annotation [@org.junit.jupiter.api.extension.ExtendWith({org.mockito.junit.jupiter.MockitoExtension.class})] from JUnit which cannot be processed by jqwik
WARNING: A Java agent has been loaded dynamically (C:\Users\nikhi\.m2\repository\net\bytebuddy\byte-buddy-agent\1.14.10\byte-buddy-agent-1.14.10.jar)
WARNING: If a serviceability tool is in use, please run with -XX:+EnableDynamicAgentLoading to hide this warning
WARNING: If a serviceability tool is not in use, please run with -Djdk.instrument.traceUsage for more information
WARNING: Dynamic loading of agents will be disallowed by default in a future release
]]></system-err>
  </testcase>
  <testcase name="shouldCreateCropSpecificScheme" classname="com.farmer.scheme.AdminSchemeControllerTest" time="0.101">
    <system-out><![CDATA[Hibernate: 
    select
        s1_0.id,
        s1_0.applicable_crops,
        s1_0.application_end_date,
        s1_0.application_start_date,
        s1_0.application_url,
        s1_0.benefit_amount,
        s1_0.benefit_description,
        s1_0.contact_info,
        s1_0.created_at,
        s1_0.description,
        s1_0.eligibility_criteria,
        s1_0.is_active,
        s1_0.landholding_requirement,
        s1_0.max_benefit_amount,
        s1_0.scheme_code,
        s1_0.scheme_name,
        s1_0.scheme_type,
        s1_0.state,
        s1_0.subsidy_percentage,
        s1_0.target_beneficiaries,
        s1_0.updated_at 
    from
        sess_c05a946fe_schemes s1_0
Hibernate: 
    delete 
    from
        sess_c05a946fe_schemes 
    where
        id=?
Hibernate: 
    delete 
    from
        sess_c05a946fe_schemes 
    where
        id=?
Hibernate: 
    delete 
    from
        sess_c05a946fe_schemes 
    where
        id=?
2026-02-21T10:51:38.796+05:30  INFO 32844 --- [scheme-service-test] [           main] c.f.s.controller.AdminSchemeController   : POST /api/v1/admin/schemes - Creating new scheme: Paddy Cultivation Support
2026-02-21T10:51:38.796+05:30  INFO 32844 --- [scheme-service-test] [           main] c.farmer.scheme.service.SchemeService    : Creating new scheme: Paddy Cultivation Support
Hibernate: 
    insert 
    into
        sess_c05a946fe_schemes
        (applicable_crops, application_end_date, application_start_date, application_url, benefit_amount, benefit_description, contact_info, created_at, description, eligibility_criteria, is_active, landholding_requirement, max_benefit_amount, scheme_code, scheme_name, scheme_type, state, subsidy_percentage, target_beneficiaries, updated_at, id) 
    values
        (?, ?, ?, ?, ?, ?, ?, ?, ?, ?, ?, ?, ?, ?, ?, ?, ?, ?, ?, ?, default)
]]></system-out>
  </testcase>
  <testcase name="shouldCreateStateSpecificScheme" classname="com.farmer.scheme.AdminSchemeControllerTest" time="0.014">
    <system-out><![CDATA[Hibernate: 
    select
        s1_0.id,
        s1_0.applicable_crops,
        s1_0.application_end_date,
        s1_0.application_start_date,
        s1_0.application_url,
        s1_0.benefit_amount,
        s1_0.benefit_description,
        s1_0.contact_info,
        s1_0.created_at,
        s1_0.description,
        s1_0.eligibility_criteria,
        s1_0.is_active,
        s1_0.landholding_requirement,
        s1_0.max_benefit_amount,
        s1_0.scheme_code,
        s1_0.scheme_name,
        s1_0.scheme_type,
        s1_0.state,
        s1_0.subsidy_percentage,
        s1_0.target_beneficiaries,
        s1_0.updated_at 
    from
        sess_c05a946fe_schemes s1_0
Hibernate: 
    delete 
    from
        sess_c05a946fe_schemes 
    where
        id=?
2026-02-21T10:51:38.818+05:30  INFO 32844 --- [scheme-service-test] [           main] c.f.s.controller.AdminSchemeController   : POST /api/v1/admin/schemes - Creating new scheme: Karnataka Krishi Bhagya
2026-02-21T10:51:38.818+05:30  INFO 32844 --- [scheme-service-test] [           main] c.farmer.scheme.service.SchemeService    : Creating new scheme: Karnataka Krishi Bhagya
Hibernate: 
    insert 
    into
        sess_c05a946fe_schemes
        (applicable_crops, application_end_date, application_start_date, application_url, benefit_amount, benefit_description, contact_info, created_at, description, eligibility_criteria, is_active, landholding_requirement, max_benefit_amount, scheme_code, scheme_name, scheme_type, state, subsidy_percentage, target_beneficiaries, updated_at, id) 
    values
        (?, ?, ?, ?, ?, ?, ?, ?, ?, ?, ?, ?, ?, ?, ?, ?, ?, ?, ?, ?, default)
]]></system-out>
  </testcase>
  <testcase name="shouldUpdateSchemeAsAdmin" classname="com.farmer.scheme.AdminSchemeControllerTest" time="0.031">
    <system-out><![CDATA[Hibernate: 
    select
        s1_0.id,
        s1_0.applicable_crops,
        s1_0.application_end_date,
        s1_0.application_start_date,
        s1_0.application_url,
        s1_0.benefit_amount,
        s1_0.benefit_description,
        s1_0.contact_info,
        s1_0.created_at,
        s1_0.description,
        s1_0.eligibility_criteria,
        s1_0.is_active,
        s1_0.landholding_requirement,
        s1_0.max_benefit_amount,
        s1_0.scheme_code,
        s1_0.scheme_name,
        s1_0.scheme_type,
        s1_0.state,
        s1_0.subsidy_percentage,
        s1_0.target_beneficiaries,
        s1_0.updated_at 
    from
        sess_c05a946fe_schemes s1_0
Hibernate: 
    delete 
    from
        sess_c05a946fe_schemes 
    where
        id=?
Hibernate: 
    insert 
    into
        sess_c05a946fe_schemes
        (applicable_crops, application_end_date, application_start_date, application_url, benefit_amount, benefit_description, contact_info, created_at, description, eligibility_criteria, is_active, landholding_requirement, max_benefit_amount, scheme_code, scheme_name, scheme_type, state, subsidy_percentage, target_beneficiaries, updated_at, id) 
    values
        (?, ?, ?, ?, ?, ?, ?, ?, ?, ?, ?, ?, ?, ?, ?, ?, ?, ?, ?, ?, default)
2026-02-21T10:51:38.837+05:30  INFO 32844 --- [scheme-service-test] [           main] c.f.s.controller.AdminSchemeController   : PUT /api/v1/admin/schemes/6 - Updating scheme
2026-02-21T10:51:38.837+05:30  INFO 32844 --- [scheme-service-test] [           main] c.farmer.scheme.service.SchemeService    : Updating scheme with id: 6
Hibernate: 
    select
        s1_0.id,
        s1_0.applicable_crops,
        s1_0.application_end_date,
        s1_0.application_start_date,
        s1_0.application_url,
        s1_0.benefit_amount,
        s1_0.benefit_description,
        s1_0.contact_info,
        s1_0.created_at,
        s1_0.description,
        s1_0.eligibility_criteria,
        s1_0.is_active,
        s1_0.landholding_requirement,
        s1_0.max_benefit_amount,
        s1_0.scheme_code,
        s1_0.scheme_name,
        s1_0.scheme_type,
        s1_0.state,
        s1_0.subsidy_percentage,
        s1_0.target_beneficiaries,
        s1_0.updated_at 
    from
        sess_c05a946fe_schemes s1_0 
    where
        s1_0.id=?
Hibernate: 
    update
        sess_c05a946fe_schemes 
    set
        applicable_crops=?,
        application_end_date=?,
        application_start_date=?,
        application_url=?,
        benefit_amount=?,
        benefit_description=?,
        contact_info=?,
        created_at=?,
        description=?,
        eligibility_criteria=?,
        is_active=?,
        landholding_requirement=?,
        max_benefit_amount=?,
        scheme_code=?,
        scheme_name=?,
        scheme_type=?,
        state=?,
        subsidy_percentage=?,
        target_beneficiaries=?,
        updated_at=? 
    where
        id=?
]]></system-out>
  </testcase>
  <testcase name="shouldCreateWelfareScheme" classname="com.farmer.scheme.AdminSchemeControllerTest" time="0.011">
    <system-out><![CDATA[Hibernate: 
    select
        s1_0.id,
        s1_0.applicable_crops,
        s1_0.application_end_date,
        s1_0.application_start_date,
        s1_0.application_url,
        s1_0.benefit_amount,
        s1_0.benefit_description,
        s1_0.contact_info,
        s1_0.created_at,
        s1_0.description,
        s1_0.eligibility_criteria,
        s1_0.is_active,
        s1_0.landholding_requirement,
        s1_0.max_benefit_amount,
        s1_0.scheme_code,
        s1_0.scheme_name,
        s1_0.scheme_type,
        s1_0.state,
        s1_0.subsidy_percentage,
        s1_0.target_beneficiaries,
        s1_0.updated_at 
    from
        sess_c05a946fe_schemes s1_0
Hibernate: 
    delete 
    from
        sess_c05a946fe_schemes 
    where
        id=?
2026-02-21T10:51:38.863+05:30  INFO 32844 --- [scheme-service-test] [           main] c.f.s.controller.AdminSchemeController   : POST /api/v1/admin/schemes - Creating new scheme: Kisan Maan Dhan Yojana
2026-02-21T10:51:38.863+05:30  INFO 32844 --- [scheme-service-test] [           main] c.farmer.scheme.service.SchemeService    : Creating new scheme: Kisan Maan Dhan Yojana
Hibernate: 
    insert 
    into
        sess_c05a946fe_schemes
        (applicable_crops, application_end_date, application_start_date, application_url, benefit_amount, benefit_description, contact_info, created_at, description, eligibility_criteria, is_active, landholding_requirement, max_benefit_amount, scheme_code, scheme_name, scheme_type, state, subsidy_percentage, target_beneficiaries, updated_at, id) 
    values
        (?, ?, ?, ?, ?, ?, ?, ?, ?, ?, ?, ?, ?, ?, ?, ?, ?, ?, ?, ?, default)
]]></system-out>
  </testcase>
  <testcase name="shouldDenyAccessWithoutAuthentication" classname="com.farmer.scheme.AdminSchemeControllerTest" time="0.012">
    <system-out><![CDATA[Hibernate: 
    select
        s1_0.id,
        s1_0.applicable_crops,
        s1_0.application_end_date,
        s1_0.application_start_date,
        s1_0.application_url,
        s1_0.benefit_amount,
        s1_0.benefit_description,
        s1_0.contact_info,
        s1_0.created_at,
        s1_0.description,
        s1_0.eligibility_criteria,
        s1_0.is_active,
        s1_0.landholding_requirement,
        s1_0.max_benefit_amount,
        s1_0.scheme_code,
        s1_0.scheme_name,
        s1_0.scheme_type,
        s1_0.state,
        s1_0.subsidy_percentage,
        s1_0.target_beneficiaries,
        s1_0.updated_at 
    from
        sess_c05a946fe_schemes s1_0
Hibernate: 
    delete 
    from
        sess_c05a946fe_schemes 
    where
        id=?
]]></system-out>
  </testcase>
  <testcase name="shouldReturnNotFoundWhenUpdatingNonExistentScheme" classname="com.farmer.scheme.AdminSchemeControllerTest" time="0.015">
    <system-out><![CDATA[Hibernate: 
    select
        s1_0.id,
        s1_0.applicable_crops,
        s1_0.application_end_date,
        s1_0.application_start_date,
        s1_0.application_url,
        s1_0.benefit_amount,
        s1_0.benefit_description,
        s1_0.contact_info,
        s1_0.created_at,
        s1_0.description,
        s1_0.eligibility_criteria,
        s1_0.is_active,
        s1_0.landholding_requirement,
        s1_0.max_benefit_amount,
        s1_0.scheme_code,
        s1_0.scheme_name,
        s1_0.scheme_type,
        s1_0.state,
        s1_0.subsidy_percentage,
        s1_0.target_beneficiaries,
        s1_0.updated_at 
    from
        sess_c05a946fe_schemes s1_0
2026-02-21T10:51:38.889+05:30  INFO 32844 --- [scheme-service-test] [           main] c.f.s.controller.AdminSchemeController   : PUT /api/v1/admin/schemes/99999 - Updating scheme
2026-02-21T10:51:38.890+05:30  INFO 32844 --- [scheme-service-test] [           main] c.farmer.scheme.service.SchemeService    : Updating scheme with id: 99999
Hibernate: 
    select
        s1_0.id,
        s1_0.applicable_crops,
        s1_0.application_end_date,
        s1_0.application_start_date,
        s1_0.application_url,
        s1_0.benefit_amount,
        s1_0.benefit_description,
        s1_0.contact_info,
        s1_0.created_at,
        s1_0.description,
        s1_0.eligibility_criteria,
        s1_0.is_active,
        s1_0.landholding_requirement,
        s1_0.max_benefit_amount,
        s1_0.scheme_code,
        s1_0.scheme_name,
        s1_0.scheme_type,
        s1_0.state,
        s1_0.subsidy_percentage,
        s1_0.target_beneficiaries,
        s1_0.updated_at 
    from
        sess_c05a946fe_schemes s1_0 
    where
        s1_0.id=?
2026-02-21T10:51:38.893+05:30 ERROR 32844 --- [scheme-service-test] [           main] c.f.s.controller.AdminSchemeController   : Error updating scheme: Scheme not found with id: 99999
]]></system-out>
  </testcase>
  <testcase name="shouldCreateInsuranceScheme" classname="com.farmer.scheme.AdminSchemeControllerTest" time="0.015">
    <system-out><![CDATA[Hibernate: 
    select
        s1_0.id,
        s1_0.applicable_crops,
        s1_0.application_end_date,
        s1_0.application_start_date,
        s1_0.application_url,
        s1_0.benefit_amount,
        s1_0.benefit_description,
        s1_0.contact_info,
        s1_0.created_at,
        s1_0.description,
        s1_0.eligibility_criteria,
        s1_0.is_active,
        s1_0.landholding_requirement,
        s1_0.max_benefit_amount,
        s1_0.scheme_code,
        s1_0.scheme_name,
        s1_0.scheme_type,
        s1_0.state,
        s1_0.subsidy_percentage,
        s1_0.target_beneficiaries,
        s1_0.updated_at 
    from
        sess_c05a946fe_schemes s1_0
2026-02-21T10:51:38.907+05:30  INFO 32844 --- [scheme-service-test] [           main] c.f.s.controller.AdminSchemeController   : POST /api/v1/admin/schemes - Creating new scheme: Crop Insurance Scheme
2026-02-21T10:51:38.908+05:30  INFO 32844 --- [scheme-service-test] [           main] c.farmer.scheme.service.SchemeService    : Creating new scheme: Crop Insurance Scheme
Hibernate: 
    insert 
    into
        sess_c05a946fe_schemes
        (applicable_crops, application_end_date, application_start_date, application_url, benefit_amount, benefit_description, contact_info, created_at, description, eligibility_criteria, is_active, landholding_requirement, max_benefit_amount, scheme_code, scheme_name, scheme_type, state, subsidy_percentage, target_beneficiaries, updated_at, id) 
    values
        (?, ?, ?, ?, ?, ?, ?, ?, ?, ?, ?, ?, ?, ?, ?, ?, ?, ?, ?, ?, default)
]]></system-out>
  </testcase>
  <testcase name="shouldGetAllSchemesIncludingInactive" classname="com.farmer.scheme.AdminSchemeControllerTest" time="0.034">
    <system-out><![CDATA[Hibernate: 
    select
        s1_0.id,
        s1_0.applicable_crops,
        s1_0.application_end_date,
        s1_0.application_start_date,
        s1_0.application_url,
        s1_0.benefit_amount,
        s1_0.benefit_description,
        s1_0.contact_info,
        s1_0.created_at,
        s1_0.description,
        s1_0.eligibility_criteria,
        s1_0.is_active,
        s1_0.landholding_requirement,
        s1_0.max_benefit_amount,
        s1_0.scheme_code,
        s1_0.scheme_name,
        s1_0.scheme_type,
        s1_0.state,
        s1_0.subsidy_percentage,
        s1_0.target_beneficiaries,
        s1_0.updated_at 
    from
        sess_c05a946fe_schemes s1_0
Hibernate: 
    delete 
    from
        sess_c05a946fe_schemes 
    where
        id=?
Hibernate: 
    insert 
    into
        sess_c05a946fe_schemes
        (applicable_crops, application_end_date, application_start_date, application_url, benefit_amount, benefit_description, contact_info, created_at, description, eligibility_criteria, is_active, landholding_requirement, max_benefit_amount, scheme_code, scheme_name, scheme_type, state, subsidy_percentage, target_beneficiaries, updated_at, id) 
    values
        (?, ?, ?, ?, ?, ?, ?, ?, ?, ?, ?, ?, ?, ?, ?, ?, ?, ?, ?, ?, default)
Hibernate: 
    insert 
    into
        sess_c05a946fe_schemes
        (applicable_crops, application_end_date, application_start_date, application_url, benefit_amount, benefit_description, contact_info, created_at, description, eligibility_criteria, is_active, landholding_requirement, max_benefit_amount, scheme_code, scheme_name, scheme_type, state, subsidy_percentage, target_beneficiaries, updated_at, id) 
    values
        (?, ?, ?, ?, ?, ?, ?, ?, ?, ?, ?, ?, ?, ?, ?, ?, ?, ?, ?, ?, default)
2026-02-21T10:51:38.929+05:30 DEBUG 32844 --- [scheme-service-test] [           main] c.f.s.controller.AdminSchemeController   : GET /api/v1/admin/schemes/all - Fetching all schemes including inactive
2026-02-21T10:51:38.930+05:30 DEBUG 32844 --- [scheme-service-test] [           main] c.farmer.scheme.service.SchemeService    : Fetching all schemes including inactive
Hibernate: 
    select
        s1_0.id,
        s1_0.applicable_crops,
        s1_0.application_end_date,
        s1_0.application_start_date,
        s1_0.application_url,
        s1_0.benefit_amount,
        s1_0.benefit_description,
        s1_0.contact_info,
        s1_0.created_at,
        s1_0.description,
        s1_0.eligibility_criteria,
        s1_0.is_active,
        s1_0.landholding_requirement,
        s1_0.max_benefit_amount,
        s1_0.scheme_code,
        s1_0.scheme_name,
        s1_0.scheme_type,
        s1_0.state,
        s1_0.subsidy_percentage,
        s1_0.target_beneficiaries,
        s1_0.updated_at 
    from
        sess_c05a946fe_schemes s1_0
]]></system-out>
  </testcase>
  <testcase name="shouldCreateSchemeAsAdmin" classname="com.farmer.scheme.AdminSchemeControllerTest" time="0.018">
    <system-out><![CDATA[Hibernate: 
    select
        s1_0.id,
        s1_0.applicable_crops,
        s1_0.application_end_date,
        s1_0.application_start_date,
        s1_0.application_url,
        s1_0.benefit_amount,
        s1_0.benefit_description,
        s1_0.contact_info,
        s1_0.created_at,
        s1_0.description,
        s1_0.eligibility_criteria,
        s1_0.is_active,
        s1_0.landholding_requirement,
        s1_0.max_benefit_amount,
        s1_0.scheme_code,
        s1_0.scheme_name,
        s1_0.scheme_type,
        s1_0.state,
        s1_0.subsidy_percentage,
        s1_0.target_beneficiaries,
        s1_0.updated_at 
    from
        sess_c05a946fe_schemes s1_0
Hibernate: 
    delete 
    from
        sess_c05a946fe_schemes 
    where
        id=?
Hibernate: 
    delete 
    from
        sess_c05a946fe_schemes 
    where
        id=?
2026-02-21T10:51:38.961+05:30  INFO 32844 --- [scheme-service-test] [           main] c.f.s.controller.AdminSchemeController   : POST /api/v1/admin/schemes - Creating new scheme: PM-Kisan Samman Nidhi
2026-02-21T10:51:38.961+05:30  INFO 32844 --- [scheme-service-test] [           main] c.farmer.scheme.service.SchemeService    : Creating new scheme: PM-Kisan Samman Nidhi
Hibernate: 
    insert 
    into
        sess_c05a946fe_schemes
        (applicable_crops, application_end_date, application_start_date, application_url, benefit_amount, benefit_description, contact_info, created_at, description, eligibility_criteria, is_active, landholding_requirement, max_benefit_amount, scheme_code, scheme_name, scheme_type, state, subsidy_percentage, target_beneficiaries, updated_at, id) 
    values
        (?, ?, ?, ?, ?, ?, ?, ?, ?, ?, ?, ?, ?, ?, ?, ?, ?, ?, ?, ?, default)
]]></system-out>
  </testcase>
  <testcase name="shouldDeactivateSchemeAsAdmin" classname="com.farmer.scheme.AdminSchemeControllerTest" time="0.017">
    <system-out><![CDATA[Hibernate: 
    select
        s1_0.id,
        s1_0.applicable_crops,
        s1_0.application_end_date,
        s1_0.application_start_date,
        s1_0.application_url,
        s1_0.benefit_amount,
        s1_0.benefit_description,
        s1_0.contact_info,
        s1_0.created_at,
        s1_0.description,
        s1_0.eligibility_criteria,
        s1_0.is_active,
        s1_0.landholding_requirement,
        s1_0.max_benefit_amount,
        s1_0.scheme_code,
        s1_0.scheme_name,
        s1_0.scheme_type,
        s1_0.state,
        s1_0.subsidy_percentage,
        s1_0.target_beneficiaries,
        s1_0.updated_at 
    from
        sess_c05a946fe_schemes s1_0
Hibernate: 
    delete 
    from
        sess_c05a946fe_schemes 
    where
        id=?
Hibernate: 
    insert 
    into
        sess_c05a946fe_schemes
        (applicable_crops, application_end_date, application_start_date, application_url, benefit_amount, benefit_description, contact_info, created_at, description, eligibility_criteria, is_active, landholding_requirement, max_benefit_amount, scheme_code, scheme_name, scheme_type, state, subsidy_percentage, target_beneficiaries, updated_at, id) 
    values
        (?, ?, ?, ?, ?, ?, ?, ?, ?, ?, ?, ?, ?, ?, ?, ?, ?, ?, ?, ?, default)
2026-02-21T10:51:38.977+05:30  INFO 32844 --- [scheme-service-test] [           main] c.f.s.controller.AdminSchemeController   : DELETE /api/v1/admin/schemes/12 - Deactivating scheme
2026-02-21T10:51:38.978+05:30  INFO 32844 --- [scheme-service-test] [           main] c.farmer.scheme.service.SchemeService    : Deactivating scheme with id: 12
Hibernate: 
    select
        s1_0.id,
        s1_0.applicable_crops,
        s1_0.application_end_date,
        s1_0.application_start_date,
        s1_0.application_url,
        s1_0.benefit_amount,
        s1_0.benefit_description,
        s1_0.contact_info,
        s1_0.created_at,
        s1_0.description,
        s1_0.eligibility_criteria,
        s1_0.is_active,
        s1_0.landholding_requirement,
        s1_0.max_benefit_amount,
        s1_0.scheme_code,
        s1_0.scheme_name,
        s1_0.scheme_type,
        s1_0.state,
        s1_0.subsidy_percentage,
        s1_0.target_beneficiaries,
        s1_0.updated_at 
    from
        sess_c05a946fe_schemes s1_0 
    where
        s1_0.id=?
Hibernate: 
    update
        sess_c05a946fe_schemes 
    set
        applicable_crops=?,
        application_end_date=?,
        application_start_date=?,
        application_url=?,
        benefit_amount=?,
        benefit_description=?,
        contact_info=?,
        created_at=?,
        description=?,
        eligibility_criteria=?,
        is_active=?,
        landholding_requirement=?,
        max_benefit_amount=?,
        scheme_code=?,
        scheme_name=?,
        scheme_type=?,
        state=?,
        subsidy_percentage=?,
        target_beneficiaries=?,
        updated_at=? 
    where
        id=?
Hibernate: 
    select
        s1_0.id,
        s1_0.applicable_crops,
        s1_0.application_end_date,
        s1_0.application_start_date,
        s1_0.application_url,
        s1_0.benefit_amount,
        s1_0.benefit_description,
        s1_0.contact_info,
        s1_0.created_at,
        s1_0.description,
        s1_0.eligibility_criteria,
        s1_0.is_active,
        s1_0.landholding_requirement,
        s1_0.max_benefit_amount,
        s1_0.scheme_code,
        s1_0.scheme_name,
        s1_0.scheme_type,
        s1_0.state,
        s1_0.subsidy_percentage,
        s1_0.target_beneficiaries,
        s1_0.updated_at 
    from
        sess_c05a946fe_schemes s1_0 
    where
        s1_0.id=?
]]></system-out>
  </testcase>
  <testcase name="shouldCreateSubsidyScheme" classname="com.farmer.scheme.AdminSchemeControllerTest" time="0.013">
    <system-out><![CDATA[Hibernate: 
    select
        s1_0.id,
        s1_0.applicable_crops,
        s1_0.application_end_date,
        s1_0.application_start_date,
        s1_0.application_url,
        s1_0.benefit_amount,
        s1_0.benefit_description,
        s1_0.contact_info,
        s1_0.created_at,
        s1_0.description,
        s1_0.eligibility_criteria,
        s1_0.is_active,
        s1_0.landholding_requirement,
        s1_0.max_benefit_amount,
        s1_0.scheme_code,
        s1_0.scheme_name,
        s1_0.scheme_type,
        s1_0.state,
        s1_0.subsidy_percentage,
        s1_0.target_beneficiaries,
        s1_0.updated_at 
    from
        sess_c05a946fe_schemes s1_0
Hibernate: 
    delete 
    from
        sess_c05a946fe_schemes 
    where
        id=?
2026-02-21T10:51:38.993+05:30  INFO 32844 --- [scheme-service-test] [           main] c.f.s.controller.AdminSchemeController   : POST /api/v1/admin/schemes - Creating new scheme: Micro-Irrigation Subsidy
2026-02-21T10:51:38.993+05:30  INFO 32844 --- [scheme-service-test] [           main] c.farmer.scheme.service.SchemeService    : Creating new scheme: Micro-Irrigation Subsidy
Hibernate: 
    insert 
    into
        sess_c05a946fe_schemes
        (applicable_crops, application_end_date, application_start_date, application_url, benefit_amount, benefit_description, contact_info, created_at, description, eligibility_criteria, is_active, landholding_requirement, max_benefit_amount, scheme_code, scheme_name, scheme_type, state, subsidy_percentage, target_beneficiaries, updated_at, id) 
    values
        (?, ?, ?, ?, ?, ?, ?, ?, ?, ?, ?, ?, ?, ?, ?, ?, ?, ?, ?, ?, default)
]]></system-out>
  </testcase>
  <testcase name="shouldActivateDeactivatedScheme" classname="com.farmer.scheme.AdminSchemeControllerTest" time="0.017">
    <system-out><![CDATA[Hibernate: 
    select
        s1_0.id,
        s1_0.applicable_crops,
        s1_0.application_end_date,
        s1_0.application_start_date,
        s1_0.application_url,
        s1_0.benefit_amount,
        s1_0.benefit_description,
        s1_0.contact_info,
        s1_0.created_at,
        s1_0.description,
        s1_0.eligibility_criteria,
        s1_0.is_active,
        s1_0.landholding_requirement,
        s1_0.max_benefit_amount,
        s1_0.scheme_code,
        s1_0.scheme_name,
        s1_0.scheme_type,
        s1_0.state,
        s1_0.subsidy_percentage,
        s1_0.target_beneficiaries,
        s1_0.updated_at 
    from
        sess_c05a946fe_schemes s1_0
Hibernate: 
    delete 
    from
        sess_c05a946fe_schemes 
    where
        id=?
Hibernate: 
    insert 
    into
        sess_c05a946fe_schemes
        (applicable_crops, application_end_date, application_start_date, application_url, benefit_amount, benefit_description, contact_info, created_at, description, eligibility_criteria, is_active, landholding_requirement, max_benefit_amount, scheme_code, scheme_name, scheme_type, state, subsidy_percentage, target_beneficiaries, updated_at, id) 
    values
        (?, ?, ?, ?, ?, ?, ?, ?, ?, ?, ?, ?, ?, ?, ?, ?, ?, ?, ?, ?, default)
2026-02-21T10:51:39.008+05:30  INFO 32844 --- [scheme-service-test] [           main] c.f.s.controller.AdminSchemeController   : PUT /api/v1/admin/schemes/14/activate - Activating scheme
2026-02-21T10:51:39.008+05:30  INFO 32844 --- [scheme-service-test] [           main] c.farmer.scheme.service.SchemeService    : Activating scheme with id: 14
Hibernate: 
    select
        s1_0.id,
        s1_0.applicable_crops,
        s1_0.application_end_date,
        s1_0.application_start_date,
        s1_0.application_url,
        s1_0.benefit_amount,
        s1_0.benefit_description,
        s1_0.contact_info,
        s1_0.created_at,
        s1_0.description,
        s1_0.eligibility_criteria,
        s1_0.is_active,
        s1_0.landholding_requirement,
        s1_0.max_benefit_amount,
        s1_0.scheme_code,
        s1_0.scheme_name,
        s1_0.scheme_type,
        s1_0.state,
        s1_0.subsidy_percentage,
        s1_0.target_beneficiaries,
        s1_0.updated_at 
    from
        sess_c05a946fe_schemes s1_0 
    where
        s1_0.id=?
Hibernate: 
    update
        sess_c05a946fe_schemes 
    set
        applicable_crops=?,
        application_end_date=?,
        application_start_date=?,
        application_url=?,
        benefit_amount=?,
        benefit_description=?,
        contact_info=?,
        created_at=?,
        description=?,
        eligibility_criteria=?,
        is_active=?,
        landholding_requirement=?,
        max_benefit_amount=?,
        scheme_code=?,
        scheme_name=?,
        scheme_type=?,
        state=?,
        subsidy_percentage=?,
        target_beneficiaries=?,
        updated_at=? 
    where
        id=?
]]></system-out>
  </testcase>
  <testcase name="shouldDenyAccessToFarmerForAdminEndpoints" classname="com.farmer.scheme.AdminSchemeControllerTest" time="0.018">
    <system-out><![CDATA[Hibernate: 
    select
        s1_0.id,
        s1_0.applicable_crops,
        s1_0.application_end_date,
        s1_0.application_start_date,
        s1_0.application_url,
        s1_0.benefit_amount,
        s1_0.benefit_description,
        s1_0.contact_info,
        s1_0.created_at,
        s1_0.description,
        s1_0.eligibility_criteria,
        s1_0.is_active,
        s1_0.landholding_requirement,
        s1_0.max_benefit_amount,
        s1_0.scheme_code,
        s1_0.scheme_name,
        s1_0.scheme_type,
        s1_0.state,
        s1_0.subsidy_percentage,
        s1_0.target_beneficiaries,
        s1_0.updated_at 
    from
        sess_c05a946fe_schemes s1_0
Hibernate: 
    delete 
    from
        sess_c05a946fe_schemes 
    where
        id=?
]]></system-out>
  </testcase>
</testsuite>