-------------------------------------------------------------------------------
Test set: com.farmer.crop.service.NutrientDepletionRiskPropertyTest
-------------------------------------------------------------------------------
Tests run: 11, Failures: 1, Errors: 10, Skipped: 0, Time elapsed: 0.056 s <<< FAILURE! -- in com.farmer.crop.service.NutrientDepletionRiskPropertyTest
com.farmer.crop.service.NutrientDepletionRiskPropertyTest.alternatingFamiliesShouldNotFlagConsecutiveRisks -- Time elapsed: 0.009 s <<< ERROR!
java.lang.NullPointerException: Cannot invoke "com.farmer.crop.service.CropHistoryAnalyzer.analyzeCropHistory(java.util.List)" because "this.analyzer" is null
	at com.farmer.crop.service.NutrientDepletionRiskPropertyTest.alternatingFamiliesShouldNotFlagConsecutiveRisks(NutrientDepletionRiskPropertyTest.java:177)
	at java.base/java.lang.reflect.Method.invoke(Method.java:580)
	at net.jqwik.engine.execution.CheckedPropertyFactory.lambda$createCheckedFunction$1(CheckedPropertyFactory.java:45)
	at net.jqwik.engine.execution.CheckedPropertyFactory.lambda$createCheckedFunction$3(CheckedPropertyFactory.java:51)
	at net.jqwik.engine.properties.GenericProperty.testPredicate(GenericProperty.java:106)
	at net.jqwik.engine.properties.GenericProperty.checkWithoutReporting(GenericProperty.java:71)
	at net.jqwik.engine.properties.GenericProperty.check(GenericProperty.java:39)
	at net.jqwik.engine.execution.CheckedProperty.check(CheckedProperty.java:39)
	at net.jqwik.engine.execution.PropertyMethodExecutor.executeProperty(PropertyMethodExecutor.java:121)
	at net.jqwik.engine.execution.PropertyMethodExecutor.executeMethod(PropertyMethodExecutor.java:109)
	at net.jqwik.engine.execution.PropertyMethodExecutor.lambda$executePropertyMethod$0(PropertyMethodExecutor.java:89)
	at net.jqwik.api.lifecycle.AroundPropertyHook.lambda$static$0(AroundPropertyHook.java:17)
	at net.jqwik.api.lifecycle.AroundPropertyHook.lambda$null$1(AroundPropertyHook.java:32)
	at net.jqwik.engine.execution.lifecycle.AutoCloseableHook.aroundProperty(AutoCloseableHook.java:14)
	at net.jqwik.api.lifecycle.AroundPropertyHook.lambda$around$2(AroundPropertyHook.java:37)
	at net.jqwik.engine.execution.PropertyMethodExecutor.executePropertyMethod(PropertyMethodExecutor.java:87)
	at net.jqwik.engine.execution.PropertyMethodExecutor.execute(PropertyMethodExecutor.java:46)
	at net.jqwik.engine.execution.PropertyTaskCreator.executeTestMethod(PropertyTaskCreator.java:73)
	at net.jqwik.engine.execution.PropertyTaskCreator.lambda$createTask$1(PropertyTaskCreator.java:38)
	at net.jqwik.engine.execution.pipeline.ExecutionTask$1.execute(ExecutionTask.java:24)
	at net.jqwik.engine.execution.pipeline.ExecutionPipeline.runToTermination(ExecutionPipeline.java:81)
	at net.jqwik.engine.execution.JqwikExecutor.execute(JqwikExecutor.java:46)
	at net.jqwik.engine.JqwikTestEngine.executeTests(JqwikTestEngine.java:93)
	at net.jqwik.engine.JqwikTestEngine.execute(JqwikTestEngine.java:82)

com.farmer.crop.service.NutrientDepletionRiskPropertyTest.twoConsecutiveSeasonsShouldFlagRisk -- Time elapsed: 0.006 s <<< ERROR!
java.lang.NullPointerException: Cannot invoke "com.farmer.crop.service.CropHistoryAnalyzer.analyzeCropHistory(java.util.List)" because "this.analyzer" is null
	at com.farmer.crop.service.NutrientDepletionRiskPropertyTest.twoConsecutiveSeasonsShouldFlagRisk(NutrientDepletionRiskPropertyTest.java:143)
	at java.base/java.lang.reflect.Method.invoke(Method.java:580)
	at net.jqwik.engine.execution.CheckedPropertyFactory.lambda$createCheckedFunction$1(CheckedPropertyFactory.java:45)
	at net.jqwik.engine.execution.CheckedPropertyFactory.lambda$createCheckedFunction$3(CheckedPropertyFactory.java:51)
	at net.jqwik.engine.properties.GenericProperty.testPredicate(GenericProperty.java:106)
	at net.jqwik.engine.properties.GenericProperty.checkWithoutReporting(GenericProperty.java:71)
	at net.jqwik.engine.properties.GenericProperty.check(GenericProperty.java:39)
	at net.jqwik.engine.execution.CheckedProperty.check(CheckedProperty.java:39)
	at net.jqwik.engine.execution.PropertyMethodExecutor.executeProperty(PropertyMethodExecutor.java:121)
	at net.jqwik.engine.execution.PropertyMethodExecutor.executeMethod(PropertyMethodExecutor.java:109)
	at net.jqwik.engine.execution.PropertyMethodExecutor.lambda$executePropertyMethod$0(PropertyMethodExecutor.java:89)
	at net.jqwik.api.lifecycle.AroundPropertyHook.lambda$static$0(AroundPropertyHook.java:17)
	at net.jqwik.api.lifecycle.AroundPropertyHook.lambda$null$1(AroundPropertyHook.java:32)
	at net.jqwik.engine.execution.lifecycle.AutoCloseableHook.aroundProperty(AutoCloseableHook.java:14)
	at net.jqwik.api.lifecycle.AroundPropertyHook.lambda$around$2(AroundPropertyHook.java:37)
	at net.jqwik.engine.execution.PropertyMethodExecutor.executePropertyMethod(PropertyMethodExecutor.java:87)
	at net.jqwik.engine.execution.PropertyMethodExecutor.execute(PropertyMethodExecutor.java:46)
	at net.jqwik.engine.execution.PropertyTaskCreator.executeTestMethod(PropertyTaskCreator.java:73)
	at net.jqwik.engine.execution.PropertyTaskCreator.lambda$createTask$1(PropertyTaskCreator.java:38)
	at net.jqwik.engine.execution.pipeline.ExecutionTask$1.execute(ExecutionTask.java:24)
	at net.jqwik.engine.execution.pipeline.ExecutionPipeline.runToTermination(ExecutionPipeline.java:81)
	at net.jqwik.engine.execution.JqwikExecutor.execute(JqwikExecutor.java:46)
	at net.jqwik.engine.JqwikTestEngine.executeTests(JqwikTestEngine.java:93)
	at net.jqwik.engine.JqwikTestEngine.execute(JqwikTestEngine.java:82)

com.farmer.crop.service.NutrientDepletionRiskPropertyTest.threeConsecutiveCerealsShouldFlagRisk -- Time elapsed: 0.005 s <<< ERROR!
java.lang.NullPointerException: Cannot invoke "com.farmer.crop.service.CropHistoryAnalyzer.analyzeCropHistory(java.util.List)" because "this.analyzer" is null
	at com.farmer.crop.service.NutrientDepletionRiskPropertyTest.threeConsecutiveCerealsShouldFlagRisk(NutrientDepletionRiskPropertyTest.java:88)
	at java.base/java.lang.reflect.Method.invoke(Method.java:580)
	at net.jqwik.engine.execution.CheckedPropertyFactory.lambda$createCheckedFunction$1(CheckedPropertyFactory.java:45)
	at net.jqwik.engine.execution.CheckedPropertyFactory.lambda$createCheckedFunction$3(CheckedPropertyFactory.java:51)
	at net.jqwik.engine.properties.GenericProperty.testPredicate(GenericProperty.java:106)
	at net.jqwik.engine.properties.GenericProperty.checkWithoutReporting(GenericProperty.java:71)
	at net.jqwik.engine.properties.GenericProperty.check(GenericProperty.java:39)
	at net.jqwik.engine.execution.CheckedProperty.check(CheckedProperty.java:39)
	at net.jqwik.engine.execution.PropertyMethodExecutor.executeProperty(PropertyMethodExecutor.java:121)
	at net.jqwik.engine.execution.PropertyMethodExecutor.executeMethod(PropertyMethodExecutor.java:109)
	at net.jqwik.engine.execution.PropertyMethodExecutor.lambda$executePropertyMethod$0(PropertyMethodExecutor.java:89)
	at net.jqwik.api.lifecycle.AroundPropertyHook.lambda$static$0(AroundPropertyHook.java:17)
	at net.jqwik.api.lifecycle.AroundPropertyHook.lambda$null$1(AroundPropertyHook.java:32)
	at net.jqwik.engine.execution.lifecycle.AutoCloseableHook.aroundProperty(AutoCloseableHook.java:14)
	at net.jqwik.api.lifecycle.AroundPropertyHook.lambda$around$2(AroundPropertyHook.java:37)
	at net.jqwik.engine.execution.PropertyMethodExecutor.executePropertyMethod(PropertyMethodExecutor.java:87)
	at net.jqwik.engine.execution.PropertyMethodExecutor.execute(PropertyMethodExecutor.java:46)
	at net.jqwik.engine.execution.PropertyTaskCreator.executeTestMethod(PropertyTaskCreator.java:73)
	at net.jqwik.engine.execution.PropertyTaskCreator.lambda$createTask$1(PropertyTaskCreator.java:38)
	at net.jqwik.engine.execution.pipeline.ExecutionTask$1.execute(ExecutionTask.java:24)
	at net.jqwik.engine.execution.pipeline.ExecutionPipeline.runToTermination(ExecutionPipeline.java:81)
	at net.jqwik.engine.execution.JqwikExecutor.execute(JqwikExecutor.java:46)
	at net.jqwik.engine.JqwikTestEngine.executeTests(JqwikTestEngine.java:93)
	at net.jqwik.engine.JqwikTestEngine.execute(JqwikTestEngine.java:82)

com.farmer.crop.service.NutrientDepletionRiskPropertyTest.severityIncreasesWithConsecutiveCount -- Time elapsed: 0.005 s <<< ERROR!
java.lang.NullPointerException: Cannot invoke "com.farmer.crop.service.CropHistoryAnalyzer.analyzeCropHistory(java.util.List)" because "this.analyzer" is null
	at com.farmer.crop.service.NutrientDepletionRiskPropertyTest.severityIncreasesWithConsecutiveCount(NutrientDepletionRiskPropertyTest.java:216)
	at java.base/java.lang.reflect.Method.invoke(Method.java:580)
	at net.jqwik.engine.execution.CheckedPropertyFactory.lambda$createCheckedFunction$1(CheckedPropertyFactory.java:45)
	at net.jqwik.engine.execution.CheckedPropertyFactory.lambda$createCheckedFunction$3(CheckedPropertyFactory.java:51)
	at net.jqwik.engine.properties.GenericProperty.testPredicate(GenericProperty.java:106)
	at net.jqwik.engine.properties.GenericProperty.checkWithoutReporting(GenericProperty.java:71)
	at net.jqwik.engine.properties.GenericProperty.check(GenericProperty.java:39)
	at net.jqwik.engine.execution.CheckedProperty.check(CheckedProperty.java:39)
	at net.jqwik.engine.execution.PropertyMethodExecutor.executeProperty(PropertyMethodExecutor.java:121)
	at net.jqwik.engine.execution.PropertyMethodExecutor.executeMethod(PropertyMethodExecutor.java:109)
	at net.jqwik.engine.execution.PropertyMethodExecutor.lambda$executePropertyMethod$0(PropertyMethodExecutor.java:89)
	at net.jqwik.api.lifecycle.AroundPropertyHook.lambda$static$0(AroundPropertyHook.java:17)
	at net.jqwik.api.lifecycle.AroundPropertyHook.lambda$null$1(AroundPropertyHook.java:32)
	at net.jqwik.engine.execution.lifecycle.AutoCloseableHook.aroundProperty(AutoCloseableHook.java:14)
	at net.jqwik.api.lifecycle.AroundPropertyHook.lambda$around$2(AroundPropertyHook.java:37)
	at net.jqwik.engine.execution.PropertyMethodExecutor.executePropertyMethod(PropertyMethodExecutor.java:87)
	at net.jqwik.engine.execution.PropertyMethodExecutor.execute(PropertyMethodExecutor.java:46)
	at net.jqwik.engine.execution.PropertyTaskCreator.executeTestMethod(PropertyTaskCreator.java:73)
	at net.jqwik.engine.execution.PropertyTaskCreator.lambda$createTask$1(PropertyTaskCreator.java:38)
	at net.jqwik.engine.execution.pipeline.ExecutionTask$1.execute(ExecutionTask.java:24)
	at net.jqwik.engine.execution.pipeline.ExecutionPipeline.runToTermination(ExecutionPipeline.java:81)
	at net.jqwik.engine.execution.JqwikExecutor.execute(JqwikExecutor.java:46)
	at net.jqwik.engine.JqwikTestEngine.executeTests(JqwikTestEngine.java:93)
	at net.jqwik.engine.JqwikTestEngine.execute(JqwikTestEngine.java:82)

com.farmer.crop.service.NutrientDepletionRiskPropertyTest.threeConsecutiveLegumesShouldFlagRisk -- Time elapsed: 0.004 s <<< ERROR!
java.lang.NullPointerException: Cannot invoke "com.farmer.crop.service.CropHistoryAnalyzer.analyzeCropHistory(java.util.List)" because "this.analyzer" is null
	at com.farmer.crop.service.NutrientDepletionRiskPropertyTest.threeConsecutiveLegumesShouldFlagRisk(NutrientDepletionRiskPropertyTest.java:118)
	at java.base/java.lang.reflect.Method.invoke(Method.java:580)
	at net.jqwik.engine.execution.CheckedPropertyFactory.lambda$createCheckedFunction$1(CheckedPropertyFactory.java:45)
	at net.jqwik.engine.execution.CheckedPropertyFactory.lambda$createCheckedFunction$3(CheckedPropertyFactory.java:51)
	at net.jqwik.engine.properties.GenericProperty.testPredicate(GenericProperty.java:106)
	at net.jqwik.engine.properties.GenericProperty.checkWithoutReporting(GenericProperty.java:71)
	at net.jqwik.engine.properties.GenericProperty.check(GenericProperty.java:39)
	at net.jqwik.engine.execution.CheckedProperty.check(CheckedProperty.java:39)
	at net.jqwik.engine.execution.PropertyMethodExecutor.executeProperty(PropertyMethodExecutor.java:121)
	at net.jqwik.engine.execution.PropertyMethodExecutor.executeMethod(PropertyMethodExecutor.java:109)
	at net.jqwik.engine.execution.PropertyMethodExecutor.lambda$executePropertyMethod$0(PropertyMethodExecutor.java:89)
	at net.jqwik.api.lifecycle.AroundPropertyHook.lambda$static$0(AroundPropertyHook.java:17)
	at net.jqwik.api.lifecycle.AroundPropertyHook.lambda$null$1(AroundPropertyHook.java:32)
	at net.jqwik.engine.execution.lifecycle.AutoCloseableHook.aroundProperty(AutoCloseableHook.java:14)
	at net.jqwik.api.lifecycle.AroundPropertyHook.lambda$around$2(AroundPropertyHook.java:37)
	at net.jqwik.engine.execution.PropertyMethodExecutor.executePropertyMethod(PropertyMethodExecutor.java:87)
	at net.jqwik.engine.execution.PropertyMethodExecutor.execute(PropertyMethodExecutor.java:46)
	at net.jqwik.engine.execution.PropertyTaskCreator.executeTestMethod(PropertyTaskCreator.java:73)
	at net.jqwik.engine.execution.PropertyTaskCreator.lambda$createTask$1(PropertyTaskCreator.java:38)
	at net.jqwik.engine.execution.pipeline.ExecutionTask$1.execute(ExecutionTask.java:24)
	at net.jqwik.engine.execution.pipeline.ExecutionPipeline.runToTermination(ExecutionPipeline.java:81)
	at net.jqwik.engine.execution.JqwikExecutor.execute(JqwikExecutor.java:46)
	at net.jqwik.engine.JqwikTestEngine.executeTests(JqwikTestEngine.java:93)
	at net.jqwik.engine.JqwikTestEngine.execute(JqwikTestEngine.java:82)

com.farmer.crop.service.NutrientDepletionRiskPropertyTest.correctlyIdentifiesRootDepths -- Time elapsed: 0.003 s <<< ERROR!
java.lang.NullPointerException: Cannot invoke "com.farmer.crop.service.CropHistoryAnalyzer.analyzeCropHistory(java.util.List)" because "this.analyzer" is null
	at com.farmer.crop.service.NutrientDepletionRiskPropertyTest.correctlyIdentifiesRootDepths(NutrientDepletionRiskPropertyTest.java:388)
	at java.base/java.lang.reflect.Method.invoke(Method.java:580)
	at net.jqwik.engine.execution.CheckedPropertyFactory.lambda$createCheckedFunction$1(CheckedPropertyFactory.java:45)
	at net.jqwik.engine.execution.CheckedPropertyFactory.lambda$createCheckedFunction$3(CheckedPropertyFactory.java:51)
	at net.jqwik.engine.properties.GenericProperty.testPredicate(GenericProperty.java:106)
	at net.jqwik.engine.properties.GenericProperty.checkWithoutReporting(GenericProperty.java:71)
	at net.jqwik.engine.properties.GenericProperty.check(GenericProperty.java:39)
	at net.jqwik.engine.execution.CheckedProperty.check(CheckedProperty.java:39)
	at net.jqwik.engine.execution.PropertyMethodExecutor.executeProperty(PropertyMethodExecutor.java:121)
	at net.jqwik.engine.execution.PropertyMethodExecutor.executeMethod(PropertyMethodExecutor.java:109)
	at net.jqwik.engine.execution.PropertyMethodExecutor.lambda$executePropertyMethod$0(PropertyMethodExecutor.java:89)
	at net.jqwik.api.lifecycle.AroundPropertyHook.lambda$static$0(AroundPropertyHook.java:17)
	at net.jqwik.api.lifecycle.AroundPropertyHook.lambda$null$1(AroundPropertyHook.java:32)
	at net.jqwik.engine.execution.lifecycle.AutoCloseableHook.aroundProperty(AutoCloseableHook.java:14)
	at net.jqwik.api.lifecycle.AroundPropertyHook.lambda$around$2(AroundPropertyHook.java:37)
	at net.jqwik.engine.execution.PropertyMethodExecutor.executePropertyMethod(PropertyMethodExecutor.java:87)
	at net.jqwik.engine.execution.PropertyMethodExecutor.execute(PropertyMethodExecutor.java:46)
	at net.jqwik.engine.execution.PropertyTaskCreator.executeTestMethod(PropertyTaskCreator.java:73)
	at net.jqwik.engine.execution.PropertyTaskCreator.lambda$createTask$1(PropertyTaskCreator.java:38)
	at net.jqwik.engine.execution.pipeline.ExecutionTask$1.execute(ExecutionTask.java:24)
	at net.jqwik.engine.execution.pipeline.ExecutionPipeline.runToTermination(ExecutionPipeline.java:81)
	at net.jqwik.engine.execution.JqwikExecutor.execute(JqwikExecutor.java:46)
	at net.jqwik.engine.JqwikTestEngine.executeTests(JqwikTestEngine.java:93)
	at net.jqwik.engine.JqwikTestEngine.execute(JqwikTestEngine.java:82)

com.farmer.crop.service.NutrientDepletionRiskPropertyTest.correctlyIdentifiesCropFamilies -- Time elapsed: 0.002 s <<< ERROR!
java.lang.NullPointerException: Cannot invoke "com.farmer.crop.service.CropHistoryAnalyzer.analyzeCropHistory(java.util.List)" because "this.analyzer" is null
	at com.farmer.crop.service.NutrientDepletionRiskPropertyTest.correctlyIdentifiesCropFamilies(NutrientDepletionRiskPropertyTest.java:366)
	at java.base/java.lang.reflect.Method.invoke(Method.java:580)
	at net.jqwik.engine.execution.CheckedPropertyFactory.lambda$createCheckedFunction$1(CheckedPropertyFactory.java:45)
	at net.jqwik.engine.execution.CheckedPropertyFactory.lambda$createCheckedFunction$3(CheckedPropertyFactory.java:51)
	at net.jqwik.engine.properties.GenericProperty.testPredicate(GenericProperty.java:106)
	at net.jqwik.engine.properties.GenericProperty.checkWithoutReporting(GenericProperty.java:71)
	at net.jqwik.engine.properties.GenericProperty.check(GenericProperty.java:39)
	at net.jqwik.engine.execution.CheckedProperty.check(CheckedProperty.java:39)
	at net.jqwik.engine.execution.PropertyMethodExecutor.executeProperty(PropertyMethodExecutor.java:121)
	at net.jqwik.engine.execution.PropertyMethodExecutor.executeMethod(PropertyMethodExecutor.java:109)
	at net.jqwik.engine.execution.PropertyMethodExecutor.lambda$executePropertyMethod$0(PropertyMethodExecutor.java:89)
	at net.jqwik.api.lifecycle.AroundPropertyHook.lambda$static$0(AroundPropertyHook.java:17)
	at net.jqwik.api.lifecycle.AroundPropertyHook.lambda$null$1(AroundPropertyHook.java:32)
	at net.jqwik.engine.execution.lifecycle.AutoCloseableHook.aroundProperty(AutoCloseableHook.java:14)
	at net.jqwik.api.lifecycle.AroundPropertyHook.lambda$around$2(AroundPropertyHook.java:37)
	at net.jqwik.engine.execution.PropertyMethodExecutor.executePropertyMethod(PropertyMethodExecutor.java:87)
	at net.jqwik.engine.execution.PropertyMethodExecutor.execute(PropertyMethodExecutor.java:46)
	at net.jqwik.engine.execution.PropertyTaskCreator.executeTestMethod(PropertyTaskCreator.java:73)
	at net.jqwik.engine.execution.PropertyTaskCreator.lambda$createTask$1(PropertyTaskCreator.java:38)
	at net.jqwik.engine.execution.pipeline.ExecutionTask$1.execute(ExecutionTask.java:24)
	at net.jqwik.engine.execution.pipeline.ExecutionPipeline.runToTermination(ExecutionPipeline.java:81)
	at net.jqwik.engine.execution.JqwikExecutor.execute(JqwikExecutor.java:46)
	at net.jqwik.engine.JqwikTestEngine.executeTests(JqwikTestEngine.java:93)
	at net.jqwik.engine.JqwikTestEngine.execute(JqwikTestEngine.java:82)

com.farmer.crop.service.NutrientDepletionRiskPropertyTest.helperMethodsDetectMonocultureCorrectly -- Time elapsed: 0.005 s <<< ERROR!
java.lang.NullPointerException: Cannot invoke "com.farmer.crop.service.CropHistoryAnalyzer.hasConsecutiveMonoculture(java.util.List)" because "this.analyzer" is null
	at com.farmer.crop.service.NutrientDepletionRiskPropertyTest.helperMethodsDetectMonocultureCorrectly(NutrientDepletionRiskPropertyTest.java:323)
	at java.base/java.lang.reflect.Method.invoke(Method.java:580)
	at net.jqwik.engine.execution.CheckedPropertyFactory.lambda$createCheckedFunction$1(CheckedPropertyFactory.java:45)
	at net.jqwik.engine.execution.CheckedPropertyFactory.lambda$createCheckedFunction$3(CheckedPropertyFactory.java:51)
	at net.jqwik.engine.properties.GenericProperty.testPredicate(GenericProperty.java:106)
	at net.jqwik.engine.properties.GenericProperty.checkWithoutReporting(GenericProperty.java:71)
	at net.jqwik.engine.properties.GenericProperty.check(GenericProperty.java:39)
	at net.jqwik.engine.execution.CheckedProperty.check(CheckedProperty.java:39)
	at net.jqwik.engine.execution.PropertyMethodExecutor.executeProperty(PropertyMethodExecutor.java:121)
	at net.jqwik.engine.execution.PropertyMethodExecutor.executeMethod(PropertyMethodExecutor.java:109)
	at net.jqwik.engine.execution.PropertyMethodExecutor.lambda$executePropertyMethod$0(PropertyMethodExecutor.java:89)
	at net.jqwik.api.lifecycle.AroundPropertyHook.lambda$static$0(AroundPropertyHook.java:17)
	at net.jqwik.api.lifecycle.AroundPropertyHook.lambda$null$1(AroundPropertyHook.java:32)
	at net.jqwik.engine.execution.lifecycle.AutoCloseableHook.aroundProperty(AutoCloseableHook.java:14)
	at net.jqwik.api.lifecycle.AroundPropertyHook.lambda$around$2(AroundPropertyHook.java:37)
	at net.jqwik.engine.execution.PropertyMethodExecutor.executePropertyMethod(PropertyMethodExecutor.java:87)
	at net.jqwik.engine.execution.PropertyMethodExecutor.execute(PropertyMethodExecutor.java:46)
	at net.jqwik.engine.execution.PropertyTaskCreator.executeTestMethod(PropertyTaskCreator.java:73)
	at net.jqwik.engine.execution.PropertyTaskCreator.lambda$createTask$1(PropertyTaskCreator.java:38)
	at net.jqwik.engine.execution.pipeline.ExecutionTask$1.execute(ExecutionTask.java:24)
	at net.jqwik.engine.execution.pipeline.ExecutionPipeline.runToTermination(ExecutionPipeline.java:81)
	at net.jqwik.engine.execution.JqwikExecutor.execute(JqwikExecutor.java:46)
	at net.jqwik.engine.JqwikTestEngine.executeTests(JqwikTestEngine.java:93)
	at net.jqwik.engine.JqwikTestEngine.execute(JqwikTestEngine.java:82)

com.farmer.crop.service.NutrientDepletionRiskPropertyTest.recommendationsGeneratedForRisks -- Time elapsed: 0.004 s <<< ERROR!
java.lang.NullPointerException: Cannot invoke "com.farmer.crop.service.CropHistoryAnalyzer.analyzeCropHistory(java.util.List)" because "this.analyzer" is null
	at com.farmer.crop.service.NutrientDepletionRiskPropertyTest.recommendationsGeneratedForRisks(NutrientDepletionRiskPropertyTest.java:296)
	at java.base/java.lang.reflect.Method.invoke(Method.java:580)
	at net.jqwik.engine.execution.CheckedPropertyFactory.lambda$createCheckedFunction$1(CheckedPropertyFactory.java:45)
	at net.jqwik.engine.execution.CheckedPropertyFactory.lambda$createCheckedFunction$3(CheckedPropertyFactory.java:51)
	at net.jqwik.engine.properties.GenericProperty.testPredicate(GenericProperty.java:106)
	at net.jqwik.engine.properties.GenericProperty.checkWithoutReporting(GenericProperty.java:71)
	at net.jqwik.engine.properties.GenericProperty.check(GenericProperty.java:39)
	at net.jqwik.engine.execution.CheckedProperty.check(CheckedProperty.java:39)
	at net.jqwik.engine.execution.PropertyMethodExecutor.executeProperty(PropertyMethodExecutor.java:121)
	at net.jqwik.engine.execution.PropertyMethodExecutor.executeMethod(PropertyMethodExecutor.java:109)
	at net.jqwik.engine.execution.PropertyMethodExecutor.lambda$executePropertyMethod$0(PropertyMethodExecutor.java:89)
	at net.jqwik.api.lifecycle.AroundPropertyHook.lambda$static$0(AroundPropertyHook.java:17)
	at net.jqwik.api.lifecycle.AroundPropertyHook.lambda$null$1(AroundPropertyHook.java:32)
	at net.jqwik.engine.execution.lifecycle.AutoCloseableHook.aroundProperty(AutoCloseableHook.java:14)
	at net.jqwik.api.lifecycle.AroundPropertyHook.lambda$around$2(AroundPropertyHook.java:37)
	at net.jqwik.engine.execution.PropertyMethodExecutor.executePropertyMethod(PropertyMethodExecutor.java:87)
	at net.jqwik.engine.execution.PropertyMethodExecutor.execute(PropertyMethodExecutor.java:46)
	at net.jqwik.engine.execution.PropertyTaskCreator.executeTestMethod(PropertyTaskCreator.java:73)
	at net.jqwik.engine.execution.PropertyTaskCreator.lambda$createTask$1(PropertyTaskCreator.java:38)
	at net.jqwik.engine.execution.pipeline.ExecutionTask$1.execute(ExecutionTask.java:24)
	at net.jqwik.engine.execution.pipeline.ExecutionPipeline.runToTermination(ExecutionPipeline.java:81)
	at net.jqwik.engine.execution.JqwikExecutor.execute(JqwikExecutor.java:46)
	at net.jqwik.engine.JqwikTestEngine.executeTests(JqwikTestEngine.java:93)
	at net.jqwik.engine.JqwikTestEngine.execute(JqwikTestEngine.java:82)

com.farmer.crop.service.NutrientDepletionRiskPropertyTest.handlesInsufficientHistoryGracefully -- Time elapsed: 0.004 s <<< FAILURE!
org.opentest4j.AssertionFailedError: Unexpected exception thrown: java.lang.NullPointerException: Cannot invoke "com.farmer.crop.service.CropHistoryAnalyzer.analyzeCropHistory(java.util.List)" because "this.analyzer" is null
	at org.junit.jupiter.api.AssertionFailureBuilder.build(AssertionFailureBuilder.java:152)
	at org.junit.jupiter.api.AssertDoesNotThrow.createAssertionFailedError(AssertDoesNotThrow.java:84)
	at org.junit.jupiter.api.AssertDoesNotThrow.assertDoesNotThrow(AssertDoesNotThrow.java:75)
	at org.junit.jupiter.api.AssertDoesNotThrow.assertDoesNotThrow(AssertDoesNotThrow.java:58)
	at org.junit.jupiter.api.Assertions.assertDoesNotThrow(Assertions.java:3228)
	at com.farmer.crop.service.NutrientDepletionRiskPropertyTest.handlesInsufficientHistoryGracefully(NutrientDepletionRiskPropertyTest.java:344)
	at java.base/java.lang.reflect.Method.invoke(Method.java:580)
	at net.jqwik.engine.execution.CheckedPropertyFactory.lambda$createCheckedFunction$1(CheckedPropertyFactory.java:45)
	at net.jqwik.engine.execution.CheckedPropertyFactory.lambda$createCheckedFunction$3(CheckedPropertyFactory.java:51)
	at net.jqwik.engine.properties.GenericProperty.testPredicate(GenericProperty.java:106)
	at net.jqwik.engine.properties.GenericProperty.checkWithoutReporting(GenericProperty.java:71)
	at net.jqwik.engine.properties.GenericProperty.check(GenericProperty.java:39)
	at net.jqwik.engine.execution.CheckedProperty.check(CheckedProperty.java:39)
	at net.jqwik.engine.execution.PropertyMethodExecutor.executeProperty(PropertyMethodExecutor.java:121)
	at net.jqwik.engine.execution.PropertyMethodExecutor.executeMethod(PropertyMethodExecutor.java:109)
	at net.jqwik.engine.execution.PropertyMethodExecutor.lambda$executePropertyMethod$0(PropertyMethodExecutor.java:89)
	at net.jqwik.api.lifecycle.AroundPropertyHook.lambda$static$0(AroundPropertyHook.java:17)
	at net.jqwik.api.lifecycle.AroundPropertyHook.lambda$null$1(AroundPropertyHook.java:32)
	at net.jqwik.engine.execution.lifecycle.AutoCloseableHook.aroundProperty(AutoCloseableHook.java:14)
	at net.jqwik.api.lifecycle.AroundPropertyHook.lambda$around$2(AroundPropertyHook.java:37)
	at net.jqwik.engine.execution.PropertyMethodExecutor.executePropertyMethod(PropertyMethodExecutor.java:87)
	at net.jqwik.engine.execution.PropertyMethodExecutor.execute(PropertyMethodExecutor.java:46)
	at net.jqwik.engine.execution.PropertyTaskCreator.executeTestMethod(PropertyTaskCreator.java:73)
	at net.jqwik.engine.execution.PropertyTaskCreator.lambda$createTask$1(PropertyTaskCreator.java:38)
	at net.jqwik.engine.execution.pipeline.ExecutionTask$1.execute(ExecutionTask.java:24)
	at net.jqwik.engine.execution.pipeline.ExecutionPipeline.runToTermination(ExecutionPipeline.java:81)
	at net.jqwik.engine.execution.JqwikExecutor.execute(JqwikExecutor.java:46)
	at net.jqwik.engine.JqwikTestEngine.executeTests(JqwikTestEngine.java:93)
	at net.jqwik.engine.JqwikTestEngine.execute(JqwikTestEngine.java:82)
Caused by: java.lang.NullPointerException: Cannot invoke "com.farmer.crop.service.CropHistoryAnalyzer.analyzeCropHistory(java.util.List)" because "this.analyzer" is null
	at com.farmer.crop.service.NutrientDepletionRiskPropertyTest.lambda$2(NutrientDepletionRiskPropertyTest.java:344)
	at org.junit.jupiter.api.AssertDoesNotThrow.assertDoesNotThrow(AssertDoesNotThrow.java:71)
	... 26 more

com.farmer.crop.service.NutrientDepletionRiskPropertyTest.differentFamiliesHaveDifferentAffectedNutrients -- Time elapsed: 0.004 s <<< ERROR!
java.lang.NullPointerException: Cannot invoke "com.farmer.crop.service.CropHistoryAnalyzer.analyzeCropHistory(java.util.List)" because "this.analyzer" is null
	at com.farmer.crop.service.NutrientDepletionRiskPropertyTest.differentFamiliesHaveDifferentAffectedNutrients(NutrientDepletionRiskPropertyTest.java:256)
	at java.base/java.lang.reflect.Method.invoke(Method.java:580)
	at net.jqwik.engine.execution.CheckedPropertyFactory.lambda$createCheckedFunction$1(CheckedPropertyFactory.java:45)
	at net.jqwik.engine.execution.CheckedPropertyFactory.lambda$createCheckedFunction$3(CheckedPropertyFactory.java:51)
	at net.jqwik.engine.properties.GenericProperty.testPredicate(GenericProperty.java:106)
	at net.jqwik.engine.properties.GenericProperty.checkWithoutReporting(GenericProperty.java:71)
	at net.jqwik.engine.properties.GenericProperty.check(GenericProperty.java:39)
	at net.jqwik.engine.execution.CheckedProperty.check(CheckedProperty.java:39)
	at net.jqwik.engine.execution.PropertyMethodExecutor.executeProperty(PropertyMethodExecutor.java:121)
	at net.jqwik.engine.execution.PropertyMethodExecutor.executeMethod(PropertyMethodExecutor.java:109)
	at net.jqwik.engine.execution.PropertyMethodExecutor.lambda$executePropertyMethod$0(PropertyMethodExecutor.java:89)
	at net.jqwik.api.lifecycle.AroundPropertyHook.lambda$static$0(AroundPropertyHook.java:17)
	at net.jqwik.api.lifecycle.AroundPropertyHook.lambda$null$1(AroundPropertyHook.java:32)
	at net.jqwik.engine.execution.lifecycle.AutoCloseableHook.aroundProperty(AutoCloseableHook.java:14)
	at net.jqwik.api.lifecycle.AroundPropertyHook.lambda$around$2(AroundPropertyHook.java:37)
	at net.jqwik.engine.execution.PropertyMethodExecutor.executePropertyMethod(PropertyMethodExecutor.java:87)
	at net.jqwik.engine.execution.PropertyMethodExecutor.execute(PropertyMethodExecutor.java:46)
	at net.jqwik.engine.execution.PropertyTaskCreator.executeTestMethod(PropertyTaskCreator.java:73)
	at net.jqwik.engine.execution.PropertyTaskCreator.lambda$createTask$1(PropertyTaskCreator.java:38)
	at net.jqwik.engine.execution.pipeline.ExecutionTask$1.execute(ExecutionTask.java:24)
	at net.jqwik.engine.execution.pipeline.ExecutionPipeline.runToTermination(ExecutionPipeline.java:81)
	at net.jqwik.engine.execution.JqwikExecutor.execute(JqwikExecutor.java:46)
	at net.jqwik.engine.JqwikTestEngine.executeTests(JqwikTestEngine.java:93)
	at net.jqwik.engine.JqwikTestEngine.execute(JqwikTestEngine.java:82)

