-------------------------------------------------------------------------------
Test set: com.farmer.crop.service.RotationRecommendationPropertyTest
-------------------------------------------------------------------------------
Tests run: 10, Failures: 0, Errors: 10, Skipped: 0, Time elapsed: 0.090 s <<< FAILURE! -- in com.farmer.crop.service.RotationRecommendationPropertyTest
com.farmer.crop.service.RotationRecommendationPropertyTest.Legume recommendations should not follow legumes in rotation -- Time elapsed: 0.031 s <<< ERROR!
java.lang.NullPointerException: Cannot invoke "com.farmer.crop.service.RotationRecommendationEngine.generateRecommendations(com.farmer.crop.dto.RotationRecommendationRequestDto)" because "this.engine" is null
	at com.farmer.crop.service.RotationRecommendationPropertyTest.legumeRecommendationsShouldNotFollowLegumes(RotationRecommendationPropertyTest.java:142)
	at java.base/java.lang.reflect.Method.invoke(Method.java:580)
	at net.jqwik.engine.execution.CheckedPropertyFactory.lambda$createCheckedFunction$1(CheckedPropertyFactory.java:45)
	at net.jqwik.engine.execution.CheckedPropertyFactory.lambda$createCheckedFunction$3(CheckedPropertyFactory.java:51)
	at net.jqwik.engine.properties.GenericProperty.testPredicate(GenericProperty.java:106)
	at net.jqwik.engine.properties.GenericProperty.checkWithoutReporting(GenericProperty.java:71)
	at net.jqwik.engine.properties.GenericProperty.check(GenericProperty.java:39)
	at net.jqwik.engine.execution.CheckedProperty.check(CheckedProperty.java:39)
	at net.jqwik.engine.execution.PropertyMethodExecutor.executeProperty(PropertyMethodExecutor.java:121)
	at net.jqwik.engine.execution.PropertyMethodExecutor.executeMethod(PropertyMethodExecutor.java:109)
	at net.jqwik.engine.execution.PropertyMethodExecutor.lambda$executePropertyMethod$0(PropertyMethodExecutor.java:89)
	at net.jqwik.api.lifecycle.AroundPropertyHook.lambda$static$0(AroundPropertyHook.java:17)
	at net.jqwik.api.lifecycle.AroundPropertyHook.lambda$null$1(AroundPropertyHook.java:32)
	at net.jqwik.engine.execution.lifecycle.AutoCloseableHook.aroundProperty(AutoCloseableHook.java:14)
	at net.jqwik.api.lifecycle.AroundPropertyHook.lambda$around$2(AroundPropertyHook.java:37)
	at net.jqwik.engine.execution.PropertyMethodExecutor.executePropertyMethod(PropertyMethodExecutor.java:87)
	at net.jqwik.engine.execution.PropertyMethodExecutor.execute(PropertyMethodExecutor.java:46)
	at net.jqwik.engine.execution.PropertyTaskCreator.executeTestMethod(PropertyTaskCreator.java:73)
	at net.jqwik.engine.execution.PropertyTaskCreator.lambda$createTask$1(PropertyTaskCreator.java:38)
	at net.jqwik.engine.execution.pipeline.ExecutionTask$1.execute(ExecutionTask.java:24)
	at net.jqwik.engine.execution.pipeline.ExecutionPipeline.runToTermination(ExecutionPipeline.java:81)
	at net.jqwik.engine.execution.JqwikExecutor.execute(JqwikExecutor.java:46)
	at net.jqwik.engine.JqwikTestEngine.executeTests(JqwikTestEngine.java:93)
	at net.jqwik.engine.JqwikTestEngine.execute(JqwikTestEngine.java:82)

com.farmer.crop.service.RotationRecommendationPropertyTest.Rice diversification should include pulses and oilseeds -- Time elapsed: 0.006 s <<< ERROR!
java.lang.NullPointerException: Cannot invoke "com.farmer.crop.service.RotationRecommendationEngine.generateRecommendations(com.farmer.crop.dto.RotationRecommendationRequestDto)" because "this.engine" is null
	at com.farmer.crop.service.RotationRecommendationPropertyTest.riceDiversificationShouldIncludeKeyCrops(RotationRecommendationPropertyTest.java:267)
	at java.base/java.lang.reflect.Method.invoke(Method.java:580)
	at net.jqwik.engine.execution.CheckedPropertyFactory.lambda$createCheckedFunction$1(CheckedPropertyFactory.java:45)
	at net.jqwik.engine.execution.CheckedPropertyFactory.lambda$createCheckedFunction$3(CheckedPropertyFactory.java:51)
	at net.jqwik.engine.properties.GenericProperty.testPredicate(GenericProperty.java:106)
	at net.jqwik.engine.properties.GenericProperty.checkWithoutReporting(GenericProperty.java:71)
	at net.jqwik.engine.properties.GenericProperty.check(GenericProperty.java:39)
	at net.jqwik.engine.execution.CheckedProperty.check(CheckedProperty.java:39)
	at net.jqwik.engine.execution.PropertyMethodExecutor.executeProperty(PropertyMethodExecutor.java:121)
	at net.jqwik.engine.execution.PropertyMethodExecutor.executeMethod(PropertyMethodExecutor.java:109)
	at net.jqwik.engine.execution.PropertyMethodExecutor.lambda$executePropertyMethod$0(PropertyMethodExecutor.java:89)
	at net.jqwik.api.lifecycle.AroundPropertyHook.lambda$static$0(AroundPropertyHook.java:17)
	at net.jqwik.api.lifecycle.AroundPropertyHook.lambda$null$1(AroundPropertyHook.java:32)
	at net.jqwik.engine.execution.lifecycle.AutoCloseableHook.aroundProperty(AutoCloseableHook.java:14)
	at net.jqwik.api.lifecycle.AroundPropertyHook.lambda$around$2(AroundPropertyHook.java:37)
	at net.jqwik.engine.execution.PropertyMethodExecutor.executePropertyMethod(PropertyMethodExecutor.java:87)
	at net.jqwik.engine.execution.PropertyMethodExecutor.execute(PropertyMethodExecutor.java:46)
	at net.jqwik.engine.execution.PropertyTaskCreator.executeTestMethod(PropertyTaskCreator.java:73)
	at net.jqwik.engine.execution.PropertyTaskCreator.lambda$createTask$1(PropertyTaskCreator.java:38)
	at net.jqwik.engine.execution.pipeline.ExecutionTask$1.execute(ExecutionTask.java:24)
	at net.jqwik.engine.execution.pipeline.ExecutionPipeline.runToTermination(ExecutionPipeline.java:81)
	at net.jqwik.engine.execution.JqwikExecutor.execute(JqwikExecutor.java:46)
	at net.jqwik.engine.JqwikTestEngine.executeTests(JqwikTestEngine.java:93)
	at net.jqwik.engine.JqwikTestEngine.execute(JqwikTestEngine.java:82)

com.farmer.crop.service.RotationRecommendationPropertyTest.All rotation options should have valid scores between 0 and 100 -- Time elapsed: 0.007 s <<< ERROR!
java.lang.NullPointerException: Cannot invoke "com.farmer.crop.service.RotationRecommendationEngine.generateRecommendations(com.farmer.crop.dto.RotationRecommendationRequestDto)" because "this.engine" is null
	at com.farmer.crop.service.RotationRecommendationPropertyTest.allOptionsShouldHaveValidScores(RotationRecommendationPropertyTest.java:54)
	at java.base/java.lang.reflect.Method.invoke(Method.java:580)
	at net.jqwik.engine.execution.CheckedPropertyFactory.lambda$createCheckedFunction$1(CheckedPropertyFactory.java:45)
	at net.jqwik.engine.execution.CheckedPropertyFactory.lambda$createCheckedFunction$3(CheckedPropertyFactory.java:51)
	at net.jqwik.engine.properties.GenericProperty.testPredicate(GenericProperty.java:106)
	at net.jqwik.engine.properties.GenericProperty.checkWithoutReporting(GenericProperty.java:71)
	at net.jqwik.engine.properties.GenericProperty.check(GenericProperty.java:39)
	at net.jqwik.engine.execution.CheckedProperty.check(CheckedProperty.java:39)
	at net.jqwik.engine.execution.PropertyMethodExecutor.executeProperty(PropertyMethodExecutor.java:121)
	at net.jqwik.engine.execution.PropertyMethodExecutor.executeMethod(PropertyMethodExecutor.java:109)
	at net.jqwik.engine.execution.PropertyMethodExecutor.lambda$executePropertyMethod$0(PropertyMethodExecutor.java:89)
	at net.jqwik.api.lifecycle.AroundPropertyHook.lambda$static$0(AroundPropertyHook.java:17)
	at net.jqwik.api.lifecycle.AroundPropertyHook.lambda$null$1(AroundPropertyHook.java:32)
	at net.jqwik.engine.execution.lifecycle.AutoCloseableHook.aroundProperty(AutoCloseableHook.java:14)
	at net.jqwik.api.lifecycle.AroundPropertyHook.lambda$around$2(AroundPropertyHook.java:37)
	at net.jqwik.engine.execution.PropertyMethodExecutor.executePropertyMethod(PropertyMethodExecutor.java:87)
	at net.jqwik.engine.execution.PropertyMethodExecutor.execute(PropertyMethodExecutor.java:46)
	at net.jqwik.engine.execution.PropertyTaskCreator.executeTestMethod(PropertyTaskCreator.java:73)
	at net.jqwik.engine.execution.PropertyTaskCreator.lambda$createTask$1(PropertyTaskCreator.java:38)
	at net.jqwik.engine.execution.pipeline.ExecutionTask$1.execute(ExecutionTask.java:24)
	at net.jqwik.engine.execution.pipeline.ExecutionPipeline.runToTermination(ExecutionPipeline.java:81)
	at net.jqwik.engine.execution.JqwikExecutor.execute(JqwikExecutor.java:46)
	at net.jqwik.engine.JqwikTestEngine.executeTests(JqwikTestEngine.java:93)
	at net.jqwik.engine.JqwikTestEngine.execute(JqwikTestEngine.java:82)

com.farmer.crop.service.RotationRecommendationPropertyTest.Rice-based system detection should be consistent for same input -- Time elapsed: 0.006 s <<< ERROR!
net.jqwik.api.CannotFindArbitraryException: Cannot find an Arbitrary for Parameter of type [@net.jqwik.api.ForAll("") List<CropHistoryEntryDto>]
	at net.jqwik.engine.properties.RandomizedShrinkablesGenerator.resolveParameter(RandomizedShrinkablesGenerator.java:33)
	at net.jqwik.engine.properties.RandomizedShrinkablesGenerator.lambda$forParameters$0(RandomizedShrinkablesGenerator.java:21)
	at java.base/java.util.stream.ReferencePipeline$3$1.accept(ReferencePipeline.java:197)
	at java.base/java.util.ArrayList$ArrayListSpliterator.forEachRemaining(ArrayList.java:1708)
	at java.base/java.util.stream.AbstractPipeline.copyInto(AbstractPipeline.java:509)
	at java.base/java.util.stream.AbstractPipeline.wrapAndCopyInto(AbstractPipeline.java:499)
	at java.base/java.util.stream.ReduceOps$ReduceOp.evaluateSequential(ReduceOps.java:921)
	at java.base/java.util.stream.AbstractPipeline.evaluate(AbstractPipeline.java:234)
	at java.base/java.util.stream.ReferencePipeline.collect(ReferencePipeline.java:682)
	at net.jqwik.engine.properties.RandomizedShrinkablesGenerator.forParameters(RandomizedShrinkablesGenerator.java:22)
	at net.jqwik.engine.execution.CheckedProperty.createRandomizedShrinkablesGenerator(CheckedProperty.java:154)
	at net.jqwik.engine.execution.CheckedProperty.createDefaultShrinkablesGenerator(CheckedProperty.java:94)
	at net.jqwik.engine.execution.CheckedProperty.createShrinkablesGenerator(CheckedProperty.java:84)
	at net.jqwik.engine.execution.CheckedProperty.createGenericProperty(CheckedProperty.java:70)
	at net.jqwik.engine.execution.CheckedProperty.check(CheckedProperty.java:39)
	at net.jqwik.engine.execution.PropertyMethodExecutor.executeProperty(PropertyMethodExecutor.java:121)
	at net.jqwik.engine.execution.PropertyMethodExecutor.executeMethod(PropertyMethodExecutor.java:109)
	at net.jqwik.engine.execution.PropertyMethodExecutor.lambda$executePropertyMethod$0(PropertyMethodExecutor.java:89)
	at net.jqwik.api.lifecycle.AroundPropertyHook.lambda$static$0(AroundPropertyHook.java:17)
	at net.jqwik.api.lifecycle.AroundPropertyHook.lambda$null$1(AroundPropertyHook.java:32)
	at net.jqwik.engine.execution.lifecycle.AutoCloseableHook.aroundProperty(AutoCloseableHook.java:14)
	at net.jqwik.api.lifecycle.AroundPropertyHook.lambda$around$2(AroundPropertyHook.java:37)
	at net.jqwik.engine.execution.PropertyMethodExecutor.executePropertyMethod(PropertyMethodExecutor.java:87)
	at net.jqwik.engine.execution.PropertyMethodExecutor.execute(PropertyMethodExecutor.java:46)
	at net.jqwik.engine.execution.PropertyTaskCreator.executeTestMethod(PropertyTaskCreator.java:73)
	at net.jqwik.engine.execution.PropertyTaskCreator.lambda$createTask$1(PropertyTaskCreator.java:38)
	at net.jqwik.engine.execution.pipeline.ExecutionTask$1.execute(ExecutionTask.java:24)
	at net.jqwik.engine.execution.pipeline.ExecutionPipeline.runToTermination(ExecutionPipeline.java:81)
	at net.jqwik.engine.execution.JqwikExecutor.execute(JqwikExecutor.java:46)
	at net.jqwik.engine.JqwikTestEngine.executeTests(JqwikTestEngine.java:93)
	at net.jqwik.engine.JqwikTestEngine.execute(JqwikTestEngine.java:82)

com.farmer.crop.service.RotationRecommendationPropertyTest.Pest risk level should be consistent with crop history patterns -- Time elapsed: 0.006 s <<< ERROR!
java.lang.NullPointerException: Cannot invoke "com.farmer.crop.service.RotationRecommendationEngine.generateRecommendations(com.farmer.crop.dto.RotationRecommendationRequestDto)" because "this.engine" is null
	at com.farmer.crop.service.RotationRecommendationPropertyTest.pestRiskLevelShouldBeConsistent(RotationRecommendationPropertyTest.java:176)
	at java.base/java.lang.reflect.Method.invoke(Method.java:580)
	at net.jqwik.engine.execution.CheckedPropertyFactory.lambda$createCheckedFunction$1(CheckedPropertyFactory.java:45)
	at net.jqwik.engine.execution.CheckedPropertyFactory.lambda$createCheckedFunction$3(CheckedPropertyFactory.java:51)
	at net.jqwik.engine.properties.GenericProperty.testPredicate(GenericProperty.java:106)
	at net.jqwik.engine.properties.GenericProperty.checkWithoutReporting(GenericProperty.java:71)
	at net.jqwik.engine.properties.GenericProperty.check(GenericProperty.java:39)
	at net.jqwik.engine.execution.CheckedProperty.check(CheckedProperty.java:39)
	at net.jqwik.engine.execution.PropertyMethodExecutor.executeProperty(PropertyMethodExecutor.java:121)
	at net.jqwik.engine.execution.PropertyMethodExecutor.executeMethod(PropertyMethodExecutor.java:109)
	at net.jqwik.engine.execution.PropertyMethodExecutor.lambda$executePropertyMethod$0(PropertyMethodExecutor.java:89)
	at net.jqwik.api.lifecycle.AroundPropertyHook.lambda$static$0(AroundPropertyHook.java:17)
	at net.jqwik.api.lifecycle.AroundPropertyHook.lambda$null$1(AroundPropertyHook.java:32)
	at net.jqwik.engine.execution.lifecycle.AutoCloseableHook.aroundProperty(AutoCloseableHook.java:14)
	at net.jqwik.api.lifecycle.AroundPropertyHook.lambda$around$2(AroundPropertyHook.java:37)
	at net.jqwik.engine.execution.PropertyMethodExecutor.executePropertyMethod(PropertyMethodExecutor.java:87)
	at net.jqwik.engine.execution.PropertyMethodExecutor.execute(PropertyMethodExecutor.java:46)
	at net.jqwik.engine.execution.PropertyTaskCreator.executeTestMethod(PropertyTaskCreator.java:73)
	at net.jqwik.engine.execution.PropertyTaskCreator.lambda$createTask$1(PropertyTaskCreator.java:38)
	at net.jqwik.engine.execution.pipeline.ExecutionTask$1.execute(ExecutionTask.java:24)
	at net.jqwik.engine.execution.pipeline.ExecutionPipeline.runToTermination(ExecutionPipeline.java:81)
	at net.jqwik.engine.execution.JqwikExecutor.execute(JqwikExecutor.java:46)
	at net.jqwik.engine.JqwikTestEngine.executeTests(JqwikTestEngine.java:93)
	at net.jqwik.engine.JqwikTestEngine.execute(JqwikTestEngine.java:82)

com.farmer.crop.service.RotationRecommendationPropertyTest.Warnings should be generated for pest and disease risks -- Time elapsed: 0.007 s <<< ERROR!
java.lang.NullPointerException: Cannot invoke "com.farmer.crop.service.RotationRecommendationEngine.generateRecommendations(com.farmer.crop.dto.RotationRecommendationRequestDto)" because "this.engine" is null
	at com.farmer.crop.service.RotationRecommendationPropertyTest.warningsShouldBeGeneratedForPestRisks(RotationRecommendationPropertyTest.java:328)
	at java.base/java.lang.reflect.Method.invoke(Method.java:580)
	at net.jqwik.engine.execution.CheckedPropertyFactory.lambda$createCheckedFunction$1(CheckedPropertyFactory.java:45)
	at net.jqwik.engine.execution.CheckedPropertyFactory.lambda$createCheckedFunction$3(CheckedPropertyFactory.java:51)
	at net.jqwik.engine.properties.GenericProperty.testPredicate(GenericProperty.java:106)
	at net.jqwik.engine.properties.GenericProperty.checkWithoutReporting(GenericProperty.java:71)
	at net.jqwik.engine.properties.GenericProperty.check(GenericProperty.java:39)
	at net.jqwik.engine.execution.CheckedProperty.check(CheckedProperty.java:39)
	at net.jqwik.engine.execution.PropertyMethodExecutor.executeProperty(PropertyMethodExecutor.java:121)
	at net.jqwik.engine.execution.PropertyMethodExecutor.executeMethod(PropertyMethodExecutor.java:109)
	at net.jqwik.engine.execution.PropertyMethodExecutor.lambda$executePropertyMethod$0(PropertyMethodExecutor.java:89)
	at net.jqwik.api.lifecycle.AroundPropertyHook.lambda$static$0(AroundPropertyHook.java:17)
	at net.jqwik.api.lifecycle.AroundPropertyHook.lambda$null$1(AroundPropertyHook.java:32)
	at net.jqwik.engine.execution.lifecycle.AutoCloseableHook.aroundProperty(AutoCloseableHook.java:14)
	at net.jqwik.api.lifecycle.AroundPropertyHook.lambda$around$2(AroundPropertyHook.java:37)
	at net.jqwik.engine.execution.PropertyMethodExecutor.executePropertyMethod(PropertyMethodExecutor.java:87)
	at net.jqwik.engine.execution.PropertyMethodExecutor.execute(PropertyMethodExecutor.java:46)
	at net.jqwik.engine.execution.PropertyTaskCreator.executeTestMethod(PropertyTaskCreator.java:73)
	at net.jqwik.engine.execution.PropertyTaskCreator.lambda$createTask$1(PropertyTaskCreator.java:38)
	at net.jqwik.engine.execution.pipeline.ExecutionTask$1.execute(ExecutionTask.java:24)
	at net.jqwik.engine.execution.pipeline.ExecutionPipeline.runToTermination(ExecutionPipeline.java:81)
	at net.jqwik.engine.execution.JqwikExecutor.execute(JqwikExecutor.java:46)
	at net.jqwik.engine.JqwikTestEngine.executeTests(JqwikTestEngine.java:93)
	at net.jqwik.engine.JqwikTestEngine.execute(JqwikTestEngine.java:82)

com.farmer.crop.service.RotationRecommendationPropertyTest.Options should be sorted in descending order by overall benefit score -- Time elapsed: 0.006 s <<< ERROR!
java.lang.NullPointerException: Cannot invoke "com.farmer.crop.service.RotationRecommendationEngine.generateRecommendations(com.farmer.crop.dto.RotationRecommendationRequestDto)" because "this.engine" is null
	at com.farmer.crop.service.RotationRecommendationPropertyTest.optionsShouldBeSortedByBenefitScore(RotationRecommendationPropertyTest.java:90)
	at java.base/java.lang.reflect.Method.invoke(Method.java:580)
	at net.jqwik.engine.execution.CheckedPropertyFactory.lambda$createCheckedFunction$1(CheckedPropertyFactory.java:45)
	at net.jqwik.engine.execution.CheckedPropertyFactory.lambda$createCheckedFunction$3(CheckedPropertyFactory.java:51)
	at net.jqwik.engine.properties.GenericProperty.testPredicate(GenericProperty.java:106)
	at net.jqwik.engine.properties.GenericProperty.checkWithoutReporting(GenericProperty.java:71)
	at net.jqwik.engine.properties.GenericProperty.check(GenericProperty.java:39)
	at net.jqwik.engine.execution.CheckedProperty.check(CheckedProperty.java:39)
	at net.jqwik.engine.execution.PropertyMethodExecutor.executeProperty(PropertyMethodExecutor.java:121)
	at net.jqwik.engine.execution.PropertyMethodExecutor.executeMethod(PropertyMethodExecutor.java:109)
	at net.jqwik.engine.execution.PropertyMethodExecutor.lambda$executePropertyMethod$0(PropertyMethodExecutor.java:89)
	at net.jqwik.api.lifecycle.AroundPropertyHook.lambda$static$0(AroundPropertyHook.java:17)
	at net.jqwik.api.lifecycle.AroundPropertyHook.lambda$null$1(AroundPropertyHook.java:32)
	at net.jqwik.engine.execution.lifecycle.AutoCloseableHook.aroundProperty(AutoCloseableHook.java:14)
	at net.jqwik.api.lifecycle.AroundPropertyHook.lambda$around$2(AroundPropertyHook.java:37)
	at net.jqwik.engine.execution.PropertyMethodExecutor.executePropertyMethod(PropertyMethodExecutor.java:87)
	at net.jqwik.engine.execution.PropertyMethodExecutor.execute(PropertyMethodExecutor.java:46)
	at net.jqwik.engine.execution.PropertyTaskCreator.executeTestMethod(PropertyTaskCreator.java:73)
	at net.jqwik.engine.execution.PropertyTaskCreator.lambda$createTask$1(PropertyTaskCreator.java:38)
	at net.jqwik.engine.execution.pipeline.ExecutionTask$1.execute(ExecutionTask.java:24)
	at net.jqwik.engine.execution.pipeline.ExecutionPipeline.runToTermination(ExecutionPipeline.java:81)
	at net.jqwik.engine.execution.JqwikExecutor.execute(JqwikExecutor.java:46)
	at net.jqwik.engine.JqwikTestEngine.executeTests(JqwikTestEngine.java:93)
	at net.jqwik.engine.JqwikTestEngine.execute(JqwikTestEngine.java:82)

com.farmer.crop.service.RotationRecommendationPropertyTest.All options should have non-empty benefits and considerations -- Time elapsed: 0.006 s <<< ERROR!
java.lang.NullPointerException: Cannot invoke "com.farmer.crop.service.RotationRecommendationEngine.generateRecommendations(com.farmer.crop.dto.RotationRecommendationRequestDto)" because "this.engine" is null
	at com.farmer.crop.service.RotationRecommendationPropertyTest.allOptionsShouldHaveCompleteInformation(RotationRecommendationPropertyTest.java:203)
	at java.base/java.lang.reflect.Method.invoke(Method.java:580)
	at net.jqwik.engine.execution.CheckedPropertyFactory.lambda$createCheckedFunction$1(CheckedPropertyFactory.java:45)
	at net.jqwik.engine.execution.CheckedPropertyFactory.lambda$createCheckedFunction$3(CheckedPropertyFactory.java:51)
	at net.jqwik.engine.properties.GenericProperty.testPredicate(GenericProperty.java:106)
	at net.jqwik.engine.properties.GenericProperty.checkWithoutReporting(GenericProperty.java:71)
	at net.jqwik.engine.properties.GenericProperty.check(GenericProperty.java:39)
	at net.jqwik.engine.execution.CheckedProperty.check(CheckedProperty.java:39)
	at net.jqwik.engine.execution.PropertyMethodExecutor.executeProperty(PropertyMethodExecutor.java:121)
	at net.jqwik.engine.execution.PropertyMethodExecutor.executeMethod(PropertyMethodExecutor.java:109)
	at net.jqwik.engine.execution.PropertyMethodExecutor.lambda$executePropertyMethod$0(PropertyMethodExecutor.java:89)
	at net.jqwik.api.lifecycle.AroundPropertyHook.lambda$static$0(AroundPropertyHook.java:17)
	at net.jqwik.api.lifecycle.AroundPropertyHook.lambda$null$1(AroundPropertyHook.java:32)
	at net.jqwik.engine.execution.lifecycle.AutoCloseableHook.aroundProperty(AutoCloseableHook.java:14)
	at net.jqwik.api.lifecycle.AroundPropertyHook.lambda$around$2(AroundPropertyHook.java:37)
	at net.jqwik.engine.execution.PropertyMethodExecutor.executePropertyMethod(PropertyMethodExecutor.java:87)
	at net.jqwik.engine.execution.PropertyMethodExecutor.execute(PropertyMethodExecutor.java:46)
	at net.jqwik.engine.execution.PropertyTaskCreator.executeTestMethod(PropertyTaskCreator.java:73)
	at net.jqwik.engine.execution.PropertyTaskCreator.lambda$createTask$1(PropertyTaskCreator.java:38)
	at net.jqwik.engine.execution.pipeline.ExecutionTask$1.execute(ExecutionTask.java:24)
	at net.jqwik.engine.execution.pipeline.ExecutionPipeline.runToTermination(ExecutionPipeline.java:81)
	at net.jqwik.engine.execution.JqwikExecutor.execute(JqwikExecutor.java:46)
	at net.jqwik.engine.JqwikTestEngine.executeTests(JqwikTestEngine.java:93)
	at net.jqwik.engine.JqwikTestEngine.execute(JqwikTestEngine.java:82)

com.farmer.crop.service.RotationRecommendationPropertyTest.Relay cropping should be recommended for rice systems -- Time elapsed: 0.003 s <<< ERROR!
java.lang.NullPointerException: Cannot invoke "com.farmer.crop.service.RotationRecommendationEngine.generateRecommendations(com.farmer.crop.dto.RotationRecommendationRequestDto)" because "this.engine" is null
	at com.farmer.crop.service.RotationRecommendationPropertyTest.relayCroppingShouldBeRecommendedForRice(RotationRecommendationPropertyTest.java:302)
	at java.base/java.lang.reflect.Method.invoke(Method.java:580)
	at net.jqwik.engine.execution.CheckedPropertyFactory.lambda$createCheckedFunction$1(CheckedPropertyFactory.java:45)
	at net.jqwik.engine.execution.CheckedPropertyFactory.lambda$createCheckedFunction$3(CheckedPropertyFactory.java:51)
	at net.jqwik.engine.properties.GenericProperty.testPredicate(GenericProperty.java:106)
	at net.jqwik.engine.properties.GenericProperty.checkWithoutReporting(GenericProperty.java:71)
	at net.jqwik.engine.properties.GenericProperty.check(GenericProperty.java:39)
	at net.jqwik.engine.execution.CheckedProperty.check(CheckedProperty.java:39)
	at net.jqwik.engine.execution.PropertyMethodExecutor.executeProperty(PropertyMethodExecutor.java:121)
	at net.jqwik.engine.execution.PropertyMethodExecutor.executeMethod(PropertyMethodExecutor.java:109)
	at net.jqwik.engine.execution.PropertyMethodExecutor.lambda$executePropertyMethod$0(PropertyMethodExecutor.java:89)
	at net.jqwik.api.lifecycle.AroundPropertyHook.lambda$static$0(AroundPropertyHook.java:17)
	at net.jqwik.api.lifecycle.AroundPropertyHook.lambda$null$1(AroundPropertyHook.java:32)
	at net.jqwik.engine.execution.lifecycle.AutoCloseableHook.aroundProperty(AutoCloseableHook.java:14)
	at net.jqwik.api.lifecycle.AroundPropertyHook.lambda$around$2(AroundPropertyHook.java:37)
	at net.jqwik.engine.execution.PropertyMethodExecutor.executePropertyMethod(PropertyMethodExecutor.java:87)
	at net.jqwik.engine.execution.PropertyMethodExecutor.execute(PropertyMethodExecutor.java:46)
	at net.jqwik.engine.execution.PropertyTaskCreator.executeTestMethod(PropertyTaskCreator.java:73)
	at net.jqwik.engine.execution.PropertyTaskCreator.lambda$createTask$1(PropertyTaskCreator.java:38)
	at net.jqwik.engine.execution.pipeline.ExecutionTask$1.execute(ExecutionTask.java:24)
	at net.jqwik.engine.execution.pipeline.ExecutionPipeline.runToTermination(ExecutionPipeline.java:81)
	at net.jqwik.engine.execution.JqwikExecutor.execute(JqwikExecutor.java:46)
	at net.jqwik.engine.JqwikTestEngine.executeTests(JqwikTestEngine.java:93)
	at net.jqwik.engine.JqwikTestEngine.execute(JqwikTestEngine.java:82)

com.farmer.crop.service.RotationRecommendationPropertyTest.Nutrient cycling score should reflect root depth alternation -- Time elapsed: 0.004 s <<< ERROR!
java.lang.NullPointerException: Cannot invoke "com.farmer.crop.service.RotationRecommendationEngine.generateRecommendations(com.farmer.crop.dto.RotationRecommendationRequestDto)" because "this.engine" is null
	at com.farmer.crop.service.RotationRecommendationPropertyTest.nutrientCyclingShouldReflectRootDepth(RotationRecommendationPropertyTest.java:233)
	at java.base/java.lang.reflect.Method.invoke(Method.java:580)
	at net.jqwik.engine.execution.CheckedPropertyFactory.lambda$createCheckedFunction$1(CheckedPropertyFactory.java:45)
	at net.jqwik.engine.execution.CheckedPropertyFactory.lambda$createCheckedFunction$3(CheckedPropertyFactory.java:51)
	at net.jqwik.engine.properties.GenericProperty.testPredicate(GenericProperty.java:106)
	at net.jqwik.engine.properties.GenericProperty.checkWithoutReporting(GenericProperty.java:71)
	at net.jqwik.engine.properties.GenericProperty.check(GenericProperty.java:39)
	at net.jqwik.engine.execution.CheckedProperty.check(CheckedProperty.java:39)
	at net.jqwik.engine.execution.PropertyMethodExecutor.executeProperty(PropertyMethodExecutor.java:121)
	at net.jqwik.engine.execution.PropertyMethodExecutor.executeMethod(PropertyMethodExecutor.java:109)
	at net.jqwik.engine.execution.PropertyMethodExecutor.lambda$executePropertyMethod$0(PropertyMethodExecutor.java:89)
	at net.jqwik.api.lifecycle.AroundPropertyHook.lambda$static$0(AroundPropertyHook.java:17)
	at net.jqwik.api.lifecycle.AroundPropertyHook.lambda$null$1(AroundPropertyHook.java:32)
	at net.jqwik.engine.execution.lifecycle.AutoCloseableHook.aroundProperty(AutoCloseableHook.java:14)
	at net.jqwik.api.lifecycle.AroundPropertyHook.lambda$around$2(AroundPropertyHook.java:37)
	at net.jqwik.engine.execution.PropertyMethodExecutor.executePropertyMethod(PropertyMethodExecutor.java:87)
	at net.jqwik.engine.execution.PropertyMethodExecutor.execute(PropertyMethodExecutor.java:46)
	at net.jqwik.engine.execution.PropertyTaskCreator.executeTestMethod(PropertyTaskCreator.java:73)
	at net.jqwik.engine.execution.PropertyTaskCreator.lambda$createTask$1(PropertyTaskCreator.java:38)
	at net.jqwik.engine.execution.pipeline.ExecutionTask$1.execute(ExecutionTask.java:24)
	at net.jqwik.engine.execution.pipeline.ExecutionPipeline.runToTermination(ExecutionPipeline.java:81)
	at net.jqwik.engine.execution.JqwikExecutor.execute(JqwikExecutor.java:46)
	at net.jqwik.engine.JqwikTestEngine.executeTests(JqwikTestEngine.java:93)
	at net.jqwik.engine.JqwikTestEngine.execute(JqwikTestEngine.java:82)

