-------------------------------------------------------------------------------
Test set: com.farmer.crop.service.CropRecommendationUnitTest
-------------------------------------------------------------------------------
Tests run: 11, Failures: 7, Errors: 4, Skipped: 0, Time elapsed: 0.080 s <<< FAILURE! -- in com.farmer.crop.service.CropRecommendationUnitTest
com.farmer.crop.service.CropRecommendationUnitTest.testSuitabilityScoringRedSoil -- Time elapsed: 0.007 s <<< FAILURE!
org.opentest4j.AssertionFailedError: expected: <false> but was: <true>
	at org.junit.jupiter.api.AssertionFailureBuilder.build(AssertionFailureBuilder.java:151)
	at org.junit.jupiter.api.AssertionFailureBuilder.buildAndThrow(AssertionFailureBuilder.java:132)
	at org.junit.jupiter.api.AssertFalse.failNotFalse(AssertFalse.java:63)
	at org.junit.jupiter.api.AssertFalse.assertFalse(AssertFalse.java:36)
	at org.junit.jupiter.api.AssertFalse.assertFalse(AssertFalse.java:31)
	at org.junit.jupiter.api.Assertions.assertFalse(Assertions.java:231)
	at com.farmer.crop.service.CropRecommendationUnitTest.testSuitabilityScoringRedSoil(CropRecommendationUnitTest.java:169)
	at java.base/java.lang.reflect.Method.invoke(Method.java:580)
	at java.base/java.util.ArrayList.forEach(ArrayList.java:1596)
	at java.base/java.util.ArrayList.forEach(ArrayList.java:1596)

com.farmer.crop.service.CropRecommendationUnitTest.testLocationChangeUpdatesRecommendations -- Time elapsed: 0.009 s <<< ERROR!
com.farmer.crop.exception.RecommendationException: Failed to generate recommendations
	at com.farmer.crop.service.CropRecommendationService.generateRecommendations(CropRecommendationService.java:157)
	at com.farmer.crop.service.CropRecommendationUnitTest.testLocationChangeUpdatesRecommendations(CropRecommendationUnitTest.java:205)
	at java.base/java.lang.reflect.Method.invoke(Method.java:580)
	at java.base/java.util.ArrayList.forEach(ArrayList.java:1596)
	at java.base/java.util.ArrayList.forEach(ArrayList.java:1596)
Caused by: java.lang.NullPointerException: Cannot invoke "com.farmer.crop.service.AgroEcologicalZoneService.getZoneForLocation(com.farmer.crop.dto.LocationRequestDto)" because "this.agroEcologicalZoneService" is null
	at com.farmer.crop.service.CropRecommendationService.determineZoneCode(CropRecommendationService.java:181)
	at com.farmer.crop.service.CropRecommendationService.generateRecommendations(CropRecommendationService.java:84)
	... 4 more

com.farmer.crop.service.CropRecommendationUnitTest.testSuitabilityScoringBlackCottonSoil -- Time elapsed: 0.004 s <<< FAILURE!
org.opentest4j.AssertionFailedError: expected: <false> but was: <true>
	at org.junit.jupiter.api.AssertionFailureBuilder.build(AssertionFailureBuilder.java:151)
	at org.junit.jupiter.api.AssertionFailureBuilder.buildAndThrow(AssertionFailureBuilder.java:132)
	at org.junit.jupiter.api.AssertFalse.failNotFalse(AssertFalse.java:63)
	at org.junit.jupiter.api.AssertFalse.assertFalse(AssertFalse.java:36)
	at org.junit.jupiter.api.AssertFalse.assertFalse(AssertFalse.java:31)
	at org.junit.jupiter.api.Assertions.assertFalse(Assertions.java:231)
	at com.farmer.crop.service.CropRecommendationUnitTest.testSuitabilityScoringBlackCottonSoil(CropRecommendationUnitTest.java:142)
	at java.base/java.lang.reflect.Method.invoke(Method.java:580)
	at java.base/java.util.ArrayList.forEach(ArrayList.java:1596)
	at java.base/java.util.ArrayList.forEach(ArrayList.java:1596)

com.farmer.crop.service.CropRecommendationUnitTest.testZoneMappingSouthernIndia -- Time elapsed: 0.006 s <<< FAILURE!
org.opentest4j.AssertionFailedError: expected: <true> but was: <false>
	at org.junit.jupiter.api.AssertionFailureBuilder.build(AssertionFailureBuilder.java:151)
	at org.junit.jupiter.api.AssertionFailureBuilder.buildAndThrow(AssertionFailureBuilder.java:132)
	at org.junit.jupiter.api.AssertTrue.failNotTrue(AssertTrue.java:63)
	at org.junit.jupiter.api.AssertTrue.assertTrue(AssertTrue.java:36)
	at org.junit.jupiter.api.AssertTrue.assertTrue(AssertTrue.java:31)
	at org.junit.jupiter.api.Assertions.assertTrue(Assertions.java:183)
	at com.farmer.crop.service.CropRecommendationUnitTest.testZoneMappingSouthernIndia(CropRecommendationUnitTest.java:84)
	at java.base/java.lang.reflect.Method.invoke(Method.java:580)
	at java.base/java.util.ArrayList.forEach(ArrayList.java:1596)
	at java.base/java.util.ArrayList.forEach(ArrayList.java:1596)

com.farmer.crop.service.CropRecommendationUnitTest.testZoneMappingConsistency -- Time elapsed: 0.005 s <<< FAILURE!
org.opentest4j.AssertionFailedError: expected: <true> but was: <false>
	at org.junit.jupiter.api.AssertionFailureBuilder.build(AssertionFailureBuilder.java:151)
	at org.junit.jupiter.api.AssertionFailureBuilder.buildAndThrow(AssertionFailureBuilder.java:132)
	at org.junit.jupiter.api.AssertTrue.failNotTrue(AssertTrue.java:63)
	at org.junit.jupiter.api.AssertTrue.assertTrue(AssertTrue.java:36)
	at org.junit.jupiter.api.AssertTrue.assertTrue(AssertTrue.java:31)
	at org.junit.jupiter.api.Assertions.assertTrue(Assertions.java:183)
	at com.farmer.crop.service.CropRecommendationUnitTest.testZoneMappingConsistency(CropRecommendationUnitTest.java:113)
	at java.base/java.lang.reflect.Method.invoke(Method.java:580)
	at java.base/java.util.ArrayList.forEach(ArrayList.java:1596)
	at java.base/java.util.ArrayList.forEach(ArrayList.java:1596)

com.farmer.crop.service.CropRecommendationUnitTest.testRankingDescendingOrder -- Time elapsed: 0.005 s <<< ERROR!
com.farmer.crop.exception.RecommendationException: Failed to generate recommendations
	at com.farmer.crop.service.CropRecommendationService.generateRecommendations(CropRecommendationService.java:157)
	at com.farmer.crop.service.CropRecommendationUnitTest.testRankingDescendingOrder(CropRecommendationUnitTest.java:186)
	at java.base/java.lang.reflect.Method.invoke(Method.java:580)
	at java.base/java.util.ArrayList.forEach(ArrayList.java:1596)
	at java.base/java.util.ArrayList.forEach(ArrayList.java:1596)
Caused by: java.lang.NullPointerException: Cannot invoke "com.farmer.crop.service.AgroEcologicalZoneService.getZoneForLocation(com.farmer.crop.dto.LocationRequestDto)" because "this.agroEcologicalZoneService" is null
	at com.farmer.crop.service.CropRecommendationService.determineZoneCode(CropRecommendationService.java:181)
	at com.farmer.crop.service.CropRecommendationService.generateRecommendations(CropRecommendationService.java:84)
	... 4 more

com.farmer.crop.service.CropRecommendationUnitTest.testRecommendationsReflectNewZone -- Time elapsed: 0.007 s <<< ERROR!
com.farmer.crop.exception.RecommendationException: Failed to generate recommendations
	at com.farmer.crop.service.CropRecommendationService.generateRecommendations(CropRecommendationService.java:157)
	at com.farmer.crop.service.CropRecommendationUnitTest.testRecommendationsReflectNewZone(CropRecommendationUnitTest.java:246)
	at java.base/java.lang.reflect.Method.invoke(Method.java:580)
	at java.base/java.util.ArrayList.forEach(ArrayList.java:1596)
	at java.base/java.util.ArrayList.forEach(ArrayList.java:1596)
Caused by: java.lang.NullPointerException: Cannot invoke "com.farmer.crop.service.AgroEcologicalZoneService.getZoneForLocation(com.farmer.crop.dto.LocationRequestDto)" because "this.agroEcologicalZoneService" is null
	at com.farmer.crop.service.CropRecommendationService.determineZoneCode(CropRecommendationService.java:181)
	at com.farmer.crop.service.CropRecommendationService.generateRecommendations(CropRecommendationService.java:84)
	... 4 more

com.farmer.crop.service.CropRecommendationUnitTest.testSmallLocationChangeWithinSameZone -- Time elapsed: 0.006 s <<< FAILURE!
org.opentest4j.AssertionFailedError: expected: <true> but was: <false>
	at org.junit.jupiter.api.AssertionFailureBuilder.build(AssertionFailureBuilder.java:151)
	at org.junit.jupiter.api.AssertionFailureBuilder.buildAndThrow(AssertionFailureBuilder.java:132)
	at org.junit.jupiter.api.AssertTrue.failNotTrue(AssertTrue.java:63)
	at org.junit.jupiter.api.AssertTrue.assertTrue(AssertTrue.java:36)
	at org.junit.jupiter.api.AssertTrue.assertTrue(AssertTrue.java:31)
	at org.junit.jupiter.api.Assertions.assertTrue(Assertions.java:183)
	at com.farmer.crop.service.CropRecommendationUnitTest.testSmallLocationChangeWithinSameZone(CropRecommendationUnitTest.java:307)
	at java.base/java.lang.reflect.Method.invoke(Method.java:580)
	at java.base/java.util.ArrayList.forEach(ArrayList.java:1596)
	at java.base/java.util.ArrayList.forEach(ArrayList.java:1596)

com.farmer.crop.service.CropRecommendationUnitTest.testZoneCodeChangesWithLocation -- Time elapsed: 0.004 s <<< FAILURE!
org.opentest4j.AssertionFailedError: expected: <true> but was: <false>
	at org.junit.jupiter.api.AssertionFailureBuilder.build(AssertionFailureBuilder.java:151)
	at org.junit.jupiter.api.AssertionFailureBuilder.buildAndThrow(AssertionFailureBuilder.java:132)
	at org.junit.jupiter.api.AssertTrue.failNotTrue(AssertTrue.java:63)
	at org.junit.jupiter.api.AssertTrue.assertTrue(AssertTrue.java:36)
	at org.junit.jupiter.api.AssertTrue.assertTrue(AssertTrue.java:31)
	at org.junit.jupiter.api.Assertions.assertTrue(Assertions.java:183)
	at com.farmer.crop.service.CropRecommendationUnitTest.testZoneCodeChangesWithLocation(CropRecommendationUnitTest.java:228)
	at java.base/java.lang.reflect.Method.invoke(Method.java:580)
	at java.base/java.util.ArrayList.forEach(ArrayList.java:1596)
	at java.base/java.util.ArrayList.forEach(ArrayList.java:1596)

com.farmer.crop.service.CropRecommendationUnitTest.testLocationChangeTriggersRecalculation -- Time elapsed: 0.007 s <<< ERROR!
com.farmer.crop.exception.RecommendationException: Failed to generate recommendations
	at com.farmer.crop.service.CropRecommendationService.generateRecommendations(CropRecommendationService.java:157)
	at com.farmer.crop.service.CropRecommendationUnitTest.testLocationChangeTriggersRecalculation(CropRecommendationUnitTest.java:273)
	at java.base/java.lang.reflect.Method.invoke(Method.java:580)
	at java.base/java.util.ArrayList.forEach(ArrayList.java:1596)
	at java.base/java.util.ArrayList.forEach(ArrayList.java:1596)
Caused by: java.lang.NullPointerException: Cannot invoke "com.farmer.crop.service.AgroEcologicalZoneService.getZoneForLocation(com.farmer.crop.dto.LocationRequestDto)" because "this.agroEcologicalZoneService" is null
	at com.farmer.crop.service.CropRecommendationService.determineZoneCode(CropRecommendationService.java:181)
	at com.farmer.crop.service.CropRecommendationService.generateRecommendations(CropRecommendationService.java:84)
	... 4 more

com.farmer.crop.service.CropRecommendationUnitTest.testZoneMappingNorthernIndia -- Time elapsed: 0.004 s <<< FAILURE!
org.opentest4j.AssertionFailedError: expected: <true> but was: <false>
	at org.junit.jupiter.api.AssertionFailureBuilder.build(AssertionFailureBuilder.java:151)
	at org.junit.jupiter.api.AssertionFailureBuilder.buildAndThrow(AssertionFailureBuilder.java:132)
	at org.junit.jupiter.api.AssertTrue.failNotTrue(AssertTrue.java:63)
	at org.junit.jupiter.api.AssertTrue.assertTrue(AssertTrue.java:36)
	at org.junit.jupiter.api.AssertTrue.assertTrue(AssertTrue.java:31)
	at org.junit.jupiter.api.Assertions.assertTrue(Assertions.java:183)
	at com.farmer.crop.service.CropRecommendationUnitTest.testZoneMappingNorthernIndia(CropRecommendationUnitTest.java:62)
	at java.base/java.lang.reflect.Method.invoke(Method.java:580)
	at java.base/java.util.ArrayList.forEach(ArrayList.java:1596)
	at java.base/java.util.ArrayList.forEach(ArrayList.java:1596)

