-------------------------------------------------------------------------------
Test set: com.farmer.crop.service.RotationRecommendationEngineTest$PestRiskAssessmentTests
-------------------------------------------------------------------------------
Tests run: 5, Failures: 1, Errors: 0, Skipped: 0, Time elapsed: 0.012 s <<< FAILURE! -- in com.farmer.crop.service.RotationRecommendationEngineTest$PestRiskAssessmentTests
com.farmer.crop.service.RotationRecommendationEngineTest$PestRiskAssessmentTests.shouldAssessLowRiskForDiverseRotation -- Time elapsed: 0.003 s <<< FAILURE!
org.opentest4j.AssertionFailedError: Should assess LOW risk for diverse crop rotation ==> expected: <LOW> but was: <MEDIUM>
	at org.junit.jupiter.api.AssertionFailureBuilder.build(AssertionFailureBuilder.java:151)
	at org.junit.jupiter.api.AssertionFailureBuilder.buildAndThrow(AssertionFailureBuilder.java:132)
	at org.junit.jupiter.api.AssertEquals.failNotEqual(AssertEquals.java:197)
	at org.junit.jupiter.api.AssertEquals.assertEquals(AssertEquals.java:182)
	at org.junit.jupiter.api.Assertions.assertEquals(Assertions.java:1156)
	at com.farmer.crop.service.RotationRecommendationEngineTest$PestRiskAssessmentTests.shouldAssessLowRiskForDiverseRotation(RotationRecommendationEngineTest.java:490)
	at java.base/java.lang.reflect.Method.invoke(Method.java:580)
	at java.base/java.util.ArrayList.forEach(ArrayList.java:1596)
	at java.base/java.util.ArrayList.forEach(ArrayList.java:1596)
	at java.base/java.util.ArrayList.forEach(ArrayList.java:1596)

