-------------------------------------------------------------------------------
Test set: com.farmer.crop.service.LocationZoneMappingConsistencyPropertyTest
-------------------------------------------------------------------------------
Tests run: 6, Failures: 0, Errors: 6, Skipped: 0, Time elapsed: 0.203 s <<< FAILURE! -- in com.farmer.crop.service.LocationZoneMappingConsistencyPropertyTest
com.farmer.crop.service.LocationZoneMappingConsistencyPropertyTest.coordinatesInSameZoneMapConsistently -- Time elapsed: 0.011 s <<< ERROR!
com.farmer.crop.exception.ZoneMappingException: Failed to map location to zone
	at com.farmer.crop.service.AgroEcologicalZoneService.getZoneForLocation(AgroEcologicalZoneService.java:85)
	at com.farmer.crop.service.LocationZoneMappingConsistencyPropertyTest.coordinatesInSameZoneMapConsistently(LocationZoneMappingConsistencyPropertyTest.java:285)
	at java.base/java.lang.reflect.Method.invoke(Method.java:580)
	at net.jqwik.engine.execution.CheckedPropertyFactory.lambda$createCheckedFunction$1(CheckedPropertyFactory.java:45)
	at net.jqwik.engine.execution.CheckedPropertyFactory.lambda$createCheckedFunction$3(CheckedPropertyFactory.java:51)
	at net.jqwik.engine.properties.GenericProperty.testPredicate(GenericProperty.java:106)
	at net.jqwik.engine.properties.GenericProperty.checkWithoutReporting(GenericProperty.java:71)
	at net.jqwik.engine.properties.GenericProperty.check(GenericProperty.java:39)
	at net.jqwik.engine.execution.CheckedProperty.check(CheckedProperty.java:39)
	at net.jqwik.engine.execution.PropertyMethodExecutor.executeProperty(PropertyMethodExecutor.java:121)
	at net.jqwik.engine.execution.PropertyMethodExecutor.executeMethod(PropertyMethodExecutor.java:109)
	at net.jqwik.engine.execution.PropertyMethodExecutor.lambda$executePropertyMethod$0(PropertyMethodExecutor.java:89)
	at net.jqwik.api.lifecycle.AroundPropertyHook.lambda$static$0(AroundPropertyHook.java:17)
	at net.jqwik.api.lifecycle.AroundPropertyHook.lambda$null$1(AroundPropertyHook.java:32)
	at net.jqwik.engine.execution.lifecycle.AutoCloseableHook.aroundProperty(AutoCloseableHook.java:14)
	at net.jqwik.api.lifecycle.AroundPropertyHook.lambda$around$2(AroundPropertyHook.java:37)
	at net.jqwik.engine.execution.PropertyMethodExecutor.executePropertyMethod(PropertyMethodExecutor.java:87)
	at net.jqwik.engine.execution.PropertyMethodExecutor.execute(PropertyMethodExecutor.java:46)
	at net.jqwik.engine.execution.PropertyTaskCreator.executeTestMethod(PropertyTaskCreator.java:73)
	at net.jqwik.engine.execution.PropertyTaskCreator.lambda$createTask$1(PropertyTaskCreator.java:38)
	at net.jqwik.engine.execution.pipeline.ExecutionTask$1.execute(ExecutionTask.java:24)
	at net.jqwik.engine.execution.pipeline.ExecutionPipeline.runToTermination(ExecutionPipeline.java:81)
	at net.jqwik.engine.execution.JqwikExecutor.execute(JqwikExecutor.java:46)
	at net.jqwik.engine.JqwikTestEngine.executeTests(JqwikTestEngine.java:93)
	at net.jqwik.engine.JqwikTestEngine.execute(JqwikTestEngine.java:82)
Caused by: java.lang.NullPointerException: Cannot invoke "com.farmer.crop.entity.AgroEcologicalZone.getId()" because "zone" is null
	at com.farmer.crop.service.AgroEcologicalZoneService.mapToDto(AgroEcologicalZoneService.java:283)
	at com.farmer.crop.service.AgroEcologicalZoneService.getZoneByCoordinates(AgroEcologicalZoneService.java:170)
	at com.farmer.crop.service.AgroEcologicalZoneService.getZoneForLocation(AgroEcologicalZoneService.java:68)
	... 24 more

com.farmer.crop.service.LocationZoneMappingConsistencyPropertyTest.invalidCoordinatesHandledConsistently -- Time elapsed: 0.021 s <<< ERROR!
com.farmer.crop.exception.ZoneMappingException: Failed to map location to zone
	at com.farmer.crop.service.AgroEcologicalZoneService.getZoneForLocation(AgroEcologicalZoneService.java:85)
	at com.farmer.crop.service.LocationZoneMappingConsistencyPropertyTest.invalidCoordinatesHandledConsistently(LocationZoneMappingConsistencyPropertyTest.java:388)
	at java.base/java.lang.reflect.Method.invoke(Method.java:580)
	at net.jqwik.engine.execution.CheckedPropertyFactory.lambda$createCheckedFunction$1(CheckedPropertyFactory.java:45)
	at net.jqwik.engine.execution.CheckedPropertyFactory.lambda$createCheckedFunction$3(CheckedPropertyFactory.java:51)
	at net.jqwik.engine.properties.GenericProperty.testPredicate(GenericProperty.java:106)
	at net.jqwik.engine.properties.GenericProperty.checkWithoutReporting(GenericProperty.java:71)
	at net.jqwik.engine.properties.GenericProperty.check(GenericProperty.java:39)
	at net.jqwik.engine.execution.CheckedProperty.check(CheckedProperty.java:39)
	at net.jqwik.engine.execution.PropertyMethodExecutor.executeProperty(PropertyMethodExecutor.java:121)
	at net.jqwik.engine.execution.PropertyMethodExecutor.executeMethod(PropertyMethodExecutor.java:109)
	at net.jqwik.engine.execution.PropertyMethodExecutor.lambda$executePropertyMethod$0(PropertyMethodExecutor.java:89)
	at net.jqwik.api.lifecycle.AroundPropertyHook.lambda$static$0(AroundPropertyHook.java:17)
	at net.jqwik.api.lifecycle.AroundPropertyHook.lambda$null$1(AroundPropertyHook.java:32)
	at net.jqwik.engine.execution.lifecycle.AutoCloseableHook.aroundProperty(AutoCloseableHook.java:14)
	at net.jqwik.api.lifecycle.AroundPropertyHook.lambda$around$2(AroundPropertyHook.java:37)
	at net.jqwik.engine.execution.PropertyMethodExecutor.executePropertyMethod(PropertyMethodExecutor.java:87)
	at net.jqwik.engine.execution.PropertyMethodExecutor.execute(PropertyMethodExecutor.java:46)
	at net.jqwik.engine.execution.PropertyTaskCreator.executeTestMethod(PropertyTaskCreator.java:73)
	at net.jqwik.engine.execution.PropertyTaskCreator.lambda$createTask$1(PropertyTaskCreator.java:38)
	at net.jqwik.engine.execution.pipeline.ExecutionTask$1.execute(ExecutionTask.java:24)
	at net.jqwik.engine.execution.pipeline.ExecutionPipeline.runToTermination(ExecutionPipeline.java:81)
	at net.jqwik.engine.execution.JqwikExecutor.execute(JqwikExecutor.java:46)
	at net.jqwik.engine.JqwikTestEngine.executeTests(JqwikTestEngine.java:93)
	at net.jqwik.engine.JqwikTestEngine.execute(JqwikTestEngine.java:82)
Caused by: java.lang.IllegalArgumentException: Invalid longitude: must be between -180 and 180
	at com.farmer.crop.service.AgroEcologicalZoneService.validateLocationRequest(AgroEcologicalZoneService.java:270)
	at com.farmer.crop.service.AgroEcologicalZoneService.getZoneForLocation(AgroEcologicalZoneService.java:59)
	... 24 more

com.farmer.crop.service.LocationZoneMappingConsistencyPropertyTest.zoneMappingConsistentAcrossLookupMethods -- Time elapsed: 0.006 s <<< ERROR!
com.farmer.crop.exception.ZoneMappingException: Failed to map location to zone
	at com.farmer.crop.service.AgroEcologicalZoneService.getZoneForLocation(AgroEcologicalZoneService.java:85)
	at com.farmer.crop.service.LocationZoneMappingConsistencyPropertyTest.zoneMappingConsistentAcrossLookupMethods(LocationZoneMappingConsistencyPropertyTest.java:345)
	at java.base/java.lang.reflect.Method.invoke(Method.java:580)
	at net.jqwik.engine.execution.CheckedPropertyFactory.lambda$createCheckedFunction$1(CheckedPropertyFactory.java:45)
	at net.jqwik.engine.execution.CheckedPropertyFactory.lambda$createCheckedFunction$3(CheckedPropertyFactory.java:51)
	at net.jqwik.engine.properties.GenericProperty.testPredicate(GenericProperty.java:106)
	at net.jqwik.engine.properties.GenericProperty.checkWithoutReporting(GenericProperty.java:71)
	at net.jqwik.engine.properties.GenericProperty.check(GenericProperty.java:39)
	at net.jqwik.engine.execution.CheckedProperty.check(CheckedProperty.java:39)
	at net.jqwik.engine.execution.PropertyMethodExecutor.executeProperty(PropertyMethodExecutor.java:121)
	at net.jqwik.engine.execution.PropertyMethodExecutor.executeMethod(PropertyMethodExecutor.java:109)
	at net.jqwik.engine.execution.PropertyMethodExecutor.lambda$executePropertyMethod$0(PropertyMethodExecutor.java:89)
	at net.jqwik.api.lifecycle.AroundPropertyHook.lambda$static$0(AroundPropertyHook.java:17)
	at net.jqwik.api.lifecycle.AroundPropertyHook.lambda$null$1(AroundPropertyHook.java:32)
	at net.jqwik.engine.execution.lifecycle.AutoCloseableHook.aroundProperty(AutoCloseableHook.java:14)
	at net.jqwik.api.lifecycle.AroundPropertyHook.lambda$around$2(AroundPropertyHook.java:37)
	at net.jqwik.engine.execution.PropertyMethodExecutor.executePropertyMethod(PropertyMethodExecutor.java:87)
	at net.jqwik.engine.execution.PropertyMethodExecutor.execute(PropertyMethodExecutor.java:46)
	at net.jqwik.engine.execution.PropertyTaskCreator.executeTestMethod(PropertyTaskCreator.java:73)
	at net.jqwik.engine.execution.PropertyTaskCreator.lambda$createTask$1(PropertyTaskCreator.java:38)
	at net.jqwik.engine.execution.pipeline.ExecutionTask$1.execute(ExecutionTask.java:24)
	at net.jqwik.engine.execution.pipeline.ExecutionPipeline.runToTermination(ExecutionPipeline.java:81)
	at net.jqwik.engine.execution.JqwikExecutor.execute(JqwikExecutor.java:46)
	at net.jqwik.engine.JqwikTestEngine.executeTests(JqwikTestEngine.java:93)
	at net.jqwik.engine.JqwikTestEngine.execute(JqwikTestEngine.java:82)
Caused by: java.lang.NullPointerException: Cannot invoke "com.farmer.crop.entity.AgroEcologicalZone.getId()" because "zone" is null
	at com.farmer.crop.service.AgroEcologicalZoneService.mapToDto(AgroEcologicalZoneService.java:283)
	at com.farmer.crop.service.AgroEcologicalZoneService.getZoneByDistrictAndState(AgroEcologicalZoneService.java:132)
	at com.farmer.crop.service.AgroEcologicalZoneService.getZoneForLocation(AgroEcologicalZoneService.java:63)
	... 24 more

com.farmer.crop.service.LocationZoneMappingConsistencyPropertyTest.sameDistrictStateShouldMapToSameZone -- Time elapsed: 0.030 s <<< ERROR!
com.farmer.crop.exception.ZoneMappingException: Failed to map location to zone
	at com.farmer.crop.service.AgroEcologicalZoneService.getZoneForLocation(AgroEcologicalZoneService.java:85)
	at com.farmer.crop.service.LocationZoneMappingConsistencyPropertyTest.sameDistrictStateShouldMapToSameZone(LocationZoneMappingConsistencyPropertyTest.java:173)
	at java.base/java.lang.reflect.Method.invoke(Method.java:580)
	at net.jqwik.engine.execution.CheckedPropertyFactory.lambda$createCheckedFunction$1(CheckedPropertyFactory.java:45)
	at net.jqwik.engine.execution.CheckedPropertyFactory.lambda$createCheckedFunction$3(CheckedPropertyFactory.java:51)
	at net.jqwik.engine.properties.GenericProperty.testPredicate(GenericProperty.java:106)
	at net.jqwik.engine.properties.GenericProperty.checkWithoutReporting(GenericProperty.java:71)
	at net.jqwik.engine.properties.GenericProperty.check(GenericProperty.java:39)
	at net.jqwik.engine.execution.CheckedProperty.check(CheckedProperty.java:39)
	at net.jqwik.engine.execution.PropertyMethodExecutor.executeProperty(PropertyMethodExecutor.java:121)
	at net.jqwik.engine.execution.PropertyMethodExecutor.executeMethod(PropertyMethodExecutor.java:109)
	at net.jqwik.engine.execution.PropertyMethodExecutor.lambda$executePropertyMethod$0(PropertyMethodExecutor.java:89)
	at net.jqwik.api.lifecycle.AroundPropertyHook.lambda$static$0(AroundPropertyHook.java:17)
	at net.jqwik.api.lifecycle.AroundPropertyHook.lambda$null$1(AroundPropertyHook.java:32)
	at net.jqwik.engine.execution.lifecycle.AutoCloseableHook.aroundProperty(AutoCloseableHook.java:14)
	at net.jqwik.api.lifecycle.AroundPropertyHook.lambda$around$2(AroundPropertyHook.java:37)
	at net.jqwik.engine.execution.PropertyMethodExecutor.executePropertyMethod(PropertyMethodExecutor.java:87)
	at net.jqwik.engine.execution.PropertyMethodExecutor.execute(PropertyMethodExecutor.java:46)
	at net.jqwik.engine.execution.PropertyTaskCreator.executeTestMethod(PropertyTaskCreator.java:73)
	at net.jqwik.engine.execution.PropertyTaskCreator.lambda$createTask$1(PropertyTaskCreator.java:38)
	at net.jqwik.engine.execution.pipeline.ExecutionTask$1.execute(ExecutionTask.java:24)
	at net.jqwik.engine.execution.pipeline.ExecutionPipeline.runToTermination(ExecutionPipeline.java:81)
	at net.jqwik.engine.execution.JqwikExecutor.execute(JqwikExecutor.java:46)
	at net.jqwik.engine.JqwikTestEngine.executeTests(JqwikTestEngine.java:93)
	at net.jqwik.engine.JqwikTestEngine.execute(JqwikTestEngine.java:82)
Caused by: java.lang.NullPointerException: Cannot invoke "com.farmer.crop.entity.AgroEcologicalZone.getId()" because "zone" is null
	at com.farmer.crop.service.AgroEcologicalZoneService.mapToDto(AgroEcologicalZoneService.java:283)
	at com.farmer.crop.service.AgroEcologicalZoneService.getZoneByDistrictAndState(AgroEcologicalZoneService.java:132)
	at com.farmer.crop.service.AgroEcologicalZoneService.getZoneForLocation(AgroEcologicalZoneService.java:63)
	... 24 more

com.farmer.crop.service.LocationZoneMappingConsistencyPropertyTest.zoneMappingIsDeterministic -- Time elapsed: 0.077 s <<< ERROR!
com.farmer.crop.exception.ZoneMappingException: Failed to map location to zone
	at com.farmer.crop.service.AgroEcologicalZoneService.getZoneForLocation(AgroEcologicalZoneService.java:85)
	at com.farmer.crop.service.LocationZoneMappingConsistencyPropertyTest.zoneMappingIsDeterministic(LocationZoneMappingConsistencyPropertyTest.java:229)
	at java.base/java.lang.reflect.Method.invoke(Method.java:580)
	at net.jqwik.engine.execution.CheckedPropertyFactory.lambda$createCheckedFunction$1(CheckedPropertyFactory.java:45)
	at net.jqwik.engine.execution.CheckedPropertyFactory.lambda$createCheckedFunction$3(CheckedPropertyFactory.java:51)
	at net.jqwik.engine.properties.shrinking.ElementsShrinkingSequence.lambda$falsifierForPosition$4(ElementsShrinkingSequence.java:100)
	at net.jqwik.engine.properties.shrinking.CombinedShrinkable$CombinedShrinkingSequence.lambda$new$0(CombinedShrinkable.java:48)
	at net.jqwik.engine.properties.shrinking.ElementsShrinkingSequence.lambda$falsifierForPosition$4(ElementsShrinkingSequence.java:100)
	at net.jqwik.api.Falsifier.lambda$withFilter$0(Falsifier.java:20)
	at net.jqwik.engine.properties.shrinking.MappedShrinkable.lambda$shrink$0(MappedShrinkable.java:26)
	at net.jqwik.api.Falsifier.falsify(Falsifier.java:41)
	at net.jqwik.engine.properties.shrinking.DeepSearchShrinkingSequence.falsify(DeepSearchShrinkingSequence.java:74)
	at java.base/java.util.stream.ReferencePipeline$3$1.accept(ReferencePipeline.java:197)
	at java.base/java.util.stream.SortedOps$SizedRefSortingSink.end(SortedOps.java:357)
	at java.base/java.util.stream.AbstractPipeline.copyInto(AbstractPipeline.java:510)
	at java.base/java.util.stream.AbstractPipeline.wrapAndCopyInto(AbstractPipeline.java:499)
	at java.base/java.util.stream.ReduceOps$ReduceOp.evaluateSequential(ReduceOps.java:921)
	at java.base/java.util.stream.AbstractPipeline.evaluate(AbstractPipeline.java:234)
	at java.base/java.util.stream.ReferencePipeline.collect(ReferencePipeline.java:682)
	at net.jqwik.engine.properties.shrinking.DeepSearchShrinkingSequence.next(DeepSearchShrinkingSequence.java:37)
	at net.jqwik.engine.properties.shrinking.MappedShrinkingSequence.next(MappedShrinkingSequence.java:18)
	at net.jqwik.engine.properties.shrinking.UniqueShrinkable$UniqueShrinkingSequence.next(UniqueShrinkable.java:66)
	at net.jqwik.engine.properties.shrinking.ElementsShrinkingSequence.shrinkCurrentPosition(ElementsShrinkingSequence.java:57)
	at net.jqwik.engine.properties.shrinking.ElementsShrinkingSequence.next(ElementsShrinkingSequence.java:46)
	at net.jqwik.engine.properties.shrinking.ElementsShrinkingSequence.advanceToNextShrinkingPosition(ElementsShrinkingSequence.java:69)
	at net.jqwik.engine.properties.shrinking.ElementsShrinkingSequence.shrinkCurrentPosition(ElementsShrinkingSequence.java:58)
	at net.jqwik.engine.properties.shrinking.ElementsShrinkingSequence.next(ElementsShrinkingSequence.java:46)
	at net.jqwik.engine.properties.shrinking.CombinedShrinkable$CombinedShrinkingSequence.next(CombinedShrinkable.java:74)
	at net.jqwik.engine.properties.shrinking.ElementsShrinkingSequence.shrinkCurrentPosition(ElementsShrinkingSequence.java:57)
	at net.jqwik.engine.properties.shrinking.ElementsShrinkingSequence.next(ElementsShrinkingSequence.java:46)
	at net.jqwik.engine.properties.shrinking.PropertyShrinker.shrink(PropertyShrinker.java:42)
	at net.jqwik.engine.properties.GenericProperty.shrink(GenericProperty.java:141)
	at net.jqwik.engine.properties.GenericProperty.shrinkAndCreateCheckResult(GenericProperty.java:122)
	at net.jqwik.engine.properties.GenericProperty.checkWithoutReporting(GenericProperty.java:79)
	at net.jqwik.engine.properties.GenericProperty.check(GenericProperty.java:39)
	at net.jqwik.engine.execution.CheckedProperty.check(CheckedProperty.java:39)
	at net.jqwik.engine.execution.PropertyMethodExecutor.executeProperty(PropertyMethodExecutor.java:121)
	at net.jqwik.engine.execution.PropertyMethodExecutor.executeMethod(PropertyMethodExecutor.java:109)
	at net.jqwik.engine.execution.PropertyMethodExecutor.lambda$executePropertyMethod$0(PropertyMethodExecutor.java:89)
	at net.jqwik.api.lifecycle.AroundPropertyHook.lambda$static$0(AroundPropertyHook.java:17)
	at net.jqwik.api.lifecycle.AroundPropertyHook.lambda$null$1(AroundPropertyHook.java:32)
	at net.jqwik.engine.execution.lifecycle.AutoCloseableHook.aroundProperty(AutoCloseableHook.java:14)
	at net.jqwik.api.lifecycle.AroundPropertyHook.lambda$around$2(AroundPropertyHook.java:37)
	at net.jqwik.engine.execution.PropertyMethodExecutor.executePropertyMethod(PropertyMethodExecutor.java:87)
	at net.jqwik.engine.execution.PropertyMethodExecutor.execute(PropertyMethodExecutor.java:46)
	at net.jqwik.engine.execution.PropertyTaskCreator.executeTestMethod(PropertyTaskCreator.java:73)
	at net.jqwik.engine.execution.PropertyTaskCreator.lambda$createTask$1(PropertyTaskCreator.java:38)
	at net.jqwik.engine.execution.pipeline.ExecutionTask$1.execute(ExecutionTask.java:24)
	at net.jqwik.engine.execution.pipeline.ExecutionPipeline.runToTermination(ExecutionPipeline.java:81)
	at net.jqwik.engine.execution.JqwikExecutor.execute(JqwikExecutor.java:46)
	at net.jqwik.engine.JqwikTestEngine.executeTests(JqwikTestEngine.java:93)
	at net.jqwik.engine.JqwikTestEngine.execute(JqwikTestEngine.java:82)
Caused by: java.lang.NullPointerException: Cannot invoke "com.farmer.crop.entity.AgroEcologicalZone.getId()" because "zone" is null
	at com.farmer.crop.service.AgroEcologicalZoneService.mapToDto(AgroEcologicalZoneService.java:283)
	at com.farmer.crop.service.AgroEcologicalZoneService.getZoneByCoordinates(AgroEcologicalZoneService.java:170)
	at com.farmer.crop.service.AgroEcologicalZoneService.getZoneForLocation(AgroEcologicalZoneService.java:68)
	... 51 more

com.farmer.crop.service.LocationZoneMappingConsistencyPropertyTest.sameGpsCoordinatesShouldMapToSameZone -- Time elapsed: 0.054 s <<< ERROR!
com.farmer.crop.exception.ZoneMappingException: Failed to map location to zone
	at com.farmer.crop.service.AgroEcologicalZoneService.getZoneForLocation(AgroEcologicalZoneService.java:85)
	at com.farmer.crop.service.LocationZoneMappingConsistencyPropertyTest.sameGpsCoordinatesShouldMapToSameZone(LocationZoneMappingConsistencyPropertyTest.java:121)
	at java.base/java.lang.reflect.Method.invoke(Method.java:580)
	at net.jqwik.engine.execution.CheckedPropertyFactory.lambda$createCheckedFunction$1(CheckedPropertyFactory.java:45)
	at net.jqwik.engine.execution.CheckedPropertyFactory.lambda$createCheckedFunction$3(CheckedPropertyFactory.java:51)
	at net.jqwik.engine.properties.shrinking.ElementsShrinkingSequence.lambda$falsifierForPosition$4(ElementsShrinkingSequence.java:100)
	at net.jqwik.engine.properties.shrinking.CombinedShrinkable$CombinedShrinkingSequence.lambda$new$0(CombinedShrinkable.java:48)
	at net.jqwik.engine.properties.shrinking.ElementsShrinkingSequence.lambda$falsifierForPosition$4(ElementsShrinkingSequence.java:100)
	at net.jqwik.api.Falsifier.lambda$withFilter$0(Falsifier.java:20)
	at net.jqwik.engine.properties.shrinking.MappedShrinkable.lambda$shrink$0(MappedShrinkable.java:26)
	at net.jqwik.api.Falsifier.falsify(Falsifier.java:41)
	at net.jqwik.engine.properties.shrinking.DeepSearchShrinkingSequence.falsify(DeepSearchShrinkingSequence.java:74)
	at java.base/java.util.stream.ReferencePipeline$3$1.accept(ReferencePipeline.java:197)
	at java.base/java.util.stream.SortedOps$SizedRefSortingSink.end(SortedOps.java:357)
	at java.base/java.util.stream.AbstractPipeline.copyInto(AbstractPipeline.java:510)
	at java.base/java.util.stream.AbstractPipeline.wrapAndCopyInto(AbstractPipeline.java:499)
	at java.base/java.util.stream.ReduceOps$ReduceOp.evaluateSequential(ReduceOps.java:921)
	at java.base/java.util.stream.AbstractPipeline.evaluate(AbstractPipeline.java:234)
	at java.base/java.util.stream.ReferencePipeline.collect(ReferencePipeline.java:682)
	at net.jqwik.engine.properties.shrinking.DeepSearchShrinkingSequence.next(DeepSearchShrinkingSequence.java:37)
	at net.jqwik.engine.properties.shrinking.MappedShrinkingSequence.next(MappedShrinkingSequence.java:18)
	at net.jqwik.engine.properties.shrinking.UniqueShrinkable$UniqueShrinkingSequence.next(UniqueShrinkable.java:66)
	at net.jqwik.engine.properties.shrinking.ElementsShrinkingSequence.shrinkCurrentPosition(ElementsShrinkingSequence.java:57)
	at net.jqwik.engine.properties.shrinking.ElementsShrinkingSequence.next(ElementsShrinkingSequence.java:46)
	at net.jqwik.engine.properties.shrinking.ElementsShrinkingSequence.advanceToNextShrinkingPosition(ElementsShrinkingSequence.java:69)
	at net.jqwik.engine.properties.shrinking.ElementsShrinkingSequence.shrinkCurrentPosition(ElementsShrinkingSequence.java:58)
	at net.jqwik.engine.properties.shrinking.ElementsShrinkingSequence.next(ElementsShrinkingSequence.java:46)
	at net.jqwik.engine.properties.shrinking.CombinedShrinkable$CombinedShrinkingSequence.next(CombinedShrinkable.java:74)
	at net.jqwik.engine.properties.shrinking.ElementsShrinkingSequence.shrinkCurrentPosition(ElementsShrinkingSequence.java:57)
	at net.jqwik.engine.properties.shrinking.ElementsShrinkingSequence.next(ElementsShrinkingSequence.java:46)
	at net.jqwik.engine.properties.shrinking.PropertyShrinker.shrink(PropertyShrinker.java:42)
	at net.jqwik.engine.properties.GenericProperty.shrink(GenericProperty.java:141)
	at net.jqwik.engine.properties.GenericProperty.shrinkAndCreateCheckResult(GenericProperty.java:122)
	at net.jqwik.engine.properties.GenericProperty.checkWithoutReporting(GenericProperty.java:79)
	at net.jqwik.engine.properties.GenericProperty.check(GenericProperty.java:39)
	at net.jqwik.engine.execution.CheckedProperty.check(CheckedProperty.java:39)
	at net.jqwik.engine.execution.PropertyMethodExecutor.executeProperty(PropertyMethodExecutor.java:121)
	at net.jqwik.engine.execution.PropertyMethodExecutor.executeMethod(PropertyMethodExecutor.java:109)
	at net.jqwik.engine.execution.PropertyMethodExecutor.lambda$executePropertyMethod$0(PropertyMethodExecutor.java:89)
	at net.jqwik.api.lifecycle.AroundPropertyHook.lambda$static$0(AroundPropertyHook.java:17)
	at net.jqwik.api.lifecycle.AroundPropertyHook.lambda$null$1(AroundPropertyHook.java:32)
	at net.jqwik.engine.execution.lifecycle.AutoCloseableHook.aroundProperty(AutoCloseableHook.java:14)
	at net.jqwik.api.lifecycle.AroundPropertyHook.lambda$around$2(AroundPropertyHook.java:37)
	at net.jqwik.engine.execution.PropertyMethodExecutor.executePropertyMethod(PropertyMethodExecutor.java:87)
	at net.jqwik.engine.execution.PropertyMethodExecutor.execute(PropertyMethodExecutor.java:46)
	at net.jqwik.engine.execution.PropertyTaskCreator.executeTestMethod(PropertyTaskCreator.java:73)
	at net.jqwik.engine.execution.PropertyTaskCreator.lambda$createTask$1(PropertyTaskCreator.java:38)
	at net.jqwik.engine.execution.pipeline.ExecutionTask$1.execute(ExecutionTask.java:24)
	at net.jqwik.engine.execution.pipeline.ExecutionPipeline.runToTermination(ExecutionPipeline.java:81)
	at net.jqwik.engine.execution.JqwikExecutor.execute(JqwikExecutor.java:46)
	at net.jqwik.engine.JqwikTestEngine.executeTests(JqwikTestEngine.java:93)
	at net.jqwik.engine.JqwikTestEngine.execute(JqwikTestEngine.java:82)
Caused by: java.lang.NullPointerException: Cannot invoke "com.farmer.crop.entity.AgroEcologicalZone.getId()" because "zone" is null
	at com.farmer.crop.service.AgroEcologicalZoneService.mapToDto(AgroEcologicalZoneService.java:283)
	at com.farmer.crop.service.AgroEcologicalZoneService.getZoneByCoordinates(AgroEcologicalZoneService.java:170)
	at com.farmer.crop.service.AgroEcologicalZoneService.getZoneForLocation(AgroEcologicalZoneService.java:68)
	... 51 more

