<?xml version="1.0" encoding="UTF-8"?>
<testsuite xmlns:xsi="http://www.w3.org/2001/XMLSchema-instance" xsi:noNamespaceSchemaLocation="https://maven.apache.org/surefire/maven-surefire-plugin/xsd/surefire-test-report-3.0.xsd" version="3.0" name="com.farmer.crop.controller.AgroEcologicalZoneControllerTest" time="8.296" tests="9" errors="0" skipped="0" failures="0">
  <properties>
[...]
</properties>
  <testcase name="getZoneByCode_WithInvalidCode_Returns404" classname="com.farmer.crop.controller.AgroEcologicalZoneControllerTest" time="0.42">
    <system-out><![CDATA[10:37:52.640 [main] INFO org.springframework.test.context.support.AnnotationConfigContextLoaderUtils -- Could not detect default configuration classes for test class [com.farmer.crop.controller.AgroEcologicalZoneControllerTest]: AgroEcologicalZoneControllerTest does not declare any static, non-private, non-final, nested classes annotated with @Configuration.
10:37:52.930 [main] INFO org.springframework.boot.test.context.SpringBootTestContextBootstrapper -- Found @SpringBootConfiguration com.farmer.crop.CropServiceApplication for test class com.farmer.crop.controller.AgroEcologicalZoneControllerTest

  .   ____          _            __ _ _
 /\\ / ___'_ __ _ _(_)_ __  __ _ \ \ \ \
( ( )\___ | '_ | '_| | '_ \/ _` | \ \ \ \
 \\/  ___)| |_)| | | | | || (_| |  ) ) ) )
  '  |____| .__|_| |_|_| |_\__, | / / / /
 =========|_|==============|___/=/_/_/_/
 :: Spring Boot ::                (v3.2.0)

2026-02-21T10:37:53.504+05:30  INFO 34696 --- [crop-service-test] [           main] c.f.c.c.AgroEcologicalZoneControllerTest : Starting AgroEcologicalZoneControllerTest using Java 21.0.8 with PID 34696 (started by nikhi in D:\Project\AI for Bharat\indian-farmer-assistance-app\backend\crop-service)
2026-02-21T10:37:53.505+05:30 DEBUG 34696 --- [crop-service-test] [           main] c.f.c.c.AgroEcologicalZoneControllerTest : Running with Spring Boot v3.2.0, Spring v6.1.1
2026-02-21T10:37:53.505+05:30  INFO 34696 --- [crop-service-test] [           main] c.f.c.c.AgroEcologicalZoneControllerTest : No active profile set, falling back to 1 default profile: "default"
2026-02-21T10:37:58.942+05:30  WARN 34696 --- [crop-service-test] [           main] .s.s.UserDetailsServiceAutoConfiguration : 

Using generated security password: dc6e44b8-9f37-4206-a880-4d6313d94253

This generated password is for development use only. Your security configuration must be updated before running your application in production.

2026-02-21T10:37:59.412+05:30  INFO 34696 --- [crop-service-test] [           main] o.s.s.web.DefaultSecurityFilterChain     : Will secure any request with [org.springframework.security.web.session.DisableEncodeUrlFilter@2a54c92e, org.springframework.security.web.context.request.async.WebAsyncManagerIntegrationFilter@31533eb1, org.springframework.security.web.context.SecurityContextHolderFilter@13f4048e, org.springframework.security.web.header.HeaderWriterFilter@1e5b33e5, org.springframework.web.filter.CorsFilter@1fb71788, org.springframework.security.web.csrf.CsrfFilter@4a890fdd, org.springframework.security.web.authentication.logout.LogoutFilter@1a139347, org.springframework.security.web.authentication.UsernamePasswordAuthenticationFilter@356fa0d1, org.springframework.security.web.authentication.ui.DefaultLoginPageGeneratingFilter@7fcc3745, org.springframework.security.web.authentication.ui.DefaultLogoutPageGeneratingFilter@8cb7185, org.springframework.security.web.authentication.www.BasicAuthenticationFilter@e5c5e6, org.springframework.security.web.savedrequest.RequestCacheAwareFilter@6dc9a56e, org.springframework.security.web.servletapi.SecurityContextHolderAwareRequestFilter@287ad0da, org.springframework.security.web.authentication.AnonymousAuthenticationFilter@4dac40b, org.springframework.security.web.access.ExceptionTranslationFilter@5788722f, org.springframework.security.web.access.intercept.AuthorizationFilter@3caa4d85]
2026-02-21T10:37:59.518+05:30  INFO 34696 --- [crop-service-test] [           main] o.s.b.t.m.w.SpringBootMockServletContext : Initializing Spring TestDispatcherServlet ''
2026-02-21T10:37:59.519+05:30  INFO 34696 --- [crop-service-test] [           main] o.s.t.web.servlet.TestDispatcherServlet  : Initializing Servlet ''
2026-02-21T10:37:59.520+05:30  INFO 34696 --- [crop-service-test] [           main] o.s.t.web.servlet.TestDispatcherServlet  : Completed initialization in 1 ms
2026-02-21T10:37:59.736+05:30  INFO 34696 --- [crop-service-test] [           main] c.f.c.c.AgroEcologicalZoneControllerTest : Started AgroEcologicalZoneControllerTest in 6.698 seconds (process running for 9.095)
2026-02-21T10:38:00.082+05:30  INFO 34696 --- [crop-service-test] [           main] c.f.c.c.AgroEcologicalZoneController     : Getting zone by code: AEZ-99
]]></system-out>
    <system-err><![CDATA[Feb 21, 2026 10:37:51 AM net.jqwik.engine.JqwikProperties loadProperties
INFO: No Jqwik properties file [jqwik.properties] found.
Feb 21, 2026 10:37:51 AM net.jqwik.engine.descriptor.DiscoverySupport warnWhenJunitAnnotationsArePresent
WARNING: [class com.farmer.crop.service.AgroEcologicalZoneServiceTest] has annotation [@org.junit.jupiter.api.extension.ExtendWith({org.mockito.junit.jupiter.MockitoExtension.class})] from JUnit which cannot be processed by jqwik
Feb 21, 2026 10:37:51 AM net.jqwik.engine.descriptor.DiscoverySupport warnWhenJunitAnnotationsArePresent
WARNING: [class com.farmer.crop.service.CropRecommendationServiceTest] has annotation [@org.junit.jupiter.api.extension.ExtendWith({org.mockito.junit.jupiter.MockitoExtension.class})] from JUnit which cannot be processed by jqwik
Feb 21, 2026 10:37:51 AM net.jqwik.engine.descriptor.DiscoverySupport warnWhenJunitAnnotationsArePresent
WARNING: [class com.farmer.crop.service.CropRecommendationUnitTest] has annotation [@org.junit.jupiter.api.extension.ExtendWith({org.mockito.junit.jupiter.MockitoExtension.class})] from JUnit which cannot be processed by jqwik
Feb 21, 2026 10:37:51 AM net.jqwik.engine.descriptor.DiscoverySupport warnWhenJunitAnnotationsArePresent
WARNING: [void com.farmer.crop.service.GaezSuitabilityPropertyTest.classificationShouldMatchScoreRange(com.farmer.crop.entity.GaezCropData)] has annotation [@org.junit.jupiter.api.DisplayName("Classification should match score range")] from JUnit which cannot be processed by jqwik
Feb 21, 2026 10:37:51 AM net.jqwik.engine.descriptor.DiscoverySupport warnWhenJunitAnnotationsArePresent
WARNING: [void com.farmer.crop.service.GaezSuitabilityPropertyTest.resultsShouldBeSortedByScoreDescending(java.util.List)] has annotation [@org.junit.jupiter.api.DisplayName("Results should be sorted by overall score in descending order")] from JUnit which cannot be processed by jqwik
Feb 21, 2026 10:37:51 AM net.jqwik.engine.descriptor.DiscoverySupport warnWhenJunitAnnotationsArePresent
WARNING: [void com.farmer.crop.service.GaezSuitabilityPropertyTest.overallScoreShouldBeDerivedFromComponents(com.farmer.crop.entity.GaezCropData)] has annotation [@org.junit.jupiter.api.DisplayName("Overall score should be derived from component scores")] from JUnit which cannot be processed by jqwik
Feb 21, 2026 10:37:51 AM net.jqwik.engine.descriptor.DiscoverySupport warnWhenJunitAnnotationsArePresent
WARNING: [void com.farmer.crop.service.GaezSuitabilityPropertyTest.suitabilityScoresShouldBeInValidRange(com.farmer.crop.entity.GaezCropData)] has annotation [@org.junit.jupiter.api.DisplayName("Suitability scores should be between 0 and 100")] from JUnit which cannot be processed by jqwik
Feb 21, 2026 10:37:51 AM net.jqwik.engine.descriptor.DiscoverySupport warnWhenJunitAnnotationsArePresent
WARNING: [class com.farmer.crop.service.GaezSuitabilityServiceTest] has annotation [@org.junit.jupiter.api.extension.ExtendWith({org.mockito.junit.jupiter.MockitoExtension.class})] from JUnit which cannot be processed by jqwik
Feb 21, 2026 10:37:51 AM net.jqwik.engine.descriptor.DiscoverySupport warnWhenJunitAnnotationsArePresent
WARNING: [class com.farmer.crop.service.AgroEcologicalZoneServiceTest] has annotation [@org.junit.jupiter.api.extension.ExtendWith({org.mockito.junit.jupiter.MockitoExtension.class})] from JUnit which cannot be processed by jqwik
Feb 21, 2026 10:37:51 AM net.jqwik.engine.descriptor.DiscoverySupport warnWhenJunitAnnotationsArePresent
WARNING: [class com.farmer.crop.service.CropRecommendationServiceTest] has annotation [@org.junit.jupiter.api.extension.ExtendWith({org.mockito.junit.jupiter.MockitoExtension.class})] from JUnit which cannot be processed by jqwik
Feb 21, 2026 10:37:51 AM net.jqwik.engine.descriptor.DiscoverySupport warnWhenJunitAnnotationsArePresent
WARNING: [class com.farmer.crop.service.CropRecommendationUnitTest] has annotation [@org.junit.jupiter.api.extension.ExtendWith({org.mockito.junit.jupiter.MockitoExtension.class})] from JUnit which cannot be processed by jqwik
Feb 21, 2026 10:37:51 AM net.jqwik.engine.descriptor.DiscoverySupport warnWhenJunitAnnotationsArePresent
WARNING: [void com.farmer.crop.service.GaezSuitabilityPropertyTest.classificationShouldMatchScoreRange(com.farmer.crop.entity.GaezCropData)] has annotation [@org.junit.jupiter.api.DisplayName("Classification should match score range")] from JUnit which cannot be processed by jqwik
Feb 21, 2026 10:37:51 AM net.jqwik.engine.descriptor.DiscoverySupport warnWhenJunitAnnotationsArePresent
WARNING: [void com.farmer.crop.service.GaezSuitabilityPropertyTest.resultsShouldBeSortedByScoreDescending(java.util.List)] has annotation [@org.junit.jupiter.api.DisplayName("Results should be sorted by overall score in descending order")] from JUnit which cannot be processed by jqwik
Feb 21, 2026 10:37:51 AM net.jqwik.engine.descriptor.DiscoverySupport warnWhenJunitAnnotationsArePresent
WARNING: [void com.farmer.crop.service.GaezSuitabilityPropertyTest.overallScoreShouldBeDerivedFromComponents(com.farmer.crop.entity.GaezCropData)] has annotation [@org.junit.jupiter.api.DisplayName("Overall score should be derived from component scores")] from JUnit which cannot be processed by jqwik
Feb 21, 2026 10:37:51 AM net.jqwik.engine.descriptor.DiscoverySupport warnWhenJunitAnnotationsArePresent
WARNING: [void com.farmer.crop.service.GaezSuitabilityPropertyTest.suitabilityScoresShouldBeInValidRange(com.farmer.crop.entity.GaezCropData)] has annotation [@org.junit.jupiter.api.DisplayName("Suitability scores should be between 0 and 100")] from JUnit which cannot be processed by jqwik
Feb 21, 2026 10:37:51 AM net.jqwik.engine.descriptor.DiscoverySupport warnWhenJunitAnnotationsArePresent
WARNING: [class com.farmer.crop.service.GaezSuitabilityServiceTest] has annotation [@org.junit.jupiter.api.extension.ExtendWith({org.mockito.junit.jupiter.MockitoExtension.class})] from JUnit which cannot be processed by jqwik
WARNING: A Java agent has been loaded dynamically (C:\Users\nikhi\.m2\repository\net\bytebuddy\byte-buddy-agent\1.14.10\byte-buddy-agent-1.14.10.jar)
WARNING: If a serviceability tool is in use, please run with -XX:+EnableDynamicAgentLoading to hide this warning
WARNING: If a serviceability tool is not in use, please run with -Djdk.instrument.traceUsage for more information
WARNING: Dynamic loading of agents will be disallowed by default in a future release
]]></system-err>
  </testcase>
  <testcase name="getZonesByClimateType_WithValidClimate_ReturnsZones" classname="com.farmer.crop.controller.AgroEcologicalZoneControllerTest" time="0.104">
    <system-out><![CDATA[2026-02-21T10:38:00.189+05:30  INFO 34696 --- [crop-service-test] [           main] c.f.c.c.AgroEcologicalZoneController     : Getting zones by climate type: Tropical
]]></system-out>
  </testcase>
  <testcase name="lookupZone_WithInvalidLocation_Returns404" classname="com.farmer.crop.controller.AgroEcologicalZoneControllerTest" time="0.238">
    <system-out><![CDATA[2026-02-21T10:38:00.511+05:30  INFO 34696 --- [crop-service-test] [           main] c.f.c.c.AgroEcologicalZoneController     : Zone lookup request: LocationRequestDto(district=InvalidDistrict, state=Uttar Pradesh, latitude=null, longitude=null, village=null)
2026-02-21T10:38:00.516+05:30  WARN 34696 --- [crop-service-test] [           main] c.f.c.c.AgroEcologicalZoneController     : Zone lookup failed: Location not found
]]></system-out>
  </testcase>
  <testcase name="getZoneByCode_WithValidCode_ReturnsZone" classname="com.farmer.crop.controller.AgroEcologicalZoneControllerTest" time="0.007">
    <system-out><![CDATA[2026-02-21T10:38:00.535+05:30  INFO 34696 --- [crop-service-test] [           main] c.f.c.c.AgroEcologicalZoneController     : Getting zone by code: AEZ-05
]]></system-out>
  </testcase>
  <testcase name="getZoneByDistrictAndState_WithValidParams_ReturnsZone" classname="com.farmer.crop.controller.AgroEcologicalZoneControllerTest" time="0.011">
    <system-out><![CDATA[2026-02-21T10:38:00.545+05:30  INFO 34696 --- [crop-service-test] [           main] c.f.c.c.AgroEcologicalZoneController     : Zone lookup by district and state: Lucknow, Uttar%20Pradesh
]]></system-out>
  </testcase>
  <testcase name="getZoneByCoordinates_WithValidParams_ReturnsZone" classname="com.farmer.crop.controller.AgroEcologicalZoneControllerTest" time="0.013">
    <system-out><![CDATA[2026-02-21T10:38:00.560+05:30  INFO 34696 --- [crop-service-test] [           main] c.f.c.c.AgroEcologicalZoneController     : Zone lookup by coordinates: 26.8467, 80.9462
]]></system-out>
  </testcase>
  <testcase name="getDistrictsByState_WithValidState_ReturnsDistricts" classname="com.farmer.crop.controller.AgroEcologicalZoneControllerTest" time="0.011">
    <system-out><![CDATA[2026-02-21T10:38:00.571+05:30  INFO 34696 --- [crop-service-test] [           main] c.f.c.c.AgroEcologicalZoneController     : Getting districts for state: Maharashtra
]]></system-out>
  </testcase>
  <testcase name="getAllZones_ReturnsAllZones" classname="com.farmer.crop.controller.AgroEcologicalZoneControllerTest" time="0.007">
    <system-out><![CDATA[2026-02-21T10:38:00.582+05:30  INFO 34696 --- [crop-service-test] [           main] c.f.c.c.AgroEcologicalZoneController     : Getting all agro-ecological zones
]]></system-out>
  </testcase>
  <testcase name="lookupZone_WithValidLocation_ReturnsZone" classname="com.farmer.crop.controller.AgroEcologicalZoneControllerTest" time="0.008">
    <system-out><![CDATA[2026-02-21T10:38:00.593+05:30  INFO 34696 --- [crop-service-test] [           main] c.f.c.c.AgroEcologicalZoneController     : Zone lookup request: LocationRequestDto(district=Lucknow, state=Uttar Pradesh, latitude=null, longitude=null, village=null)
]]></system-out>
  </testcase>
</testsuite>