<?xml version="1.0" encoding="UTF-8"?>
<testsuite xmlns:xsi="http://www.w3.org/2001/XMLSchema-instance" xsi:noNamespaceSchemaLocation="https://maven.apache.org/surefire/maven-surefire-plugin/xsd/surefire-test-report-3.0.xsd" version="3.0" name="com.farmer.crop.service.RotationRecommendationPropertyTest" time="0.09" tests="10" errors="10" skipped="0" failures="0">
  <properties>
[...]
</properties>
  <testcase name="Legume recommendations should not follow legumes in rotation" classname="com.farmer.crop.service.RotationRecommendationPropertyTest" time="0.031">
    <error message="Cannot invoke &quot;com.farmer.crop.service.RotationRecommendationEngine.generateRecommendations(com.farmer.crop.dto.RotationRecommendationRequestDto)&quot; because &quot;this.engine&quot; is null" type="java.lang.NullPointerException"><![CDATA[java.lang.NullPointerException: Cannot invoke "com.farmer.crop.service.RotationRecommendationEngine.generateRecommendations(com.farmer.crop.dto.RotationRecommendationRequestDto)" because "this.engine" is null
	at com.farmer.crop.service.RotationRecommendationPropertyTest.legumeRecommendationsShouldNotFollowLegumes(RotationRecommendationPropertyTest.java:142)
	at java.base/java.lang.reflect.Method.invoke(Method.java:580)
	at net.jqwik.engine.execution.CheckedPropertyFactory.lambda$createCheckedFunction$1(CheckedPropertyFactory.java:45)
	at net.jqwik.engine.execution.CheckedPropertyFactory.lambda$createCheckedFunction$3(CheckedPropertyFactory.java:51)
	at net.jqwik.engine.properties.GenericProperty.testPredicate(GenericProperty.java:106)
	at net.jqwik.engine.properties.GenericProperty.checkWithoutReporting(GenericProperty.java:71)
	at net.jqwik.engine.properties.GenericProperty.check(GenericProperty.java:39)
	at net.jqwik.engine.execution.CheckedProperty.check(CheckedProperty.java:39)
	at net.jqwik.engine.execution.PropertyMethodExecutor.executeProperty(PropertyMethodExecutor.java:121)
	at net.jqwik.engine.execution.PropertyMethodExecutor.executeMethod(PropertyMethodExecutor.java:109)
	at net.jqwik.engine.execution.PropertyMethodExecutor.lambda$executePropertyMethod$0(PropertyMethodExecutor.java:89)
	at net.jqwik.api.lifecycle.AroundPropertyHook.lambda$static$0(AroundPropertyHook.java:17)
	at net.jqwik.api.lifecycle.AroundPropertyHook.lambda$null$1(AroundPropertyHook.java:32)
	at net.jqwik.engine.execution.lifecycle.AutoCloseableHook.aroundProperty(AutoCloseableHook.java:14)
	at net.jqwik.api.lifecycle.AroundPropertyHook.lambda$around$2(AroundPropertyHook.java:37)
	at net.jqwik.engine.execution.PropertyMethodExecutor.executePropertyMethod(PropertyMethodExecutor.java:87)
	at net.jqwik.engine.execution.PropertyMethodExecutor.execute(PropertyMethodExecutor.java:46)
	at net.jqwik.engine.execution.PropertyTaskCreator.executeTestMethod(PropertyTaskCreator.java:73)
	at net.jqwik.engine.execution.PropertyTaskCreator.lambda$createTask$1(PropertyTaskCreator.java:38)
	at net.jqwik.engine.execution.pipeline.ExecutionTask$1.execute(ExecutionTask.java:24)
	at net.jqwik.engine.execution.pipeline.ExecutionPipeline.runToTermination(ExecutionPipeline.java:81)
	at net.jqwik.engine.execution.JqwikExecutor.execute(JqwikExecutor.java:46)
	at net.jqwik.engine.JqwikTestEngine.executeTests(JqwikTestEngine.java:93)
	at net.jqwik.engine.JqwikTestEngine.execute(JqwikTestEngine.java:82)
]]></error>
    <system-out><![CDATA[timestamp = 2026-02-21T10:38:09.697654300, RotationRecommendationPropertyTest:Legume recommendations should not follow legumes in rotation = 

java.lang.NullPointerException: Cannot invoke "com.farmer.crop.service.RotationRecommendationEngine.generateRecommendations(com.farmer.crop.dto.RotationRecommendationRequestDto)" because "this.engine" is null

                              |--------------------jqwik--------------------
tries = 1                     | # of calls to property
checks = 1                    | # of not rejected calls
generation-mode = EXHAUSTIVE  | parameters are exhaustively generated
after-failure = PREVIOUS_SEED | use the previous seed
seed = -7675874249980168503   | random seed to reproduce generated values
sample = [[CropHistoryEntryDto(cropId=1771650489682, cropName=Greengram, cropVariety=Common, sowingDate=2025-10-21, expectedHarvestDate=2026-02-21, actualHarvestDate=null, areaAcres=2.5, season=KHARIF, status=HARVESTED, totalYieldQuintals=null, cropFamily=LEGUMES, rootDepth=MEDIUM, seasonOrder=null, harvestedAt=null)]]
original-sample = [[CropHistoryEntryDto(cropId=1771650489682, cropName=Greengram, cropVariety=Common, sowingDate=2025-10-21, expectedHarvestDate=2026-02-21, actualHarvestDate=null, areaAcres=2.5, season=KHARIF, status=HARVESTED, totalYieldQuintals=null, cropFamily=LEGUMES, rootDepth=MEDIUM, seasonOrder=null, harvestedAt=null)]]


]]></system-out>
  </testcase>
  <testcase name="Rice diversification should include pulses and oilseeds" classname="com.farmer.crop.service.RotationRecommendationPropertyTest" time="0.006">
    <error message="Cannot invoke &quot;com.farmer.crop.service.RotationRecommendationEngine.generateRecommendations(com.farmer.crop.dto.RotationRecommendationRequestDto)&quot; because &quot;this.engine&quot; is null" type="java.lang.NullPointerException"><![CDATA[java.lang.NullPointerException: Cannot invoke "com.farmer.crop.service.RotationRecommendationEngine.generateRecommendations(com.farmer.crop.dto.RotationRecommendationRequestDto)" because "this.engine" is null
	at com.farmer.crop.service.RotationRecommendationPropertyTest.riceDiversificationShouldIncludeKeyCrops(RotationRecommendationPropertyTest.java:267)
	at java.base/java.lang.reflect.Method.invoke(Method.java:580)
	at net.jqwik.engine.execution.CheckedPropertyFactory.lambda$createCheckedFunction$1(CheckedPropertyFactory.java:45)
	at net.jqwik.engine.execution.CheckedPropertyFactory.lambda$createCheckedFunction$3(CheckedPropertyFactory.java:51)
	at net.jqwik.engine.properties.GenericProperty.testPredicate(GenericProperty.java:106)
	at net.jqwik.engine.properties.GenericProperty.checkWithoutReporting(GenericProperty.java:71)
	at net.jqwik.engine.properties.GenericProperty.check(GenericProperty.java:39)
	at net.jqwik.engine.execution.CheckedProperty.check(CheckedProperty.java:39)
	at net.jqwik.engine.execution.PropertyMethodExecutor.executeProperty(PropertyMethodExecutor.java:121)
	at net.jqwik.engine.execution.PropertyMethodExecutor.executeMethod(PropertyMethodExecutor.java:109)
	at net.jqwik.engine.execution.PropertyMethodExecutor.lambda$executePropertyMethod$0(PropertyMethodExecutor.java:89)
	at net.jqwik.api.lifecycle.AroundPropertyHook.lambda$static$0(AroundPropertyHook.java:17)
	at net.jqwik.api.lifecycle.AroundPropertyHook.lambda$null$1(AroundPropertyHook.java:32)
	at net.jqwik.engine.execution.lifecycle.AutoCloseableHook.aroundProperty(AutoCloseableHook.java:14)
	at net.jqwik.api.lifecycle.AroundPropertyHook.lambda$around$2(AroundPropertyHook.java:37)
	at net.jqwik.engine.execution.PropertyMethodExecutor.executePropertyMethod(PropertyMethodExecutor.java:87)
	at net.jqwik.engine.execution.PropertyMethodExecutor.execute(PropertyMethodExecutor.java:46)
	at net.jqwik.engine.execution.PropertyTaskCreator.executeTestMethod(PropertyTaskCreator.java:73)
	at net.jqwik.engine.execution.PropertyTaskCreator.lambda$createTask$1(PropertyTaskCreator.java:38)
	at net.jqwik.engine.execution.pipeline.ExecutionTask$1.execute(ExecutionTask.java:24)
	at net.jqwik.engine.execution.pipeline.ExecutionPipeline.runToTermination(ExecutionPipeline.java:81)
	at net.jqwik.engine.execution.JqwikExecutor.execute(JqwikExecutor.java:46)
	at net.jqwik.engine.JqwikTestEngine.executeTests(JqwikTestEngine.java:93)
	at net.jqwik.engine.JqwikTestEngine.execute(JqwikTestEngine.java:82)
]]></error>
    <system-out><![CDATA[timestamp = 2026-02-21T10:38:09.714979700, RotationRecommendationPropertyTest:Rice diversification should include pulses and oilseeds = 

java.lang.NullPointerException: Cannot invoke "com.farmer.crop.service.RotationRecommendationEngine.generateRecommendations(com.farmer.crop.dto.RotationRecommendationRequestDto)" because "this.engine" is null

                              |--------------------jqwik--------------------
tries = 1                     | # of calls to property
checks = 1                    | # of not rejected calls
generation-mode = EXHAUSTIVE  | parameters are exhaustively generated
after-failure = PREVIOUS_SEED | use the previous seed
seed = 8089300294848226852    | random seed to reproduce generated values
sample = [[CropHistoryEntryDto(cropId=1771650489713, cropName=Rice, cropVariety=Common, sowingDate=2025-10-21, expectedHarvestDate=2026-02-21, actualHarvestDate=null, areaAcres=2.5, season=KHARIF, status=HARVESTED, totalYieldQuintals=null, cropFamily=CEREALS, rootDepth=DEEP, seasonOrder=null, harvestedAt=null)]]
original-sample = [[CropHistoryEntryDto(cropId=1771650489713, cropName=Rice, cropVariety=Common, sowingDate=2025-10-21, expectedHarvestDate=2026-02-21, actualHarvestDate=null, areaAcres=2.5, season=KHARIF, status=HARVESTED, totalYieldQuintals=null, cropFamily=CEREALS, rootDepth=DEEP, seasonOrder=null, harvestedAt=null)]]


]]></system-out>
  </testcase>
  <testcase name="All rotation options should have valid scores between 0 and 100" classname="com.farmer.crop.service.RotationRecommendationPropertyTest" time="0.007">
    <error message="Cannot invoke &quot;com.farmer.crop.service.RotationRecommendationEngine.generateRecommendations(com.farmer.crop.dto.RotationRecommendationRequestDto)&quot; because &quot;this.engine&quot; is null" type="java.lang.NullPointerException"><![CDATA[java.lang.NullPointerException: Cannot invoke "com.farmer.crop.service.RotationRecommendationEngine.generateRecommendations(com.farmer.crop.dto.RotationRecommendationRequestDto)" because "this.engine" is null
	at com.farmer.crop.service.RotationRecommendationPropertyTest.allOptionsShouldHaveValidScores(RotationRecommendationPropertyTest.java:54)
	at java.base/java.lang.reflect.Method.invoke(Method.java:580)
	at net.jqwik.engine.execution.CheckedPropertyFactory.lambda$createCheckedFunction$1(CheckedPropertyFactory.java:45)
	at net.jqwik.engine.execution.CheckedPropertyFactory.lambda$createCheckedFunction$3(CheckedPropertyFactory.java:51)
	at net.jqwik.engine.properties.GenericProperty.testPredicate(GenericProperty.java:106)
	at net.jqwik.engine.properties.GenericProperty.checkWithoutReporting(GenericProperty.java:71)
	at net.jqwik.engine.properties.GenericProperty.check(GenericProperty.java:39)
	at net.jqwik.engine.execution.CheckedProperty.check(CheckedProperty.java:39)
	at net.jqwik.engine.execution.PropertyMethodExecutor.executeProperty(PropertyMethodExecutor.java:121)
	at net.jqwik.engine.execution.PropertyMethodExecutor.executeMethod(PropertyMethodExecutor.java:109)
	at net.jqwik.engine.execution.PropertyMethodExecutor.lambda$executePropertyMethod$0(PropertyMethodExecutor.java:89)
	at net.jqwik.api.lifecycle.AroundPropertyHook.lambda$static$0(AroundPropertyHook.java:17)
	at net.jqwik.api.lifecycle.AroundPropertyHook.lambda$null$1(AroundPropertyHook.java:32)
	at net.jqwik.engine.execution.lifecycle.AutoCloseableHook.aroundProperty(AutoCloseableHook.java:14)
	at net.jqwik.api.lifecycle.AroundPropertyHook.lambda$around$2(AroundPropertyHook.java:37)
	at net.jqwik.engine.execution.PropertyMethodExecutor.executePropertyMethod(PropertyMethodExecutor.java:87)
	at net.jqwik.engine.execution.PropertyMethodExecutor.execute(PropertyMethodExecutor.java:46)
	at net.jqwik.engine.execution.PropertyTaskCreator.executeTestMethod(PropertyTaskCreator.java:73)
	at net.jqwik.engine.execution.PropertyTaskCreator.lambda$createTask$1(PropertyTaskCreator.java:38)
	at net.jqwik.engine.execution.pipeline.ExecutionTask$1.execute(ExecutionTask.java:24)
	at net.jqwik.engine.execution.pipeline.ExecutionPipeline.runToTermination(ExecutionPipeline.java:81)
	at net.jqwik.engine.execution.JqwikExecutor.execute(JqwikExecutor.java:46)
	at net.jqwik.engine.JqwikTestEngine.executeTests(JqwikTestEngine.java:93)
	at net.jqwik.engine.JqwikTestEngine.execute(JqwikTestEngine.java:82)
]]></error>
    <system-out><![CDATA[timestamp = 2026-02-21T10:38:09.722985700, RotationRecommendationPropertyTest:All rotation options should have valid scores between 0 and 100 = 

java.lang.NullPointerException: Cannot invoke "com.farmer.crop.service.RotationRecommendationEngine.generateRecommendations(com.farmer.crop.dto.RotationRecommendationRequestDto)" because "this.engine" is null

                              |--------------------jqwik--------------------
tries = 1                     | # of calls to property
checks = 1                    | # of not rejected calls
generation-mode = EXHAUSTIVE  | parameters are exhaustively generated
after-failure = PREVIOUS_SEED | use the previous seed
seed = 2518158643617370585    | random seed to reproduce generated values
sample = [[CropHistoryEntryDto(cropId=1771650489718, cropName=Rice, cropVariety=Common, sowingDate=2025-10-21, expectedHarvestDate=2026-02-21, actualHarvestDate=null, areaAcres=2.5, season=KHARIF, status=HARVESTED, totalYieldQuintals=null, cropFamily=CEREALS, rootDepth=DEEP, seasonOrder=null, harvestedAt=null)], "KHARIF"]
original-sample = [[CropHistoryEntryDto(cropId=1771650489718, cropName=Rice, cropVariety=Common, sowingDate=2025-10-21, expectedHarvestDate=2026-02-21, actualHarvestDate=null, areaAcres=2.5, season=KHARIF, status=HARVESTED, totalYieldQuintals=null, cropFamily=CEREALS, rootDepth=DEEP, seasonOrder=null, harvestedAt=null)], "KHARIF"]


]]></system-out>
  </testcase>
  <testcase name="Rice-based system detection should be consistent for same input" classname="com.farmer.crop.service.RotationRecommendationPropertyTest" time="0.006">
    <error message="Cannot find an Arbitrary for Parameter of type [@net.jqwik.api.ForAll(&quot;&quot;) List&lt;CropHistoryEntryDto&gt;]" type="net.jqwik.api.CannotFindArbitraryException"><![CDATA[net.jqwik.api.CannotFindArbitraryException: Cannot find an Arbitrary for Parameter of type [@net.jqwik.api.ForAll("") List<CropHistoryEntryDto>]
	at net.jqwik.engine.properties.RandomizedShrinkablesGenerator.resolveParameter(RandomizedShrinkablesGenerator.java:33)
	at net.jqwik.engine.properties.RandomizedShrinkablesGenerator.lambda$forParameters$0(RandomizedShrinkablesGenerator.java:21)
	at java.base/java.util.stream.ReferencePipeline$3$1.accept(ReferencePipeline.java:197)
	at java.base/java.util.ArrayList$ArrayListSpliterator.forEachRemaining(ArrayList.java:1708)
	at java.base/java.util.stream.AbstractPipeline.copyInto(AbstractPipeline.java:509)
	at java.base/java.util.stream.AbstractPipeline.wrapAndCopyInto(AbstractPipeline.java:499)
	at java.base/java.util.stream.ReduceOps$ReduceOp.evaluateSequential(ReduceOps.java:921)
	at java.base/java.util.stream.AbstractPipeline.evaluate(AbstractPipeline.java:234)
	at java.base/java.util.stream.ReferencePipeline.collect(ReferencePipeline.java:682)
	at net.jqwik.engine.properties.RandomizedShrinkablesGenerator.forParameters(RandomizedShrinkablesGenerator.java:22)
	at net.jqwik.engine.execution.CheckedProperty.createRandomizedShrinkablesGenerator(CheckedProperty.java:154)
	at net.jqwik.engine.execution.CheckedProperty.createDefaultShrinkablesGenerator(CheckedProperty.java:94)
	at net.jqwik.engine.execution.CheckedProperty.createShrinkablesGenerator(CheckedProperty.java:84)
	at net.jqwik.engine.execution.CheckedProperty.createGenericProperty(CheckedProperty.java:70)
	at net.jqwik.engine.execution.CheckedProperty.check(CheckedProperty.java:39)
	at net.jqwik.engine.execution.PropertyMethodExecutor.executeProperty(PropertyMethodExecutor.java:121)
	at net.jqwik.engine.execution.PropertyMethodExecutor.executeMethod(PropertyMethodExecutor.java:109)
	at net.jqwik.engine.execution.PropertyMethodExecutor.lambda$executePropertyMethod$0(PropertyMethodExecutor.java:89)
	at net.jqwik.api.lifecycle.AroundPropertyHook.lambda$static$0(AroundPropertyHook.java:17)
	at net.jqwik.api.lifecycle.AroundPropertyHook.lambda$null$1(AroundPropertyHook.java:32)
	at net.jqwik.engine.execution.lifecycle.AutoCloseableHook.aroundProperty(AutoCloseableHook.java:14)
	at net.jqwik.api.lifecycle.AroundPropertyHook.lambda$around$2(AroundPropertyHook.java:37)
	at net.jqwik.engine.execution.PropertyMethodExecutor.executePropertyMethod(PropertyMethodExecutor.java:87)
	at net.jqwik.engine.execution.PropertyMethodExecutor.execute(PropertyMethodExecutor.java:46)
	at net.jqwik.engine.execution.PropertyTaskCreator.executeTestMethod(PropertyTaskCreator.java:73)
	at net.jqwik.engine.execution.PropertyTaskCreator.lambda$createTask$1(PropertyTaskCreator.java:38)
	at net.jqwik.engine.execution.pipeline.ExecutionTask$1.execute(ExecutionTask.java:24)
	at net.jqwik.engine.execution.pipeline.ExecutionPipeline.runToTermination(ExecutionPipeline.java:81)
	at net.jqwik.engine.execution.JqwikExecutor.execute(JqwikExecutor.java:46)
	at net.jqwik.engine.JqwikTestEngine.executeTests(JqwikTestEngine.java:93)
	at net.jqwik.engine.JqwikTestEngine.execute(JqwikTestEngine.java:82)
]]></error>
  </testcase>
  <testcase name="Pest risk level should be consistent with crop history patterns" classname="com.farmer.crop.service.RotationRecommendationPropertyTest" time="0.006">
    <error message="Cannot invoke &quot;com.farmer.crop.service.RotationRecommendationEngine.generateRecommendations(com.farmer.crop.dto.RotationRecommendationRequestDto)&quot; because &quot;this.engine&quot; is null" type="java.lang.NullPointerException"><![CDATA[java.lang.NullPointerException: Cannot invoke "com.farmer.crop.service.RotationRecommendationEngine.generateRecommendations(com.farmer.crop.dto.RotationRecommendationRequestDto)" because "this.engine" is null
	at com.farmer.crop.service.RotationRecommendationPropertyTest.pestRiskLevelShouldBeConsistent(RotationRecommendationPropertyTest.java:176)
	at java.base/java.lang.reflect.Method.invoke(Method.java:580)
	at net.jqwik.engine.execution.CheckedPropertyFactory.lambda$createCheckedFunction$1(CheckedPropertyFactory.java:45)
	at net.jqwik.engine.execution.CheckedPropertyFactory.lambda$createCheckedFunction$3(CheckedPropertyFactory.java:51)
	at net.jqwik.engine.properties.GenericProperty.testPredicate(GenericProperty.java:106)
	at net.jqwik.engine.properties.GenericProperty.checkWithoutReporting(GenericProperty.java:71)
	at net.jqwik.engine.properties.GenericProperty.check(GenericProperty.java:39)
	at net.jqwik.engine.execution.CheckedProperty.check(CheckedProperty.java:39)
	at net.jqwik.engine.execution.PropertyMethodExecutor.executeProperty(PropertyMethodExecutor.java:121)
	at net.jqwik.engine.execution.PropertyMethodExecutor.executeMethod(PropertyMethodExecutor.java:109)
	at net.jqwik.engine.execution.PropertyMethodExecutor.lambda$executePropertyMethod$0(PropertyMethodExecutor.java:89)
	at net.jqwik.api.lifecycle.AroundPropertyHook.lambda$static$0(AroundPropertyHook.java:17)
	at net.jqwik.api.lifecycle.AroundPropertyHook.lambda$null$1(AroundPropertyHook.java:32)
	at net.jqwik.engine.execution.lifecycle.AutoCloseableHook.aroundProperty(AutoCloseableHook.java:14)
	at net.jqwik.api.lifecycle.AroundPropertyHook.lambda$around$2(AroundPropertyHook.java:37)
	at net.jqwik.engine.execution.PropertyMethodExecutor.executePropertyMethod(PropertyMethodExecutor.java:87)
	at net.jqwik.engine.execution.PropertyMethodExecutor.execute(PropertyMethodExecutor.java:46)
	at net.jqwik.engine.execution.PropertyTaskCreator.executeTestMethod(PropertyTaskCreator.java:73)
	at net.jqwik.engine.execution.PropertyTaskCreator.lambda$createTask$1(PropertyTaskCreator.java:38)
	at net.jqwik.engine.execution.pipeline.ExecutionTask$1.execute(ExecutionTask.java:24)
	at net.jqwik.engine.execution.pipeline.ExecutionPipeline.runToTermination(ExecutionPipeline.java:81)
	at net.jqwik.engine.execution.JqwikExecutor.execute(JqwikExecutor.java:46)
	at net.jqwik.engine.JqwikTestEngine.executeTests(JqwikTestEngine.java:93)
	at net.jqwik.engine.JqwikTestEngine.execute(JqwikTestEngine.java:82)
]]></error>
    <system-out><![CDATA[timestamp = 2026-02-21T10:38:09.736138900, RotationRecommendationPropertyTest:Pest risk level should be consistent with crop history patterns = 

java.lang.NullPointerException: Cannot invoke "com.farmer.crop.service.RotationRecommendationEngine.generateRecommendations(com.farmer.crop.dto.RotationRecommendationRequestDto)" because "this.engine" is null

                              |--------------------jqwik--------------------
tries = 1                     | # of calls to property
checks = 1                    | # of not rejected calls
generation-mode = EXHAUSTIVE  | parameters are exhaustively generated
after-failure = PREVIOUS_SEED | use the previous seed
seed = 3007529249738598262    | random seed to reproduce generated values
sample = [[CropHistoryEntryDto(cropId=1771650489735, cropName=Rice, cropVariety=Common, sowingDate=2025-10-21, expectedHarvestDate=2026-02-21, actualHarvestDate=null, areaAcres=2.5, season=KHARIF, status=HARVESTED, totalYieldQuintals=null, cropFamily=CEREALS, rootDepth=DEEP, seasonOrder=null, harvestedAt=null)]]
original-sample = [[CropHistoryEntryDto(cropId=1771650489735, cropName=Rice, cropVariety=Common, sowingDate=2025-10-21, expectedHarvestDate=2026-02-21, actualHarvestDate=null, areaAcres=2.5, season=KHARIF, status=HARVESTED, totalYieldQuintals=null, cropFamily=CEREALS, rootDepth=DEEP, seasonOrder=null, harvestedAt=null)]]


]]></system-out>
  </testcase>
  <testcase name="Warnings should be generated for pest and disease risks" classname="com.farmer.crop.service.RotationRecommendationPropertyTest" time="0.007">
    <error message="Cannot invoke &quot;com.farmer.crop.service.RotationRecommendationEngine.generateRecommendations(com.farmer.crop.dto.RotationRecommendationRequestDto)&quot; because &quot;this.engine&quot; is null" type="java.lang.NullPointerException"><![CDATA[java.lang.NullPointerException: Cannot invoke "com.farmer.crop.service.RotationRecommendationEngine.generateRecommendations(com.farmer.crop.dto.RotationRecommendationRequestDto)" because "this.engine" is null
	at com.farmer.crop.service.RotationRecommendationPropertyTest.warningsShouldBeGeneratedForPestRisks(RotationRecommendationPropertyTest.java:328)
	at java.base/java.lang.reflect.Method.invoke(Method.java:580)
	at net.jqwik.engine.execution.CheckedPropertyFactory.lambda$createCheckedFunction$1(CheckedPropertyFactory.java:45)
	at net.jqwik.engine.execution.CheckedPropertyFactory.lambda$createCheckedFunction$3(CheckedPropertyFactory.java:51)
	at net.jqwik.engine.properties.GenericProperty.testPredicate(GenericProperty.java:106)
	at net.jqwik.engine.properties.GenericProperty.checkWithoutReporting(GenericProperty.java:71)
	at net.jqwik.engine.properties.GenericProperty.check(GenericProperty.java:39)
	at net.jqwik.engine.execution.CheckedProperty.check(CheckedProperty.java:39)
	at net.jqwik.engine.execution.PropertyMethodExecutor.executeProperty(PropertyMethodExecutor.java:121)
	at net.jqwik.engine.execution.PropertyMethodExecutor.executeMethod(PropertyMethodExecutor.java:109)
	at net.jqwik.engine.execution.PropertyMethodExecutor.lambda$executePropertyMethod$0(PropertyMethodExecutor.java:89)
	at net.jqwik.api.lifecycle.AroundPropertyHook.lambda$static$0(AroundPropertyHook.java:17)
	at net.jqwik.api.lifecycle.AroundPropertyHook.lambda$null$1(AroundPropertyHook.java:32)
	at net.jqwik.engine.execution.lifecycle.AutoCloseableHook.aroundProperty(AutoCloseableHook.java:14)
	at net.jqwik.api.lifecycle.AroundPropertyHook.lambda$around$2(AroundPropertyHook.java:37)
	at net.jqwik.engine.execution.PropertyMethodExecutor.executePropertyMethod(PropertyMethodExecutor.java:87)
	at net.jqwik.engine.execution.PropertyMethodExecutor.execute(PropertyMethodExecutor.java:46)
	at net.jqwik.engine.execution.PropertyTaskCreator.executeTestMethod(PropertyTaskCreator.java:73)
	at net.jqwik.engine.execution.PropertyTaskCreator.lambda$createTask$1(PropertyTaskCreator.java:38)
	at net.jqwik.engine.execution.pipeline.ExecutionTask$1.execute(ExecutionTask.java:24)
	at net.jqwik.engine.execution.pipeline.ExecutionPipeline.runToTermination(ExecutionPipeline.java:81)
	at net.jqwik.engine.execution.JqwikExecutor.execute(JqwikExecutor.java:46)
	at net.jqwik.engine.JqwikTestEngine.executeTests(JqwikTestEngine.java:93)
	at net.jqwik.engine.JqwikTestEngine.execute(JqwikTestEngine.java:82)
]]></error>
    <system-out><![CDATA[timestamp = 2026-02-21T10:38:09.742406900, RotationRecommendationPropertyTest:Warnings should be generated for pest and disease risks = 

java.lang.NullPointerException: Cannot invoke "com.farmer.crop.service.RotationRecommendationEngine.generateRecommendations(com.farmer.crop.dto.RotationRecommendationRequestDto)" because "this.engine" is null

                              |--------------------jqwik--------------------
tries = 1                     | # of calls to property
checks = 1                    | # of not rejected calls
generation-mode = EXHAUSTIVE  | parameters are exhaustively generated
after-failure = PREVIOUS_SEED | use the previous seed
seed = -695129477064092197    | random seed to reproduce generated values
sample = [[CropHistoryEntryDto(cropId=1771650489740, cropName=Rice, cropVariety=Common, sowingDate=2025-10-21, expectedHarvestDate=2026-02-21, actualHarvestDate=null, areaAcres=2.5, season=KHARIF, status=HARVESTED, totalYieldQuintals=null, cropFamily=CEREALS, rootDepth=DEEP, seasonOrder=null, harvestedAt=null)]]
original-sample = [[CropHistoryEntryDto(cropId=1771650489740, cropName=Rice, cropVariety=Common, sowingDate=2025-10-21, expectedHarvestDate=2026-02-21, actualHarvestDate=null, areaAcres=2.5, season=KHARIF, status=HARVESTED, totalYieldQuintals=null, cropFamily=CEREALS, rootDepth=DEEP, seasonOrder=null, harvestedAt=null)]]


]]></system-out>
  </testcase>
  <testcase name="Options should be sorted in descending order by overall benefit score" classname="com.farmer.crop.service.RotationRecommendationPropertyTest" time="0.006">
    <error message="Cannot invoke &quot;com.farmer.crop.service.RotationRecommendationEngine.generateRecommendations(com.farmer.crop.dto.RotationRecommendationRequestDto)&quot; because &quot;this.engine&quot; is null" type="java.lang.NullPointerException"><![CDATA[java.lang.NullPointerException: Cannot invoke "com.farmer.crop.service.RotationRecommendationEngine.generateRecommendations(com.farmer.crop.dto.RotationRecommendationRequestDto)" because "this.engine" is null
	at com.farmer.crop.service.RotationRecommendationPropertyTest.optionsShouldBeSortedByBenefitScore(RotationRecommendationPropertyTest.java:90)
	at java.base/java.lang.reflect.Method.invoke(Method.java:580)
	at net.jqwik.engine.execution.CheckedPropertyFactory.lambda$createCheckedFunction$1(CheckedPropertyFactory.java:45)
	at net.jqwik.engine.execution.CheckedPropertyFactory.lambda$createCheckedFunction$3(CheckedPropertyFactory.java:51)
	at net.jqwik.engine.properties.GenericProperty.testPredicate(GenericProperty.java:106)
	at net.jqwik.engine.properties.GenericProperty.checkWithoutReporting(GenericProperty.java:71)
	at net.jqwik.engine.properties.GenericProperty.check(GenericProperty.java:39)
	at net.jqwik.engine.execution.CheckedProperty.check(CheckedProperty.java:39)
	at net.jqwik.engine.execution.PropertyMethodExecutor.executeProperty(PropertyMethodExecutor.java:121)
	at net.jqwik.engine.execution.PropertyMethodExecutor.executeMethod(PropertyMethodExecutor.java:109)
	at net.jqwik.engine.execution.PropertyMethodExecutor.lambda$executePropertyMethod$0(PropertyMethodExecutor.java:89)
	at net.jqwik.api.lifecycle.AroundPropertyHook.lambda$static$0(AroundPropertyHook.java:17)
	at net.jqwik.api.lifecycle.AroundPropertyHook.lambda$null$1(AroundPropertyHook.java:32)
	at net.jqwik.engine.execution.lifecycle.AutoCloseableHook.aroundProperty(AutoCloseableHook.java:14)
	at net.jqwik.api.lifecycle.AroundPropertyHook.lambda$around$2(AroundPropertyHook.java:37)
	at net.jqwik.engine.execution.PropertyMethodExecutor.executePropertyMethod(PropertyMethodExecutor.java:87)
	at net.jqwik.engine.execution.PropertyMethodExecutor.execute(PropertyMethodExecutor.java:46)
	at net.jqwik.engine.execution.PropertyTaskCreator.executeTestMethod(PropertyTaskCreator.java:73)
	at net.jqwik.engine.execution.PropertyTaskCreator.lambda$createTask$1(PropertyTaskCreator.java:38)
	at net.jqwik.engine.execution.pipeline.ExecutionTask$1.execute(ExecutionTask.java:24)
	at net.jqwik.engine.execution.pipeline.ExecutionPipeline.runToTermination(ExecutionPipeline.java:81)
	at net.jqwik.engine.execution.JqwikExecutor.execute(JqwikExecutor.java:46)
	at net.jqwik.engine.JqwikTestEngine.executeTests(JqwikTestEngine.java:93)
	at net.jqwik.engine.JqwikTestEngine.execute(JqwikTestEngine.java:82)
]]></error>
    <system-out><![CDATA[timestamp = 2026-02-21T10:38:09.750408400, RotationRecommendationPropertyTest:Options should be sorted in descending order by overall benefit score = 

java.lang.NullPointerException: Cannot invoke "com.farmer.crop.service.RotationRecommendationEngine.generateRecommendations(com.farmer.crop.dto.RotationRecommendationRequestDto)" because "this.engine" is null

                              |--------------------jqwik--------------------
tries = 1                     | # of calls to property
checks = 1                    | # of not rejected calls
generation-mode = EXHAUSTIVE  | parameters are exhaustively generated
after-failure = PREVIOUS_SEED | use the previous seed
seed = -8320201364432126791   | random seed to reproduce generated values
sample = [[CropHistoryEntryDto(cropId=1771650489749, cropName=Rice, cropVariety=Common, sowingDate=2025-10-21, expectedHarvestDate=2026-02-21, actualHarvestDate=null, areaAcres=2.5, season=KHARIF, status=HARVESTED, totalYieldQuintals=null, cropFamily=CEREALS, rootDepth=DEEP, seasonOrder=null, harvestedAt=null)], "KHARIF"]
original-sample = [[CropHistoryEntryDto(cropId=1771650489749, cropName=Rice, cropVariety=Common, sowingDate=2025-10-21, expectedHarvestDate=2026-02-21, actualHarvestDate=null, areaAcres=2.5, season=KHARIF, status=HARVESTED, totalYieldQuintals=null, cropFamily=CEREALS, rootDepth=DEEP, seasonOrder=null, harvestedAt=null)], "KHARIF"]


]]></system-out>
  </testcase>
  <testcase name="All options should have non-empty benefits and considerations" classname="com.farmer.crop.service.RotationRecommendationPropertyTest" time="0.006">
    <error message="Cannot invoke &quot;com.farmer.crop.service.RotationRecommendationEngine.generateRecommendations(com.farmer.crop.dto.RotationRecommendationRequestDto)&quot; because &quot;this.engine&quot; is null" type="java.lang.NullPointerException"><![CDATA[java.lang.NullPointerException: Cannot invoke "com.farmer.crop.service.RotationRecommendationEngine.generateRecommendations(com.farmer.crop.dto.RotationRecommendationRequestDto)" because "this.engine" is null
	at com.farmer.crop.service.RotationRecommendationPropertyTest.allOptionsShouldHaveCompleteInformation(RotationRecommendationPropertyTest.java:203)
	at java.base/java.lang.reflect.Method.invoke(Method.java:580)
	at net.jqwik.engine.execution.CheckedPropertyFactory.lambda$createCheckedFunction$1(CheckedPropertyFactory.java:45)
	at net.jqwik.engine.execution.CheckedPropertyFactory.lambda$createCheckedFunction$3(CheckedPropertyFactory.java:51)
	at net.jqwik.engine.properties.GenericProperty.testPredicate(GenericProperty.java:106)
	at net.jqwik.engine.properties.GenericProperty.checkWithoutReporting(GenericProperty.java:71)
	at net.jqwik.engine.properties.GenericProperty.check(GenericProperty.java:39)
	at net.jqwik.engine.execution.CheckedProperty.check(CheckedProperty.java:39)
	at net.jqwik.engine.execution.PropertyMethodExecutor.executeProperty(PropertyMethodExecutor.java:121)
	at net.jqwik.engine.execution.PropertyMethodExecutor.executeMethod(PropertyMethodExecutor.java:109)
	at net.jqwik.engine.execution.PropertyMethodExecutor.lambda$executePropertyMethod$0(PropertyMethodExecutor.java:89)
	at net.jqwik.api.lifecycle.AroundPropertyHook.lambda$static$0(AroundPropertyHook.java:17)
	at net.jqwik.api.lifecycle.AroundPropertyHook.lambda$null$1(AroundPropertyHook.java:32)
	at net.jqwik.engine.execution.lifecycle.AutoCloseableHook.aroundProperty(AutoCloseableHook.java:14)
	at net.jqwik.api.lifecycle.AroundPropertyHook.lambda$around$2(AroundPropertyHook.java:37)
	at net.jqwik.engine.execution.PropertyMethodExecutor.executePropertyMethod(PropertyMethodExecutor.java:87)
	at net.jqwik.engine.execution.PropertyMethodExecutor.execute(PropertyMethodExecutor.java:46)
	at net.jqwik.engine.execution.PropertyTaskCreator.executeTestMethod(PropertyTaskCreator.java:73)
	at net.jqwik.engine.execution.PropertyTaskCreator.lambda$createTask$1(PropertyTaskCreator.java:38)
	at net.jqwik.engine.execution.pipeline.ExecutionTask$1.execute(ExecutionTask.java:24)
	at net.jqwik.engine.execution.pipeline.ExecutionPipeline.runToTermination(ExecutionPipeline.java:81)
	at net.jqwik.engine.execution.JqwikExecutor.execute(JqwikExecutor.java:46)
	at net.jqwik.engine.JqwikTestEngine.executeTests(JqwikTestEngine.java:93)
	at net.jqwik.engine.JqwikTestEngine.execute(JqwikTestEngine.java:82)
]]></error>
    <system-out><![CDATA[timestamp = 2026-02-21T10:38:09.758333800, RotationRecommendationPropertyTest:All options should have non-empty benefits and considerations = 

java.lang.NullPointerException: Cannot invoke "com.farmer.crop.service.RotationRecommendationEngine.generateRecommendations(com.farmer.crop.dto.RotationRecommendationRequestDto)" because "this.engine" is null

                              |--------------------jqwik--------------------
tries = 1                     | # of calls to property
checks = 1                    | # of not rejected calls
generation-mode = EXHAUSTIVE  | parameters are exhaustively generated
after-failure = PREVIOUS_SEED | use the previous seed
seed = -4708368482932077070   | random seed to reproduce generated values
sample = [[CropHistoryEntryDto(cropId=1771650489756, cropName=Rice, cropVariety=Common, sowingDate=2025-10-21, expectedHarvestDate=2026-02-21, actualHarvestDate=null, areaAcres=2.5, season=KHARIF, status=HARVESTED, totalYieldQuintals=null, cropFamily=CEREALS, rootDepth=DEEP, seasonOrder=null, harvestedAt=null)], "KHARIF"]
original-sample = [[CropHistoryEntryDto(cropId=1771650489756, cropName=Rice, cropVariety=Common, sowingDate=2025-10-21, expectedHarvestDate=2026-02-21, actualHarvestDate=null, areaAcres=2.5, season=KHARIF, status=HARVESTED, totalYieldQuintals=null, cropFamily=CEREALS, rootDepth=DEEP, seasonOrder=null, harvestedAt=null)], "KHARIF"]


]]></system-out>
  </testcase>
  <testcase name="Relay cropping should be recommended for rice systems" classname="com.farmer.crop.service.RotationRecommendationPropertyTest" time="0.003">
    <error message="Cannot invoke &quot;com.farmer.crop.service.RotationRecommendationEngine.generateRecommendations(com.farmer.crop.dto.RotationRecommendationRequestDto)&quot; because &quot;this.engine&quot; is null" type="java.lang.NullPointerException"><![CDATA[java.lang.NullPointerException: Cannot invoke "com.farmer.crop.service.RotationRecommendationEngine.generateRecommendations(com.farmer.crop.dto.RotationRecommendationRequestDto)" because "this.engine" is null
	at com.farmer.crop.service.RotationRecommendationPropertyTest.relayCroppingShouldBeRecommendedForRice(RotationRecommendationPropertyTest.java:302)
	at java.base/java.lang.reflect.Method.invoke(Method.java:580)
	at net.jqwik.engine.execution.CheckedPropertyFactory.lambda$createCheckedFunction$1(CheckedPropertyFactory.java:45)
	at net.jqwik.engine.execution.CheckedPropertyFactory.lambda$createCheckedFunction$3(CheckedPropertyFactory.java:51)
	at net.jqwik.engine.properties.GenericProperty.testPredicate(GenericProperty.java:106)
	at net.jqwik.engine.properties.GenericProperty.checkWithoutReporting(GenericProperty.java:71)
	at net.jqwik.engine.properties.GenericProperty.check(GenericProperty.java:39)
	at net.jqwik.engine.execution.CheckedProperty.check(CheckedProperty.java:39)
	at net.jqwik.engine.execution.PropertyMethodExecutor.executeProperty(PropertyMethodExecutor.java:121)
	at net.jqwik.engine.execution.PropertyMethodExecutor.executeMethod(PropertyMethodExecutor.java:109)
	at net.jqwik.engine.execution.PropertyMethodExecutor.lambda$executePropertyMethod$0(PropertyMethodExecutor.java:89)
	at net.jqwik.api.lifecycle.AroundPropertyHook.lambda$static$0(AroundPropertyHook.java:17)
	at net.jqwik.api.lifecycle.AroundPropertyHook.lambda$null$1(AroundPropertyHook.java:32)
	at net.jqwik.engine.execution.lifecycle.AutoCloseableHook.aroundProperty(AutoCloseableHook.java:14)
	at net.jqwik.api.lifecycle.AroundPropertyHook.lambda$around$2(AroundPropertyHook.java:37)
	at net.jqwik.engine.execution.PropertyMethodExecutor.executePropertyMethod(PropertyMethodExecutor.java:87)
	at net.jqwik.engine.execution.PropertyMethodExecutor.execute(PropertyMethodExecutor.java:46)
	at net.jqwik.engine.execution.PropertyTaskCreator.executeTestMethod(PropertyTaskCreator.java:73)
	at net.jqwik.engine.execution.PropertyTaskCreator.lambda$createTask$1(PropertyTaskCreator.java:38)
	at net.jqwik.engine.execution.pipeline.ExecutionTask$1.execute(ExecutionTask.java:24)
	at net.jqwik.engine.execution.pipeline.ExecutionPipeline.runToTermination(ExecutionPipeline.java:81)
	at net.jqwik.engine.execution.JqwikExecutor.execute(JqwikExecutor.java:46)
	at net.jqwik.engine.JqwikTestEngine.executeTests(JqwikTestEngine.java:93)
	at net.jqwik.engine.JqwikTestEngine.execute(JqwikTestEngine.java:82)
]]></error>
    <system-out><![CDATA[timestamp = 2026-02-21T10:38:09.762333200, RotationRecommendationPropertyTest:Relay cropping should be recommended for rice systems = 

java.lang.NullPointerException: Cannot invoke "com.farmer.crop.service.RotationRecommendationEngine.generateRecommendations(com.farmer.crop.dto.RotationRecommendationRequestDto)" because "this.engine" is null

                              |--------------------jqwik--------------------
tries = 1                     | # of calls to property
checks = 1                    | # of not rejected calls
generation-mode = EXHAUSTIVE  | parameters are exhaustively generated
after-failure = PREVIOUS_SEED | use the previous seed
seed = -6630296741843755600   | random seed to reproduce generated values
sample = [[CropHistoryEntryDto(cropId=1771650489761, cropName=Rice, cropVariety=Common, sowingDate=2025-10-21, expectedHarvestDate=2026-02-21, actualHarvestDate=null, areaAcres=2.5, season=KHARIF, status=HARVESTED, totalYieldQuintals=null, cropFamily=CEREALS, rootDepth=DEEP, seasonOrder=null, harvestedAt=null)]]
original-sample = [[CropHistoryEntryDto(cropId=1771650489761, cropName=Rice, cropVariety=Common, sowingDate=2025-10-21, expectedHarvestDate=2026-02-21, actualHarvestDate=null, areaAcres=2.5, season=KHARIF, status=HARVESTED, totalYieldQuintals=null, cropFamily=CEREALS, rootDepth=DEEP, seasonOrder=null, harvestedAt=null)]]


]]></system-out>
  </testcase>
  <testcase name="Nutrient cycling score should reflect root depth alternation" classname="com.farmer.crop.service.RotationRecommendationPropertyTest" time="0.004">
    <error message="Cannot invoke &quot;com.farmer.crop.service.RotationRecommendationEngine.generateRecommendations(com.farmer.crop.dto.RotationRecommendationRequestDto)&quot; because &quot;this.engine&quot; is null" type="java.lang.NullPointerException"><![CDATA[java.lang.NullPointerException: Cannot invoke "com.farmer.crop.service.RotationRecommendationEngine.generateRecommendations(com.farmer.crop.dto.RotationRecommendationRequestDto)" because "this.engine" is null
	at com.farmer.crop.service.RotationRecommendationPropertyTest.nutrientCyclingShouldReflectRootDepth(RotationRecommendationPropertyTest.java:233)
	at java.base/java.lang.reflect.Method.invoke(Method.java:580)
	at net.jqwik.engine.execution.CheckedPropertyFactory.lambda$createCheckedFunction$1(CheckedPropertyFactory.java:45)
	at net.jqwik.engine.execution.CheckedPropertyFactory.lambda$createCheckedFunction$3(CheckedPropertyFactory.java:51)
	at net.jqwik.engine.properties.GenericProperty.testPredicate(GenericProperty.java:106)
	at net.jqwik.engine.properties.GenericProperty.checkWithoutReporting(GenericProperty.java:71)
	at net.jqwik.engine.properties.GenericProperty.check(GenericProperty.java:39)
	at net.jqwik.engine.execution.CheckedProperty.check(CheckedProperty.java:39)
	at net.jqwik.engine.execution.PropertyMethodExecutor.executeProperty(PropertyMethodExecutor.java:121)
	at net.jqwik.engine.execution.PropertyMethodExecutor.executeMethod(PropertyMethodExecutor.java:109)
	at net.jqwik.engine.execution.PropertyMethodExecutor.lambda$executePropertyMethod$0(PropertyMethodExecutor.java:89)
	at net.jqwik.api.lifecycle.AroundPropertyHook.lambda$static$0(AroundPropertyHook.java:17)
	at net.jqwik.api.lifecycle.AroundPropertyHook.lambda$null$1(AroundPropertyHook.java:32)
	at net.jqwik.engine.execution.lifecycle.AutoCloseableHook.aroundProperty(AutoCloseableHook.java:14)
	at net.jqwik.api.lifecycle.AroundPropertyHook.lambda$around$2(AroundPropertyHook.java:37)
	at net.jqwik.engine.execution.PropertyMethodExecutor.executePropertyMethod(PropertyMethodExecutor.java:87)
	at net.jqwik.engine.execution.PropertyMethodExecutor.execute(PropertyMethodExecutor.java:46)
	at net.jqwik.engine.execution.PropertyTaskCreator.executeTestMethod(PropertyTaskCreator.java:73)
	at net.jqwik.engine.execution.PropertyTaskCreator.lambda$createTask$1(PropertyTaskCreator.java:38)
	at net.jqwik.engine.execution.pipeline.ExecutionTask$1.execute(ExecutionTask.java:24)
	at net.jqwik.engine.execution.pipeline.ExecutionPipeline.runToTermination(ExecutionPipeline.java:81)
	at net.jqwik.engine.execution.JqwikExecutor.execute(JqwikExecutor.java:46)
	at net.jqwik.engine.JqwikTestEngine.executeTests(JqwikTestEngine.java:93)
	at net.jqwik.engine.JqwikTestEngine.execute(JqwikTestEngine.java:82)
]]></error>
    <system-out><![CDATA[timestamp = 2026-02-21T10:38:09.766333700, RotationRecommendationPropertyTest:Nutrient cycling score should reflect root depth alternation = 

java.lang.NullPointerException: Cannot invoke "com.farmer.crop.service.RotationRecommendationEngine.generateRecommendations(com.farmer.crop.dto.RotationRecommendationRequestDto)" because "this.engine" is null

                              |--------------------jqwik--------------------
tries = 1                     | # of calls to property
checks = 1                    | # of not rejected calls
generation-mode = EXHAUSTIVE  | parameters are exhaustively generated
after-failure = PREVIOUS_SEED | use the previous seed
seed = 5778832450899476342    | random seed to reproduce generated values
sample = [[CropHistoryEntryDto(cropId=1771650489766, cropName=Cabbage, cropVariety=Common, sowingDate=2025-10-21, expectedHarvestDate=2026-02-21, actualHarvestDate=null, areaAcres=2.5, season=KHARIF, status=HARVESTED, totalYieldQuintals=null, cropFamily=BRASSICAS, rootDepth=SHALLOW, seasonOrder=null, harvestedAt=null)]]
original-sample = [[CropHistoryEntryDto(cropId=1771650489766, cropName=Cabbage, cropVariety=Common, sowingDate=2025-10-21, expectedHarvestDate=2026-02-21, actualHarvestDate=null, areaAcres=2.5, season=KHARIF, status=HARVESTED, totalYieldQuintals=null, cropFamily=BRASSICAS, rootDepth=SHALLOW, seasonOrder=null, harvestedAt=null)]]


]]></system-out>
  </testcase>
</testsuite>