<?xml version="1.0" encoding="UTF-8"?>
<testsuite xmlns:xsi="http://www.w3.org/2001/XMLSchema-instance" xsi:noNamespaceSchemaLocation="https://maven.apache.org/surefire/maven-surefire-plugin/xsd/surefire-test-report-3.0.xsd" version="3.0" name="com.farmer.crop.service.LocationZoneMappingConsistencyPropertyTest" time="0.203" tests="6" errors="6" skipped="0" failures="0">
  <properties>
[...]
</properties>
  <testcase name="coordinatesInSameZoneMapConsistently" classname="com.farmer.crop.service.LocationZoneMappingConsistencyPropertyTest" time="0.011">
    <error message="Failed to map location to zone" type="com.farmer.crop.exception.ZoneMappingException"><![CDATA[com.farmer.crop.exception.ZoneMappingException: Failed to map location to zone
	at com.farmer.crop.service.AgroEcologicalZoneService.getZoneForLocation(AgroEcologicalZoneService.java:85)
	at com.farmer.crop.service.LocationZoneMappingConsistencyPropertyTest.coordinatesInSameZoneMapConsistently(LocationZoneMappingConsistencyPropertyTest.java:285)
	at java.base/java.lang.reflect.Method.invoke(Method.java:580)
	at net.jqwik.engine.execution.CheckedPropertyFactory.lambda$createCheckedFunction$1(CheckedPropertyFactory.java:45)
	at net.jqwik.engine.execution.CheckedPropertyFactory.lambda$createCheckedFunction$3(CheckedPropertyFactory.java:51)
	at net.jqwik.engine.properties.GenericProperty.testPredicate(GenericProperty.java:106)
	at net.jqwik.engine.properties.GenericProperty.checkWithoutReporting(GenericProperty.java:71)
	at net.jqwik.engine.properties.GenericProperty.check(GenericProperty.java:39)
	at net.jqwik.engine.execution.CheckedProperty.check(CheckedProperty.java:39)
	at net.jqwik.engine.execution.PropertyMethodExecutor.executeProperty(PropertyMethodExecutor.java:121)
	at net.jqwik.engine.execution.PropertyMethodExecutor.executeMethod(PropertyMethodExecutor.java:109)
	at net.jqwik.engine.execution.PropertyMethodExecutor.lambda$executePropertyMethod$0(PropertyMethodExecutor.java:89)
	at net.jqwik.api.lifecycle.AroundPropertyHook.lambda$static$0(AroundPropertyHook.java:17)
	at net.jqwik.api.lifecycle.AroundPropertyHook.lambda$null$1(AroundPropertyHook.java:32)
	at net.jqwik.engine.execution.lifecycle.AutoCloseableHook.aroundProperty(AutoCloseableHook.java:14)
	at net.jqwik.api.lifecycle.AroundPropertyHook.lambda$around$2(AroundPropertyHook.java:37)
	at net.jqwik.engine.execution.PropertyMethodExecutor.executePropertyMethod(PropertyMethodExecutor.java:87)
	at net.jqwik.engine.execution.PropertyMethodExecutor.execute(PropertyMethodExecutor.java:46)
	at net.jqwik.engine.execution.PropertyTaskCreator.executeTestMethod(PropertyTaskCreator.java:73)
	at net.jqwik.engine.execution.PropertyTaskCreator.lambda$createTask$1(PropertyTaskCreator.java:38)
	at net.jqwik.engine.execution.pipeline.ExecutionTask$1.execute(ExecutionTask.java:24)
	at net.jqwik.engine.execution.pipeline.ExecutionPipeline.runToTermination(ExecutionPipeline.java:81)
	at net.jqwik.engine.execution.JqwikExecutor.execute(JqwikExecutor.java:46)
	at net.jqwik.engine.JqwikTestEngine.executeTests(JqwikTestEngine.java:93)
	at net.jqwik.engine.JqwikTestEngine.execute(JqwikTestEngine.java:82)
Caused by: java.lang.NullPointerException: Cannot invoke "com.farmer.crop.entity.AgroEcologicalZone.getId()" because "zone" is null
	at com.farmer.crop.service.AgroEcologicalZoneService.mapToDto(AgroEcologicalZoneService.java:283)
	at com.farmer.crop.service.AgroEcologicalZoneService.getZoneByCoordinates(AgroEcologicalZoneService.java:170)
	at com.farmer.crop.service.AgroEcologicalZoneService.getZoneForLocation(AgroEcologicalZoneService.java:68)
	... 24 more
]]></error>
    <system-out><![CDATA[2026-02-21T10:38:09.178+05:30  INFO 34696 --- [crop-service-test] [           main] c.f.c.service.AgroEcologicalZoneService  : Looking up zone for location: LocationRequestDto(district=null, state=null, latitude=25.0, longitude=76.0, village=null)
2026-02-21T10:38:09.178+05:30 DEBUG 34696 --- [crop-service-test] [           main] c.f.c.service.AgroEcologicalZoneService  : Looking up zone for coordinates: 25.0, 76.0
2026-02-21T10:38:09.180+05:30 ERROR 34696 --- [crop-service-test] [           main] c.f.c.service.AgroEcologicalZoneService  : Error mapping location to zone: Cannot invoke "com.farmer.crop.entity.AgroEcologicalZone.getId()" because "zone" is null

java.lang.NullPointerException: Cannot invoke "com.farmer.crop.entity.AgroEcologicalZone.getId()" because "zone" is null
	at com.farmer.crop.service.AgroEcologicalZoneService.mapToDto(AgroEcologicalZoneService.java:283) ~[classes/:na]
	at com.farmer.crop.service.AgroEcologicalZoneService.getZoneByCoordinates(AgroEcologicalZoneService.java:170) ~[classes/:na]
	at com.farmer.crop.service.AgroEcologicalZoneService.getZoneForLocation(AgroEcologicalZoneService.java:68) ~[classes/:na]
	at com.farmer.crop.service.LocationZoneMappingConsistencyPropertyTest.coordinatesInSameZoneMapConsistently(LocationZoneMappingConsistencyPropertyTest.java:285) ~[test-classes/:na]
	at java.base/jdk.internal.reflect.DirectMethodHandleAccessor.invoke(DirectMethodHandleAccessor.java:103) ~[na:na]
	at java.base/java.lang.reflect.Method.invoke(Method.java:580) ~[na:na]
	at org.junit.platform.commons.util.ReflectionUtils.invokeMethod(ReflectionUtils.java:728) ~[junit-platform-commons-1.10.1.jar:1.10.1]
	at org.junit.platform.commons.support.ReflectionSupport.invokeMethod(ReflectionSupport.java:297) ~[junit-platform-commons-1.10.1.jar:1.10.1]
	at net.jqwik.engine.execution.CheckedPropertyFactory.lambda$createCheckedFunction$1(CheckedPropertyFactory.java:45) ~[jqwik-engine-1.1.2.jar:na]
	at net.jqwik.engine.execution.CheckedPropertyFactory.lambda$createCheckedFunction$3(CheckedPropertyFactory.java:51) ~[jqwik-engine-1.1.2.jar:na]
	at net.jqwik.engine.properties.GenericProperty.testPredicate(GenericProperty.java:106) ~[jqwik-engine-1.1.2.jar:na]
	at net.jqwik.engine.properties.GenericProperty.checkWithoutReporting(GenericProperty.java:71) ~[jqwik-engine-1.1.2.jar:na]
	at net.jqwik.engine.properties.GenericProperty.check(GenericProperty.java:39) ~[jqwik-engine-1.1.2.jar:na]
	at net.jqwik.engine.execution.CheckedProperty.check(CheckedProperty.java:39) ~[jqwik-engine-1.1.2.jar:na]
	at net.jqwik.engine.execution.PropertyMethodExecutor.executeProperty(PropertyMethodExecutor.java:121) ~[jqwik-engine-1.1.2.jar:na]
	at net.jqwik.engine.execution.PropertyMethodExecutor.executeMethod(PropertyMethodExecutor.java:109) ~[jqwik-engine-1.1.2.jar:na]
	at net.jqwik.engine.execution.PropertyMethodExecutor.lambda$executePropertyMethod$0(PropertyMethodExecutor.java:89) ~[jqwik-engine-1.1.2.jar:na]
	at net.jqwik.api.lifecycle.AroundPropertyHook.lambda$static$0(AroundPropertyHook.java:17) ~[jqwik-api-1.1.2.jar:na]
	at net.jqwik.api.lifecycle.AroundPropertyHook.lambda$null$1(AroundPropertyHook.java:32) ~[jqwik-api-1.1.2.jar:na]
	at net.jqwik.engine.execution.lifecycle.AutoCloseableHook.aroundProperty(AutoCloseableHook.java:14) ~[jqwik-engine-1.1.2.jar:na]
	at net.jqwik.api.lifecycle.AroundPropertyHook.lambda$around$2(AroundPropertyHook.java:37) ~[jqwik-api-1.1.2.jar:na]
	at net.jqwik.engine.execution.PropertyMethodExecutor.executePropertyMethod(PropertyMethodExecutor.java:87) ~[jqwik-engine-1.1.2.jar:na]
	at net.jqwik.engine.execution.PropertyMethodExecutor.execute(PropertyMethodExecutor.java:46) ~[jqwik-engine-1.1.2.jar:na]
	at net.jqwik.engine.execution.PropertyTaskCreator.executeTestMethod(PropertyTaskCreator.java:73) ~[jqwik-engine-1.1.2.jar:na]
	at net.jqwik.engine.execution.PropertyTaskCreator.lambda$createTask$1(PropertyTaskCreator.java:38) ~[jqwik-engine-1.1.2.jar:na]
	at net.jqwik.engine.execution.pipeline.ExecutionTask$1.execute(ExecutionTask.java:24) ~[jqwik-engine-1.1.2.jar:na]
	at net.jqwik.engine.execution.pipeline.ExecutionPipeline.runToTermination(ExecutionPipeline.java:81) ~[jqwik-engine-1.1.2.jar:na]
	at net.jqwik.engine.execution.JqwikExecutor.execute(JqwikExecutor.java:46) ~[jqwik-engine-1.1.2.jar:na]
	at net.jqwik.engine.JqwikTestEngine.executeTests(JqwikTestEngine.java:93) ~[jqwik-engine-1.1.2.jar:na]
	at net.jqwik.engine.JqwikTestEngine.execute(JqwikTestEngine.java:82) ~[jqwik-engine-1.1.2.jar:na]
	at org.junit.platform.launcher.core.EngineExecutionOrchestrator.execute(EngineExecutionOrchestrator.java:198) ~[junit-platform-launcher-1.10.1.jar:1.10.1]
	at org.junit.platform.launcher.core.EngineExecutionOrchestrator.execute(EngineExecutionOrchestrator.java:169) ~[junit-platform-launcher-1.10.1.jar:1.10.1]
	at org.junit.platform.launcher.core.EngineExecutionOrchestrator.execute(EngineExecutionOrchestrator.java:93) ~[junit-platform-launcher-1.10.1.jar:1.10.1]
	at org.junit.platform.launcher.core.EngineExecutionOrchestrator.lambda$execute$0(EngineExecutionOrchestrator.java:58) ~[junit-platform-launcher-1.10.1.jar:1.10.1]
	at org.junit.platform.launcher.core.EngineExecutionOrchestrator.withInterceptedStreams(EngineExecutionOrchestrator.java:141) ~[junit-platform-launcher-1.10.1.jar:1.10.1]
	at org.junit.platform.launcher.core.EngineExecutionOrchestrator.execute(EngineExecutionOrchestrator.java:57) ~[junit-platform-launcher-1.10.1.jar:1.10.1]
	at org.junit.platform.launcher.core.DefaultLauncher.execute(DefaultLauncher.java:103) ~[junit-platform-launcher-1.10.1.jar:1.10.1]
	at org.junit.platform.launcher.core.DefaultLauncher.execute(DefaultLauncher.java:85) ~[junit-platform-launcher-1.10.1.jar:1.10.1]
	at org.junit.platform.launcher.core.DelegatingLauncher.execute(DelegatingLauncher.java:47) ~[junit-platform-launcher-1.10.1.jar:1.10.1]
	at org.apache.maven.surefire.junitplatform.LazyLauncher.execute(LazyLauncher.java:56) ~[surefire-junit-platform-3.1.2.jar:3.1.2]
	at org.apache.maven.surefire.junitplatform.JUnitPlatformProvider.execute(JUnitPlatformProvider.java:184) ~[surefire-junit-platform-3.1.2.jar:3.1.2]
	at org.apache.maven.surefire.junitplatform.JUnitPlatformProvider.invokeAllTests(JUnitPlatformProvider.java:148) ~[surefire-junit-platform-3.1.2.jar:3.1.2]
	at org.apache.maven.surefire.junitplatform.JUnitPlatformProvider.invoke(JUnitPlatformProvider.java:122) ~[surefire-junit-platform-3.1.2.jar:3.1.2]
	at org.apache.maven.surefire.booter.ForkedBooter.runSuitesInProcess(ForkedBooter.java:385) ~[surefire-booter-3.1.2.jar:3.1.2]
	at org.apache.maven.surefire.booter.ForkedBooter.execute(ForkedBooter.java:162) ~[surefire-booter-3.1.2.jar:3.1.2]
	at org.apache.maven.surefire.booter.ForkedBooter.run(ForkedBooter.java:507) ~[surefire-booter-3.1.2.jar:3.1.2]
	at org.apache.maven.surefire.booter.ForkedBooter.main(ForkedBooter.java:495) ~[surefire-booter-3.1.2.jar:3.1.2]

timestamp = 2026-02-21T10:38:09.184210600, LocationZoneMappingConsistencyPropertyTest:coordinatesInSameZoneMapConsistently = 

com.farmer.crop.exception.ZoneMappingException: Failed to map location to zone

                              |--------------------jqwik--------------------
tries = 1                     | # of calls to property
checks = 1                    | # of not rejected calls
generation-mode = RANDOMIZED  | parameters are randomly generated
after-failure = PREVIOUS_SEED | use the previous seed
seed = -7800653750669810450   | random seed to reproduce generated values


]]></system-out>
  </testcase>
  <testcase name="invalidCoordinatesHandledConsistently" classname="com.farmer.crop.service.LocationZoneMappingConsistencyPropertyTest" time="0.021">
    <error message="Failed to map location to zone" type="com.farmer.crop.exception.ZoneMappingException"><![CDATA[com.farmer.crop.exception.ZoneMappingException: Failed to map location to zone
	at com.farmer.crop.service.AgroEcologicalZoneService.getZoneForLocation(AgroEcologicalZoneService.java:85)
	at com.farmer.crop.service.LocationZoneMappingConsistencyPropertyTest.invalidCoordinatesHandledConsistently(LocationZoneMappingConsistencyPropertyTest.java:388)
	at java.base/java.lang.reflect.Method.invoke(Method.java:580)
	at net.jqwik.engine.execution.CheckedPropertyFactory.lambda$createCheckedFunction$1(CheckedPropertyFactory.java:45)
	at net.jqwik.engine.execution.CheckedPropertyFactory.lambda$createCheckedFunction$3(CheckedPropertyFactory.java:51)
	at net.jqwik.engine.properties.GenericProperty.testPredicate(GenericProperty.java:106)
	at net.jqwik.engine.properties.GenericProperty.checkWithoutReporting(GenericProperty.java:71)
	at net.jqwik.engine.properties.GenericProperty.check(GenericProperty.java:39)
	at net.jqwik.engine.execution.CheckedProperty.check(CheckedProperty.java:39)
	at net.jqwik.engine.execution.PropertyMethodExecutor.executeProperty(PropertyMethodExecutor.java:121)
	at net.jqwik.engine.execution.PropertyMethodExecutor.executeMethod(PropertyMethodExecutor.java:109)
	at net.jqwik.engine.execution.PropertyMethodExecutor.lambda$executePropertyMethod$0(PropertyMethodExecutor.java:89)
	at net.jqwik.api.lifecycle.AroundPropertyHook.lambda$static$0(AroundPropertyHook.java:17)
	at net.jqwik.api.lifecycle.AroundPropertyHook.lambda$null$1(AroundPropertyHook.java:32)
	at net.jqwik.engine.execution.lifecycle.AutoCloseableHook.aroundProperty(AutoCloseableHook.java:14)
	at net.jqwik.api.lifecycle.AroundPropertyHook.lambda$around$2(AroundPropertyHook.java:37)
	at net.jqwik.engine.execution.PropertyMethodExecutor.executePropertyMethod(PropertyMethodExecutor.java:87)
	at net.jqwik.engine.execution.PropertyMethodExecutor.execute(PropertyMethodExecutor.java:46)
	at net.jqwik.engine.execution.PropertyTaskCreator.executeTestMethod(PropertyTaskCreator.java:73)
	at net.jqwik.engine.execution.PropertyTaskCreator.lambda$createTask$1(PropertyTaskCreator.java:38)
	at net.jqwik.engine.execution.pipeline.ExecutionTask$1.execute(ExecutionTask.java:24)
	at net.jqwik.engine.execution.pipeline.ExecutionPipeline.runToTermination(ExecutionPipeline.java:81)
	at net.jqwik.engine.execution.JqwikExecutor.execute(JqwikExecutor.java:46)
	at net.jqwik.engine.JqwikTestEngine.executeTests(JqwikTestEngine.java:93)
	at net.jqwik.engine.JqwikTestEngine.execute(JqwikTestEngine.java:82)
Caused by: java.lang.IllegalArgumentException: Invalid longitude: must be between -180 and 180
	at com.farmer.crop.service.AgroEcologicalZoneService.validateLocationRequest(AgroEcologicalZoneService.java:270)
	at com.farmer.crop.service.AgroEcologicalZoneService.getZoneForLocation(AgroEcologicalZoneService.java:59)
	... 24 more
]]></error>
    <system-out><![CDATA[2026-02-21T10:38:09.189+05:30  INFO 34696 --- [crop-service-test] [           main] c.f.c.service.AgroEcologicalZoneService  : Looking up zone for location: LocationRequestDto(district=null, state=null, latitude=-10.0, longitude=-50.0, village=null)
2026-02-21T10:38:09.189+05:30 DEBUG 34696 --- [crop-service-test] [           main] c.f.c.service.AgroEcologicalZoneService  : Looking up zone for coordinates: -10.0, -50.0
2026-02-21T10:38:09.193+05:30  WARN 34696 --- [crop-service-test] [           main] c.f.c.service.AgroEcologicalZoneService  : Location not found: No zone found for coordinates: -10.0000, -50.0000
2026-02-21T10:38:09.193+05:30  INFO 34696 --- [crop-service-test] [           main] c.f.c.service.AgroEcologicalZoneService  : Looking up zone for location: LocationRequestDto(district=null, state=null, latitude=-10.0, longitude=-50.0, village=null)
2026-02-21T10:38:09.193+05:30 DEBUG 34696 --- [crop-service-test] [           main] c.f.c.service.AgroEcologicalZoneService  : Looking up zone for coordinates: -10.0, -50.0
2026-02-21T10:38:09.195+05:30  WARN 34696 --- [crop-service-test] [           main] c.f.c.service.AgroEcologicalZoneService  : Location not found: No zone found for coordinates: -10.0000, -50.0000
2026-02-21T10:38:09.200+05:30  INFO 34696 --- [crop-service-test] [           main] c.f.c.service.AgroEcologicalZoneService  : Looking up zone for location: LocationRequestDto(district=null, state=null, latitude=-10.0, longitude=150.0, village=null)
2026-02-21T10:38:09.200+05:30 DEBUG 34696 --- [crop-service-test] [           main] c.f.c.service.AgroEcologicalZoneService  : Looking up zone for coordinates: -10.0, 150.0
2026-02-21T10:38:09.202+05:30  WARN 34696 --- [crop-service-test] [           main] c.f.c.service.AgroEcologicalZoneService  : Location not found: No zone found for coordinates: -10.0000, 150.0000
2026-02-21T10:38:09.202+05:30  INFO 34696 --- [crop-service-test] [           main] c.f.c.service.AgroEcologicalZoneService  : Looking up zone for location: LocationRequestDto(district=null, state=null, latitude=-10.0, longitude=150.0, village=null)
2026-02-21T10:38:09.202+05:30 DEBUG 34696 --- [crop-service-test] [           main] c.f.c.service.AgroEcologicalZoneService  : Looking up zone for coordinates: -10.0, 150.0
2026-02-21T10:38:09.202+05:30  WARN 34696 --- [crop-service-test] [           main] c.f.c.service.AgroEcologicalZoneService  : Location not found: No zone found for coordinates: -10.0000, 150.0000
2026-02-21T10:38:09.203+05:30  INFO 34696 --- [crop-service-test] [           main] c.f.c.service.AgroEcologicalZoneService  : Looking up zone for location: LocationRequestDto(district=null, state=null, latitude=-10.0, longitude=200.0, village=null)
2026-02-21T10:38:09.203+05:30 ERROR 34696 --- [crop-service-test] [           main] c.f.c.service.AgroEcologicalZoneService  : Error mapping location to zone: Invalid longitude: must be between -180 and 180

java.lang.IllegalArgumentException: Invalid longitude: must be between -180 and 180
	at com.farmer.crop.service.AgroEcologicalZoneService.validateLocationRequest(AgroEcologicalZoneService.java:270) ~[classes/:na]
	at com.farmer.crop.service.AgroEcologicalZoneService.getZoneForLocation(AgroEcologicalZoneService.java:59) ~[classes/:na]
	at com.farmer.crop.service.LocationZoneMappingConsistencyPropertyTest.invalidCoordinatesHandledConsistently(LocationZoneMappingConsistencyPropertyTest.java:388) ~[test-classes/:na]
	at java.base/jdk.internal.reflect.DirectMethodHandleAccessor.invoke(DirectMethodHandleAccessor.java:103) ~[na:na]
	at java.base/java.lang.reflect.Method.invoke(Method.java:580) ~[na:na]
	at org.junit.platform.commons.util.ReflectionUtils.invokeMethod(ReflectionUtils.java:728) ~[junit-platform-commons-1.10.1.jar:1.10.1]
	at org.junit.platform.commons.support.ReflectionSupport.invokeMethod(ReflectionSupport.java:297) ~[junit-platform-commons-1.10.1.jar:1.10.1]
	at net.jqwik.engine.execution.CheckedPropertyFactory.lambda$createCheckedFunction$1(CheckedPropertyFactory.java:45) ~[jqwik-engine-1.1.2.jar:na]
	at net.jqwik.engine.execution.CheckedPropertyFactory.lambda$createCheckedFunction$3(CheckedPropertyFactory.java:51) ~[jqwik-engine-1.1.2.jar:na]
	at net.jqwik.engine.properties.GenericProperty.testPredicate(GenericProperty.java:106) ~[jqwik-engine-1.1.2.jar:na]
	at net.jqwik.engine.properties.GenericProperty.checkWithoutReporting(GenericProperty.java:71) ~[jqwik-engine-1.1.2.jar:na]
	at net.jqwik.engine.properties.GenericProperty.check(GenericProperty.java:39) ~[jqwik-engine-1.1.2.jar:na]
	at net.jqwik.engine.execution.CheckedProperty.check(CheckedProperty.java:39) ~[jqwik-engine-1.1.2.jar:na]
	at net.jqwik.engine.execution.PropertyMethodExecutor.executeProperty(PropertyMethodExecutor.java:121) ~[jqwik-engine-1.1.2.jar:na]
	at net.jqwik.engine.execution.PropertyMethodExecutor.executeMethod(PropertyMethodExecutor.java:109) ~[jqwik-engine-1.1.2.jar:na]
	at net.jqwik.engine.execution.PropertyMethodExecutor.lambda$executePropertyMethod$0(PropertyMethodExecutor.java:89) ~[jqwik-engine-1.1.2.jar:na]
	at net.jqwik.api.lifecycle.AroundPropertyHook.lambda$static$0(AroundPropertyHook.java:17) ~[jqwik-api-1.1.2.jar:na]
	at net.jqwik.api.lifecycle.AroundPropertyHook.lambda$null$1(AroundPropertyHook.java:32) ~[jqwik-api-1.1.2.jar:na]
	at net.jqwik.engine.execution.lifecycle.AutoCloseableHook.aroundProperty(AutoCloseableHook.java:14) ~[jqwik-engine-1.1.2.jar:na]
	at net.jqwik.api.lifecycle.AroundPropertyHook.lambda$around$2(AroundPropertyHook.java:37) ~[jqwik-api-1.1.2.jar:na]
	at net.jqwik.engine.execution.PropertyMethodExecutor.executePropertyMethod(PropertyMethodExecutor.java:87) ~[jqwik-engine-1.1.2.jar:na]
	at net.jqwik.engine.execution.PropertyMethodExecutor.execute(PropertyMethodExecutor.java:46) ~[jqwik-engine-1.1.2.jar:na]
	at net.jqwik.engine.execution.PropertyTaskCreator.executeTestMethod(PropertyTaskCreator.java:73) ~[jqwik-engine-1.1.2.jar:na]
	at net.jqwik.engine.execution.PropertyTaskCreator.lambda$createTask$1(PropertyTaskCreator.java:38) ~[jqwik-engine-1.1.2.jar:na]
	at net.jqwik.engine.execution.pipeline.ExecutionTask$1.execute(ExecutionTask.java:24) ~[jqwik-engine-1.1.2.jar:na]
	at net.jqwik.engine.execution.pipeline.ExecutionPipeline.runToTermination(ExecutionPipeline.java:81) ~[jqwik-engine-1.1.2.jar:na]
	at net.jqwik.engine.execution.JqwikExecutor.execute(JqwikExecutor.java:46) ~[jqwik-engine-1.1.2.jar:na]
	at net.jqwik.engine.JqwikTestEngine.executeTests(JqwikTestEngine.java:93) ~[jqwik-engine-1.1.2.jar:na]
	at net.jqwik.engine.JqwikTestEngine.execute(JqwikTestEngine.java:82) ~[jqwik-engine-1.1.2.jar:na]
	at org.junit.platform.launcher.core.EngineExecutionOrchestrator.execute(EngineExecutionOrchestrator.java:198) ~[junit-platform-launcher-1.10.1.jar:1.10.1]
	at org.junit.platform.launcher.core.EngineExecutionOrchestrator.execute(EngineExecutionOrchestrator.java:169) ~[junit-platform-launcher-1.10.1.jar:1.10.1]
	at org.junit.platform.launcher.core.EngineExecutionOrchestrator.execute(EngineExecutionOrchestrator.java:93) ~[junit-platform-launcher-1.10.1.jar:1.10.1]
	at org.junit.platform.launcher.core.EngineExecutionOrchestrator.lambda$execute$0(EngineExecutionOrchestrator.java:58) ~[junit-platform-launcher-1.10.1.jar:1.10.1]
	at org.junit.platform.launcher.core.EngineExecutionOrchestrator.withInterceptedStreams(EngineExecutionOrchestrator.java:141) ~[junit-platform-launcher-1.10.1.jar:1.10.1]
	at org.junit.platform.launcher.core.EngineExecutionOrchestrator.execute(EngineExecutionOrchestrator.java:57) ~[junit-platform-launcher-1.10.1.jar:1.10.1]
	at org.junit.platform.launcher.core.DefaultLauncher.execute(DefaultLauncher.java:103) ~[junit-platform-launcher-1.10.1.jar:1.10.1]
	at org.junit.platform.launcher.core.DefaultLauncher.execute(DefaultLauncher.java:85) ~[junit-platform-launcher-1.10.1.jar:1.10.1]
	at org.junit.platform.launcher.core.DelegatingLauncher.execute(DelegatingLauncher.java:47) ~[junit-platform-launcher-1.10.1.jar:1.10.1]
	at org.apache.maven.surefire.junitplatform.LazyLauncher.execute(LazyLauncher.java:56) ~[surefire-junit-platform-3.1.2.jar:3.1.2]
	at org.apache.maven.surefire.junitplatform.JUnitPlatformProvider.execute(JUnitPlatformProvider.java:184) ~[surefire-junit-platform-3.1.2.jar:3.1.2]
	at org.apache.maven.surefire.junitplatform.JUnitPlatformProvider.invokeAllTests(JUnitPlatformProvider.java:148) ~[surefire-junit-platform-3.1.2.jar:3.1.2]
	at org.apache.maven.surefire.junitplatform.JUnitPlatformProvider.invoke(JUnitPlatformProvider.java:122) ~[surefire-junit-platform-3.1.2.jar:3.1.2]
	at org.apache.maven.surefire.booter.ForkedBooter.runSuitesInProcess(ForkedBooter.java:385) ~[surefire-booter-3.1.2.jar:3.1.2]
	at org.apache.maven.surefire.booter.ForkedBooter.execute(ForkedBooter.java:162) ~[surefire-booter-3.1.2.jar:3.1.2]
	at org.apache.maven.surefire.booter.ForkedBooter.run(ForkedBooter.java:507) ~[surefire-booter-3.1.2.jar:3.1.2]
	at org.apache.maven.surefire.booter.ForkedBooter.main(ForkedBooter.java:495) ~[surefire-booter-3.1.2.jar:3.1.2]

timestamp = 2026-02-21T10:38:09.207615100, LocationZoneMappingConsistencyPropertyTest:invalidCoordinatesHandledConsistently = 

com.farmer.crop.exception.ZoneMappingException: Failed to map location to zone

                              |--------------------jqwik--------------------
tries = 1                     | # of calls to property
checks = 1                    | # of not rejected calls
generation-mode = RANDOMIZED  | parameters are randomly generated
after-failure = PREVIOUS_SEED | use the previous seed
seed = -6351944690224856244   | random seed to reproduce generated values


]]></system-out>
  </testcase>
  <testcase name="zoneMappingConsistentAcrossLookupMethods" classname="com.farmer.crop.service.LocationZoneMappingConsistencyPropertyTest" time="0.006">
    <error message="Failed to map location to zone" type="com.farmer.crop.exception.ZoneMappingException"><![CDATA[com.farmer.crop.exception.ZoneMappingException: Failed to map location to zone
	at com.farmer.crop.service.AgroEcologicalZoneService.getZoneForLocation(AgroEcologicalZoneService.java:85)
	at com.farmer.crop.service.LocationZoneMappingConsistencyPropertyTest.zoneMappingConsistentAcrossLookupMethods(LocationZoneMappingConsistencyPropertyTest.java:345)
	at java.base/java.lang.reflect.Method.invoke(Method.java:580)
	at net.jqwik.engine.execution.CheckedPropertyFactory.lambda$createCheckedFunction$1(CheckedPropertyFactory.java:45)
	at net.jqwik.engine.execution.CheckedPropertyFactory.lambda$createCheckedFunction$3(CheckedPropertyFactory.java:51)
	at net.jqwik.engine.properties.GenericProperty.testPredicate(GenericProperty.java:106)
	at net.jqwik.engine.properties.GenericProperty.checkWithoutReporting(GenericProperty.java:71)
	at net.jqwik.engine.properties.GenericProperty.check(GenericProperty.java:39)
	at net.jqwik.engine.execution.CheckedProperty.check(CheckedProperty.java:39)
	at net.jqwik.engine.execution.PropertyMethodExecutor.executeProperty(PropertyMethodExecutor.java:121)
	at net.jqwik.engine.execution.PropertyMethodExecutor.executeMethod(PropertyMethodExecutor.java:109)
	at net.jqwik.engine.execution.PropertyMethodExecutor.lambda$executePropertyMethod$0(PropertyMethodExecutor.java:89)
	at net.jqwik.api.lifecycle.AroundPropertyHook.lambda$static$0(AroundPropertyHook.java:17)
	at net.jqwik.api.lifecycle.AroundPropertyHook.lambda$null$1(AroundPropertyHook.java:32)
	at net.jqwik.engine.execution.lifecycle.AutoCloseableHook.aroundProperty(AutoCloseableHook.java:14)
	at net.jqwik.api.lifecycle.AroundPropertyHook.lambda$around$2(AroundPropertyHook.java:37)
	at net.jqwik.engine.execution.PropertyMethodExecutor.executePropertyMethod(PropertyMethodExecutor.java:87)
	at net.jqwik.engine.execution.PropertyMethodExecutor.execute(PropertyMethodExecutor.java:46)
	at net.jqwik.engine.execution.PropertyTaskCreator.executeTestMethod(PropertyTaskCreator.java:73)
	at net.jqwik.engine.execution.PropertyTaskCreator.lambda$createTask$1(PropertyTaskCreator.java:38)
	at net.jqwik.engine.execution.pipeline.ExecutionTask$1.execute(ExecutionTask.java:24)
	at net.jqwik.engine.execution.pipeline.ExecutionPipeline.runToTermination(ExecutionPipeline.java:81)
	at net.jqwik.engine.execution.JqwikExecutor.execute(JqwikExecutor.java:46)
	at net.jqwik.engine.JqwikTestEngine.executeTests(JqwikTestEngine.java:93)
	at net.jqwik.engine.JqwikTestEngine.execute(JqwikTestEngine.java:82)
Caused by: java.lang.NullPointerException: Cannot invoke "com.farmer.crop.entity.AgroEcologicalZone.getId()" because "zone" is null
	at com.farmer.crop.service.AgroEcologicalZoneService.mapToDto(AgroEcologicalZoneService.java:283)
	at com.farmer.crop.service.AgroEcologicalZoneService.getZoneByDistrictAndState(AgroEcologicalZoneService.java:132)
	at com.farmer.crop.service.AgroEcologicalZoneService.getZoneForLocation(AgroEcologicalZoneService.java:63)
	... 24 more
]]></error>
    <system-out><![CDATA[2026-02-21T10:38:09.211+05:30  INFO 34696 --- [crop-service-test] [           main] c.f.c.service.AgroEcologicalZoneService  : Looking up zone for location: LocationRequestDto(district=Lucknow, state=Uttar Pradesh, latitude=null, longitude=null, village=null)
2026-02-21T10:38:09.211+05:30 DEBUG 34696 --- [crop-service-test] [           main] c.f.c.service.AgroEcologicalZoneService  : Looking up zone for district: Lucknow, state: Uttar Pradesh
2026-02-21T10:38:09.211+05:30 ERROR 34696 --- [crop-service-test] [           main] c.f.c.service.AgroEcologicalZoneService  : Error mapping location to zone: Cannot invoke "com.farmer.crop.entity.AgroEcologicalZone.getId()" because "zone" is null

java.lang.NullPointerException: Cannot invoke "com.farmer.crop.entity.AgroEcologicalZone.getId()" because "zone" is null
	at com.farmer.crop.service.AgroEcologicalZoneService.mapToDto(AgroEcologicalZoneService.java:283) ~[classes/:na]
	at com.farmer.crop.service.AgroEcologicalZoneService.getZoneByDistrictAndState(AgroEcologicalZoneService.java:132) ~[classes/:na]
	at com.farmer.crop.service.AgroEcologicalZoneService.getZoneForLocation(AgroEcologicalZoneService.java:63) ~[classes/:na]
	at com.farmer.crop.service.LocationZoneMappingConsistencyPropertyTest.zoneMappingConsistentAcrossLookupMethods(LocationZoneMappingConsistencyPropertyTest.java:345) ~[test-classes/:na]
	at java.base/jdk.internal.reflect.DirectMethodHandleAccessor.invoke(DirectMethodHandleAccessor.java:103) ~[na:na]
	at java.base/java.lang.reflect.Method.invoke(Method.java:580) ~[na:na]
	at org.junit.platform.commons.util.ReflectionUtils.invokeMethod(ReflectionUtils.java:728) ~[junit-platform-commons-1.10.1.jar:1.10.1]
	at org.junit.platform.commons.support.ReflectionSupport.invokeMethod(ReflectionSupport.java:297) ~[junit-platform-commons-1.10.1.jar:1.10.1]
	at net.jqwik.engine.execution.CheckedPropertyFactory.lambda$createCheckedFunction$1(CheckedPropertyFactory.java:45) ~[jqwik-engine-1.1.2.jar:na]
	at net.jqwik.engine.execution.CheckedPropertyFactory.lambda$createCheckedFunction$3(CheckedPropertyFactory.java:51) ~[jqwik-engine-1.1.2.jar:na]
	at net.jqwik.engine.properties.GenericProperty.testPredicate(GenericProperty.java:106) ~[jqwik-engine-1.1.2.jar:na]
	at net.jqwik.engine.properties.GenericProperty.checkWithoutReporting(GenericProperty.java:71) ~[jqwik-engine-1.1.2.jar:na]
	at net.jqwik.engine.properties.GenericProperty.check(GenericProperty.java:39) ~[jqwik-engine-1.1.2.jar:na]
	at net.jqwik.engine.execution.CheckedProperty.check(CheckedProperty.java:39) ~[jqwik-engine-1.1.2.jar:na]
	at net.jqwik.engine.execution.PropertyMethodExecutor.executeProperty(PropertyMethodExecutor.java:121) ~[jqwik-engine-1.1.2.jar:na]
	at net.jqwik.engine.execution.PropertyMethodExecutor.executeMethod(PropertyMethodExecutor.java:109) ~[jqwik-engine-1.1.2.jar:na]
	at net.jqwik.engine.execution.PropertyMethodExecutor.lambda$executePropertyMethod$0(PropertyMethodExecutor.java:89) ~[jqwik-engine-1.1.2.jar:na]
	at net.jqwik.api.lifecycle.AroundPropertyHook.lambda$static$0(AroundPropertyHook.java:17) ~[jqwik-api-1.1.2.jar:na]
	at net.jqwik.api.lifecycle.AroundPropertyHook.lambda$null$1(AroundPropertyHook.java:32) ~[jqwik-api-1.1.2.jar:na]
	at net.jqwik.engine.execution.lifecycle.AutoCloseableHook.aroundProperty(AutoCloseableHook.java:14) ~[jqwik-engine-1.1.2.jar:na]
	at net.jqwik.api.lifecycle.AroundPropertyHook.lambda$around$2(AroundPropertyHook.java:37) ~[jqwik-api-1.1.2.jar:na]
	at net.jqwik.engine.execution.PropertyMethodExecutor.executePropertyMethod(PropertyMethodExecutor.java:87) ~[jqwik-engine-1.1.2.jar:na]
	at net.jqwik.engine.execution.PropertyMethodExecutor.execute(PropertyMethodExecutor.java:46) ~[jqwik-engine-1.1.2.jar:na]
	at net.jqwik.engine.execution.PropertyTaskCreator.executeTestMethod(PropertyTaskCreator.java:73) ~[jqwik-engine-1.1.2.jar:na]
	at net.jqwik.engine.execution.PropertyTaskCreator.lambda$createTask$1(PropertyTaskCreator.java:38) ~[jqwik-engine-1.1.2.jar:na]
	at net.jqwik.engine.execution.pipeline.ExecutionTask$1.execute(ExecutionTask.java:24) ~[jqwik-engine-1.1.2.jar:na]
	at net.jqwik.engine.execution.pipeline.ExecutionPipeline.runToTermination(ExecutionPipeline.java:81) ~[jqwik-engine-1.1.2.jar:na]
	at net.jqwik.engine.execution.JqwikExecutor.execute(JqwikExecutor.java:46) ~[jqwik-engine-1.1.2.jar:na]
	at net.jqwik.engine.JqwikTestEngine.executeTests(JqwikTestEngine.java:93) ~[jqwik-engine-1.1.2.jar:na]
	at net.jqwik.engine.JqwikTestEngine.execute(JqwikTestEngine.java:82) ~[jqwik-engine-1.1.2.jar:na]
	at org.junit.platform.launcher.core.EngineExecutionOrchestrator.execute(EngineExecutionOrchestrator.java:198) ~[junit-platform-launcher-1.10.1.jar:1.10.1]
	at org.junit.platform.launcher.core.EngineExecutionOrchestrator.execute(EngineExecutionOrchestrator.java:169) ~[junit-platform-launcher-1.10.1.jar:1.10.1]
	at org.junit.platform.launcher.core.EngineExecutionOrchestrator.execute(EngineExecutionOrchestrator.java:93) ~[junit-platform-launcher-1.10.1.jar:1.10.1]
	at org.junit.platform.launcher.core.EngineExecutionOrchestrator.lambda$execute$0(EngineExecutionOrchestrator.java:58) ~[junit-platform-launcher-1.10.1.jar:1.10.1]
	at org.junit.platform.launcher.core.EngineExecutionOrchestrator.withInterceptedStreams(EngineExecutionOrchestrator.java:141) ~[junit-platform-launcher-1.10.1.jar:1.10.1]
	at org.junit.platform.launcher.core.EngineExecutionOrchestrator.execute(EngineExecutionOrchestrator.java:57) ~[junit-platform-launcher-1.10.1.jar:1.10.1]
	at org.junit.platform.launcher.core.DefaultLauncher.execute(DefaultLauncher.java:103) ~[junit-platform-launcher-1.10.1.jar:1.10.1]
	at org.junit.platform.launcher.core.DefaultLauncher.execute(DefaultLauncher.java:85) ~[junit-platform-launcher-1.10.1.jar:1.10.1]
	at org.junit.platform.launcher.core.DelegatingLauncher.execute(DelegatingLauncher.java:47) ~[junit-platform-launcher-1.10.1.jar:1.10.1]
	at org.apache.maven.surefire.junitplatform.LazyLauncher.execute(LazyLauncher.java:56) ~[surefire-junit-platform-3.1.2.jar:3.1.2]
	at org.apache.maven.surefire.junitplatform.JUnitPlatformProvider.execute(JUnitPlatformProvider.java:184) ~[surefire-junit-platform-3.1.2.jar:3.1.2]
	at org.apache.maven.surefire.junitplatform.JUnitPlatformProvider.invokeAllTests(JUnitPlatformProvider.java:148) ~[surefire-junit-platform-3.1.2.jar:3.1.2]
	at org.apache.maven.surefire.junitplatform.JUnitPlatformProvider.invoke(JUnitPlatformProvider.java:122) ~[surefire-junit-platform-3.1.2.jar:3.1.2]
	at org.apache.maven.surefire.booter.ForkedBooter.runSuitesInProcess(ForkedBooter.java:385) ~[surefire-booter-3.1.2.jar:3.1.2]
	at org.apache.maven.surefire.booter.ForkedBooter.execute(ForkedBooter.java:162) ~[surefire-booter-3.1.2.jar:3.1.2]
	at org.apache.maven.surefire.booter.ForkedBooter.run(ForkedBooter.java:507) ~[surefire-booter-3.1.2.jar:3.1.2]
	at org.apache.maven.surefire.booter.ForkedBooter.main(ForkedBooter.java:495) ~[surefire-booter-3.1.2.jar:3.1.2]

timestamp = 2026-02-21T10:38:09.214678600, LocationZoneMappingConsistencyPropertyTest:zoneMappingConsistentAcrossLookupMethods = 

com.farmer.crop.exception.ZoneMappingException: Failed to map location to zone

                              |--------------------jqwik--------------------
tries = 1                     | # of calls to property
checks = 1                    | # of not rejected calls
generation-mode = RANDOMIZED  | parameters are randomly generated
after-failure = PREVIOUS_SEED | use the previous seed
seed = -4883245311362765085   | random seed to reproduce generated values


]]></system-out>
  </testcase>
  <testcase name="sameDistrictStateShouldMapToSameZone" classname="com.farmer.crop.service.LocationZoneMappingConsistencyPropertyTest" time="0.03">
    <error message="Failed to map location to zone" type="com.farmer.crop.exception.ZoneMappingException"><![CDATA[com.farmer.crop.exception.ZoneMappingException: Failed to map location to zone
	at com.farmer.crop.service.AgroEcologicalZoneService.getZoneForLocation(AgroEcologicalZoneService.java:85)
	at com.farmer.crop.service.LocationZoneMappingConsistencyPropertyTest.sameDistrictStateShouldMapToSameZone(LocationZoneMappingConsistencyPropertyTest.java:173)
	at java.base/java.lang.reflect.Method.invoke(Method.java:580)
	at net.jqwik.engine.execution.CheckedPropertyFactory.lambda$createCheckedFunction$1(CheckedPropertyFactory.java:45)
	at net.jqwik.engine.execution.CheckedPropertyFactory.lambda$createCheckedFunction$3(CheckedPropertyFactory.java:51)
	at net.jqwik.engine.properties.GenericProperty.testPredicate(GenericProperty.java:106)
	at net.jqwik.engine.properties.GenericProperty.checkWithoutReporting(GenericProperty.java:71)
	at net.jqwik.engine.properties.GenericProperty.check(GenericProperty.java:39)
	at net.jqwik.engine.execution.CheckedProperty.check(CheckedProperty.java:39)
	at net.jqwik.engine.execution.PropertyMethodExecutor.executeProperty(PropertyMethodExecutor.java:121)
	at net.jqwik.engine.execution.PropertyMethodExecutor.executeMethod(PropertyMethodExecutor.java:109)
	at net.jqwik.engine.execution.PropertyMethodExecutor.lambda$executePropertyMethod$0(PropertyMethodExecutor.java:89)
	at net.jqwik.api.lifecycle.AroundPropertyHook.lambda$static$0(AroundPropertyHook.java:17)
	at net.jqwik.api.lifecycle.AroundPropertyHook.lambda$null$1(AroundPropertyHook.java:32)
	at net.jqwik.engine.execution.lifecycle.AutoCloseableHook.aroundProperty(AutoCloseableHook.java:14)
	at net.jqwik.api.lifecycle.AroundPropertyHook.lambda$around$2(AroundPropertyHook.java:37)
	at net.jqwik.engine.execution.PropertyMethodExecutor.executePropertyMethod(PropertyMethodExecutor.java:87)
	at net.jqwik.engine.execution.PropertyMethodExecutor.execute(PropertyMethodExecutor.java:46)
	at net.jqwik.engine.execution.PropertyTaskCreator.executeTestMethod(PropertyTaskCreator.java:73)
	at net.jqwik.engine.execution.PropertyTaskCreator.lambda$createTask$1(PropertyTaskCreator.java:38)
	at net.jqwik.engine.execution.pipeline.ExecutionTask$1.execute(ExecutionTask.java:24)
	at net.jqwik.engine.execution.pipeline.ExecutionPipeline.runToTermination(ExecutionPipeline.java:81)
	at net.jqwik.engine.execution.JqwikExecutor.execute(JqwikExecutor.java:46)
	at net.jqwik.engine.JqwikTestEngine.executeTests(JqwikTestEngine.java:93)
	at net.jqwik.engine.JqwikTestEngine.execute(JqwikTestEngine.java:82)
Caused by: java.lang.NullPointerException: Cannot invoke "com.farmer.crop.entity.AgroEcologicalZone.getId()" because "zone" is null
	at com.farmer.crop.service.AgroEcologicalZoneService.mapToDto(AgroEcologicalZoneService.java:283)
	at com.farmer.crop.service.AgroEcologicalZoneService.getZoneByDistrictAndState(AgroEcologicalZoneService.java:132)
	at com.farmer.crop.service.AgroEcologicalZoneService.getZoneForLocation(AgroEcologicalZoneService.java:63)
	... 24 more
]]></error>
    <system-out><![CDATA[2026-02-21T10:38:09.242+05:30  INFO 34696 --- [crop-service-test] [           main] c.f.c.service.AgroEcologicalZoneService  : Looking up zone for location: LocationRequestDto(district=Lucknow, state=Uttar Pradesh, latitude=null, longitude=null, village=null)
2026-02-21T10:38:09.242+05:30 DEBUG 34696 --- [crop-service-test] [           main] c.f.c.service.AgroEcologicalZoneService  : Looking up zone for district: Lucknow, state: Uttar Pradesh
2026-02-21T10:38:09.242+05:30 ERROR 34696 --- [crop-service-test] [           main] c.f.c.service.AgroEcologicalZoneService  : Error mapping location to zone: Cannot invoke "com.farmer.crop.entity.AgroEcologicalZone.getId()" because "zone" is null

java.lang.NullPointerException: Cannot invoke "com.farmer.crop.entity.AgroEcologicalZone.getId()" because "zone" is null
	at com.farmer.crop.service.AgroEcologicalZoneService.mapToDto(AgroEcologicalZoneService.java:283) ~[classes/:na]
	at com.farmer.crop.service.AgroEcologicalZoneService.getZoneByDistrictAndState(AgroEcologicalZoneService.java:132) ~[classes/:na]
	at com.farmer.crop.service.AgroEcologicalZoneService.getZoneForLocation(AgroEcologicalZoneService.java:63) ~[classes/:na]
	at com.farmer.crop.service.LocationZoneMappingConsistencyPropertyTest.sameDistrictStateShouldMapToSameZone(LocationZoneMappingConsistencyPropertyTest.java:173) ~[test-classes/:na]
	at java.base/jdk.internal.reflect.DirectMethodHandleAccessor.invoke(DirectMethodHandleAccessor.java:103) ~[na:na]
	at java.base/java.lang.reflect.Method.invoke(Method.java:580) ~[na:na]
	at org.junit.platform.commons.util.ReflectionUtils.invokeMethod(ReflectionUtils.java:728) ~[junit-platform-commons-1.10.1.jar:1.10.1]
	at org.junit.platform.commons.support.ReflectionSupport.invokeMethod(ReflectionSupport.java:297) ~[junit-platform-commons-1.10.1.jar:1.10.1]
	at net.jqwik.engine.execution.CheckedPropertyFactory.lambda$createCheckedFunction$1(CheckedPropertyFactory.java:45) ~[jqwik-engine-1.1.2.jar:na]
	at net.jqwik.engine.execution.CheckedPropertyFactory.lambda$createCheckedFunction$3(CheckedPropertyFactory.java:51) ~[jqwik-engine-1.1.2.jar:na]
	at net.jqwik.engine.properties.GenericProperty.testPredicate(GenericProperty.java:106) ~[jqwik-engine-1.1.2.jar:na]
	at net.jqwik.engine.properties.GenericProperty.checkWithoutReporting(GenericProperty.java:71) ~[jqwik-engine-1.1.2.jar:na]
	at net.jqwik.engine.properties.GenericProperty.check(GenericProperty.java:39) ~[jqwik-engine-1.1.2.jar:na]
	at net.jqwik.engine.execution.CheckedProperty.check(CheckedProperty.java:39) ~[jqwik-engine-1.1.2.jar:na]
	at net.jqwik.engine.execution.PropertyMethodExecutor.executeProperty(PropertyMethodExecutor.java:121) ~[jqwik-engine-1.1.2.jar:na]
	at net.jqwik.engine.execution.PropertyMethodExecutor.executeMethod(PropertyMethodExecutor.java:109) ~[jqwik-engine-1.1.2.jar:na]
	at net.jqwik.engine.execution.PropertyMethodExecutor.lambda$executePropertyMethod$0(PropertyMethodExecutor.java:89) ~[jqwik-engine-1.1.2.jar:na]
	at net.jqwik.api.lifecycle.AroundPropertyHook.lambda$static$0(AroundPropertyHook.java:17) ~[jqwik-api-1.1.2.jar:na]
	at net.jqwik.api.lifecycle.AroundPropertyHook.lambda$null$1(AroundPropertyHook.java:32) ~[jqwik-api-1.1.2.jar:na]
	at net.jqwik.engine.execution.lifecycle.AutoCloseableHook.aroundProperty(AutoCloseableHook.java:14) ~[jqwik-engine-1.1.2.jar:na]
	at net.jqwik.api.lifecycle.AroundPropertyHook.lambda$around$2(AroundPropertyHook.java:37) ~[jqwik-api-1.1.2.jar:na]
	at net.jqwik.engine.execution.PropertyMethodExecutor.executePropertyMethod(PropertyMethodExecutor.java:87) ~[jqwik-engine-1.1.2.jar:na]
	at net.jqwik.engine.execution.PropertyMethodExecutor.execute(PropertyMethodExecutor.java:46) ~[jqwik-engine-1.1.2.jar:na]
	at net.jqwik.engine.execution.PropertyTaskCreator.executeTestMethod(PropertyTaskCreator.java:73) ~[jqwik-engine-1.1.2.jar:na]
	at net.jqwik.engine.execution.PropertyTaskCreator.lambda$createTask$1(PropertyTaskCreator.java:38) ~[jqwik-engine-1.1.2.jar:na]
	at net.jqwik.engine.execution.pipeline.ExecutionTask$1.execute(ExecutionTask.java:24) ~[jqwik-engine-1.1.2.jar:na]
	at net.jqwik.engine.execution.pipeline.ExecutionPipeline.runToTermination(ExecutionPipeline.java:81) ~[jqwik-engine-1.1.2.jar:na]
	at net.jqwik.engine.execution.JqwikExecutor.execute(JqwikExecutor.java:46) ~[jqwik-engine-1.1.2.jar:na]
	at net.jqwik.engine.JqwikTestEngine.executeTests(JqwikTestEngine.java:93) ~[jqwik-engine-1.1.2.jar:na]
	at net.jqwik.engine.JqwikTestEngine.execute(JqwikTestEngine.java:82) ~[jqwik-engine-1.1.2.jar:na]
	at org.junit.platform.launcher.core.EngineExecutionOrchestrator.execute(EngineExecutionOrchestrator.java:198) ~[junit-platform-launcher-1.10.1.jar:1.10.1]
	at org.junit.platform.launcher.core.EngineExecutionOrchestrator.execute(EngineExecutionOrchestrator.java:169) ~[junit-platform-launcher-1.10.1.jar:1.10.1]
	at org.junit.platform.launcher.core.EngineExecutionOrchestrator.execute(EngineExecutionOrchestrator.java:93) ~[junit-platform-launcher-1.10.1.jar:1.10.1]
	at org.junit.platform.launcher.core.EngineExecutionOrchestrator.lambda$execute$0(EngineExecutionOrchestrator.java:58) ~[junit-platform-launcher-1.10.1.jar:1.10.1]
	at org.junit.platform.launcher.core.EngineExecutionOrchestrator.withInterceptedStreams(EngineExecutionOrchestrator.java:141) ~[junit-platform-launcher-1.10.1.jar:1.10.1]
	at org.junit.platform.launcher.core.EngineExecutionOrchestrator.execute(EngineExecutionOrchestrator.java:57) ~[junit-platform-launcher-1.10.1.jar:1.10.1]
	at org.junit.platform.launcher.core.DefaultLauncher.execute(DefaultLauncher.java:103) ~[junit-platform-launcher-1.10.1.jar:1.10.1]
	at org.junit.platform.launcher.core.DefaultLauncher.execute(DefaultLauncher.java:85) ~[junit-platform-launcher-1.10.1.jar:1.10.1]
	at org.junit.platform.launcher.core.DelegatingLauncher.execute(DelegatingLauncher.java:47) ~[junit-platform-launcher-1.10.1.jar:1.10.1]
	at org.apache.maven.surefire.junitplatform.LazyLauncher.execute(LazyLauncher.java:56) ~[surefire-junit-platform-3.1.2.jar:3.1.2]
	at org.apache.maven.surefire.junitplatform.JUnitPlatformProvider.execute(JUnitPlatformProvider.java:184) ~[surefire-junit-platform-3.1.2.jar:3.1.2]
	at org.apache.maven.surefire.junitplatform.JUnitPlatformProvider.invokeAllTests(JUnitPlatformProvider.java:148) ~[surefire-junit-platform-3.1.2.jar:3.1.2]
	at org.apache.maven.surefire.junitplatform.JUnitPlatformProvider.invoke(JUnitPlatformProvider.java:122) ~[surefire-junit-platform-3.1.2.jar:3.1.2]
	at org.apache.maven.surefire.booter.ForkedBooter.runSuitesInProcess(ForkedBooter.java:385) ~[surefire-booter-3.1.2.jar:3.1.2]
	at org.apache.maven.surefire.booter.ForkedBooter.execute(ForkedBooter.java:162) ~[surefire-booter-3.1.2.jar:3.1.2]
	at org.apache.maven.surefire.booter.ForkedBooter.run(ForkedBooter.java:507) ~[surefire-booter-3.1.2.jar:3.1.2]
	at org.apache.maven.surefire.booter.ForkedBooter.main(ForkedBooter.java:495) ~[surefire-booter-3.1.2.jar:3.1.2]

timestamp = 2026-02-21T10:38:09.244521800, LocationZoneMappingConsistencyPropertyTest:sameDistrictStateShouldMapToSameZone = 

com.farmer.crop.exception.ZoneMappingException: Failed to map location to zone

                              |--------------------jqwik--------------------
tries = 1                     | # of calls to property
checks = 1                    | # of not rejected calls
generation-mode = EXHAUSTIVE  | parameters are exhaustively generated
after-failure = PREVIOUS_SEED | use the previous seed
seed = 2948311275765833725    | random seed to reproduce generated values
sample = [LocationRequestDto(district=Lucknow, state=Uttar Pradesh, latitude=null, longitude=null, village=null)]
original-sample = [LocationRequestDto(district=Lucknow, state=Uttar Pradesh, latitude=null, longitude=null, village=null)]


]]></system-out>
  </testcase>
  <testcase name="zoneMappingIsDeterministic" classname="com.farmer.crop.service.LocationZoneMappingConsistencyPropertyTest" time="0.077">
    <error message="Failed to map location to zone" type="com.farmer.crop.exception.ZoneMappingException"><![CDATA[com.farmer.crop.exception.ZoneMappingException: Failed to map location to zone
	at com.farmer.crop.service.AgroEcologicalZoneService.getZoneForLocation(AgroEcologicalZoneService.java:85)
	at com.farmer.crop.service.LocationZoneMappingConsistencyPropertyTest.zoneMappingIsDeterministic(LocationZoneMappingConsistencyPropertyTest.java:229)
	at java.base/java.lang.reflect.Method.invoke(Method.java:580)
	at net.jqwik.engine.execution.CheckedPropertyFactory.lambda$createCheckedFunction$1(CheckedPropertyFactory.java:45)
	at net.jqwik.engine.execution.CheckedPropertyFactory.lambda$createCheckedFunction$3(CheckedPropertyFactory.java:51)
	at net.jqwik.engine.properties.shrinking.ElementsShrinkingSequence.lambda$falsifierForPosition$4(ElementsShrinkingSequence.java:100)
	at net.jqwik.engine.properties.shrinking.CombinedShrinkable$CombinedShrinkingSequence.lambda$new$0(CombinedShrinkable.java:48)
	at net.jqwik.engine.properties.shrinking.ElementsShrinkingSequence.lambda$falsifierForPosition$4(ElementsShrinkingSequence.java:100)
	at net.jqwik.api.Falsifier.lambda$withFilter$0(Falsifier.java:20)
	at net.jqwik.engine.properties.shrinking.MappedShrinkable.lambda$shrink$0(MappedShrinkable.java:26)
	at net.jqwik.api.Falsifier.falsify(Falsifier.java:41)
	at net.jqwik.engine.properties.shrinking.DeepSearchShrinkingSequence.falsify(DeepSearchShrinkingSequence.java:74)
	at java.base/java.util.stream.ReferencePipeline$3$1.accept(ReferencePipeline.java:197)
	at java.base/java.util.stream.SortedOps$SizedRefSortingSink.end(SortedOps.java:357)
	at java.base/java.util.stream.AbstractPipeline.copyInto(AbstractPipeline.java:510)
	at java.base/java.util.stream.AbstractPipeline.wrapAndCopyInto(AbstractPipeline.java:499)
	at java.base/java.util.stream.ReduceOps$ReduceOp.evaluateSequential(ReduceOps.java:921)
	at java.base/java.util.stream.AbstractPipeline.evaluate(AbstractPipeline.java:234)
	at java.base/java.util.stream.ReferencePipeline.collect(ReferencePipeline.java:682)
	at net.jqwik.engine.properties.shrinking.DeepSearchShrinkingSequence.next(DeepSearchShrinkingSequence.java:37)
	at net.jqwik.engine.properties.shrinking.MappedShrinkingSequence.next(MappedShrinkingSequence.java:18)
	at net.jqwik.engine.properties.shrinking.UniqueShrinkable$UniqueShrinkingSequence.next(UniqueShrinkable.java:66)
	at net.jqwik.engine.properties.shrinking.ElementsShrinkingSequence.shrinkCurrentPosition(ElementsShrinkingSequence.java:57)
	at net.jqwik.engine.properties.shrinking.ElementsShrinkingSequence.next(ElementsShrinkingSequence.java:46)
	at net.jqwik.engine.properties.shrinking.ElementsShrinkingSequence.advanceToNextShrinkingPosition(ElementsShrinkingSequence.java:69)
	at net.jqwik.engine.properties.shrinking.ElementsShrinkingSequence.shrinkCurrentPosition(ElementsShrinkingSequence.java:58)
	at net.jqwik.engine.properties.shrinking.ElementsShrinkingSequence.next(ElementsShrinkingSequence.java:46)
	at net.jqwik.engine.properties.shrinking.CombinedShrinkable$CombinedShrinkingSequence.next(CombinedShrinkable.java:74)
	at net.jqwik.engine.properties.shrinking.ElementsShrinkingSequence.shrinkCurrentPosition(ElementsShrinkingSequence.java:57)
	at net.jqwik.engine.properties.shrinking.ElementsShrinkingSequence.next(ElementsShrinkingSequence.java:46)
	at net.jqwik.engine.properties.shrinking.PropertyShrinker.shrink(PropertyShrinker.java:42)
	at net.jqwik.engine.properties.GenericProperty.shrink(GenericProperty.java:141)
	at net.jqwik.engine.properties.GenericProperty.shrinkAndCreateCheckResult(GenericProperty.java:122)
	at net.jqwik.engine.properties.GenericProperty.checkWithoutReporting(GenericProperty.java:79)
	at net.jqwik.engine.properties.GenericProperty.check(GenericProperty.java:39)
	at net.jqwik.engine.execution.CheckedProperty.check(CheckedProperty.java:39)
	at net.jqwik.engine.execution.PropertyMethodExecutor.executeProperty(PropertyMethodExecutor.java:121)
	at net.jqwik.engine.execution.PropertyMethodExecutor.executeMethod(PropertyMethodExecutor.java:109)
	at net.jqwik.engine.execution.PropertyMethodExecutor.lambda$executePropertyMethod$0(PropertyMethodExecutor.java:89)
	at net.jqwik.api.lifecycle.AroundPropertyHook.lambda$static$0(AroundPropertyHook.java:17)
	at net.jqwik.api.lifecycle.AroundPropertyHook.lambda$null$1(AroundPropertyHook.java:32)
	at net.jqwik.engine.execution.lifecycle.AutoCloseableHook.aroundProperty(AutoCloseableHook.java:14)
	at net.jqwik.api.lifecycle.AroundPropertyHook.lambda$around$2(AroundPropertyHook.java:37)
	at net.jqwik.engine.execution.PropertyMethodExecutor.executePropertyMethod(PropertyMethodExecutor.java:87)
	at net.jqwik.engine.execution.PropertyMethodExecutor.execute(PropertyMethodExecutor.java:46)
	at net.jqwik.engine.execution.PropertyTaskCreator.executeTestMethod(PropertyTaskCreator.java:73)
	at net.jqwik.engine.execution.PropertyTaskCreator.lambda$createTask$1(PropertyTaskCreator.java:38)
	at net.jqwik.engine.execution.pipeline.ExecutionTask$1.execute(ExecutionTask.java:24)
	at net.jqwik.engine.execution.pipeline.ExecutionPipeline.runToTermination(ExecutionPipeline.java:81)
	at net.jqwik.engine.execution.JqwikExecutor.execute(JqwikExecutor.java:46)
	at net.jqwik.engine.JqwikTestEngine.executeTests(JqwikTestEngine.java:93)
	at net.jqwik.engine.JqwikTestEngine.execute(JqwikTestEngine.java:82)
Caused by: java.lang.NullPointerException: Cannot invoke "com.farmer.crop.entity.AgroEcologicalZone.getId()" because "zone" is null
	at com.farmer.crop.service.AgroEcologicalZoneService.mapToDto(AgroEcologicalZoneService.java:283)
	at com.farmer.crop.service.AgroEcologicalZoneService.getZoneByCoordinates(AgroEcologicalZoneService.java:170)
	at com.farmer.crop.service.AgroEcologicalZoneService.getZoneForLocation(AgroEcologicalZoneService.java:68)
	... 51 more
]]></error>
    <system-out><![CDATA[2026-02-21T10:38:09.255+05:30  INFO 34696 --- [crop-service-test] [           main] c.f.c.service.AgroEcologicalZoneService  : Looking up zone for location: LocationRequestDto(district=null, state=null, latitude=29.73, longitude=86.21, village=null)
2026-02-21T10:38:09.255+05:30 DEBUG 34696 --- [crop-service-test] [           main] c.f.c.service.AgroEcologicalZoneService  : Looking up zone for coordinates: 29.73, 86.21
2026-02-21T10:38:09.255+05:30 ERROR 34696 --- [crop-service-test] [           main] c.f.c.service.AgroEcologicalZoneService  : Error mapping location to zone: Cannot invoke "com.farmer.crop.entity.AgroEcologicalZone.getId()" because "zone" is null

java.lang.NullPointerException: Cannot invoke "com.farmer.crop.entity.AgroEcologicalZone.getId()" because "zone" is null
	at com.farmer.crop.service.AgroEcologicalZoneService.mapToDto(AgroEcologicalZoneService.java:283) ~[classes/:na]
	at com.farmer.crop.service.AgroEcologicalZoneService.getZoneByCoordinates(AgroEcologicalZoneService.java:170) ~[classes/:na]
	at com.farmer.crop.service.AgroEcologicalZoneService.getZoneForLocation(AgroEcologicalZoneService.java:68) ~[classes/:na]
	at com.farmer.crop.service.LocationZoneMappingConsistencyPropertyTest.zoneMappingIsDeterministic(LocationZoneMappingConsistencyPropertyTest.java:229) ~[test-classes/:na]
	at java.base/jdk.internal.reflect.DirectMethodHandleAccessor.invoke(DirectMethodHandleAccessor.java:103) ~[na:na]
	at java.base/java.lang.reflect.Method.invoke(Method.java:580) ~[na:na]
	at org.junit.platform.commons.util.ReflectionUtils.invokeMethod(ReflectionUtils.java:728) ~[junit-platform-commons-1.10.1.jar:1.10.1]
	at org.junit.platform.commons.support.ReflectionSupport.invokeMethod(ReflectionSupport.java:297) ~[junit-platform-commons-1.10.1.jar:1.10.1]
	at net.jqwik.engine.execution.CheckedPropertyFactory.lambda$createCheckedFunction$1(CheckedPropertyFactory.java:45) ~[jqwik-engine-1.1.2.jar:na]
	at net.jqwik.engine.execution.CheckedPropertyFactory.lambda$createCheckedFunction$3(CheckedPropertyFactory.java:51) ~[jqwik-engine-1.1.2.jar:na]
	at net.jqwik.engine.properties.GenericProperty.testPredicate(GenericProperty.java:106) ~[jqwik-engine-1.1.2.jar:na]
	at net.jqwik.engine.properties.GenericProperty.checkWithoutReporting(GenericProperty.java:71) ~[jqwik-engine-1.1.2.jar:na]
	at net.jqwik.engine.properties.GenericProperty.check(GenericProperty.java:39) ~[jqwik-engine-1.1.2.jar:na]
	at net.jqwik.engine.execution.CheckedProperty.check(CheckedProperty.java:39) ~[jqwik-engine-1.1.2.jar:na]
	at net.jqwik.engine.execution.PropertyMethodExecutor.executeProperty(PropertyMethodExecutor.java:121) ~[jqwik-engine-1.1.2.jar:na]
	at net.jqwik.engine.execution.PropertyMethodExecutor.executeMethod(PropertyMethodExecutor.java:109) ~[jqwik-engine-1.1.2.jar:na]
	at net.jqwik.engine.execution.PropertyMethodExecutor.lambda$executePropertyMethod$0(PropertyMethodExecutor.java:89) ~[jqwik-engine-1.1.2.jar:na]
	at net.jqwik.api.lifecycle.AroundPropertyHook.lambda$static$0(AroundPropertyHook.java:17) ~[jqwik-api-1.1.2.jar:na]
	at net.jqwik.api.lifecycle.AroundPropertyHook.lambda$null$1(AroundPropertyHook.java:32) ~[jqwik-api-1.1.2.jar:na]
	at net.jqwik.engine.execution.lifecycle.AutoCloseableHook.aroundProperty(AutoCloseableHook.java:14) ~[jqwik-engine-1.1.2.jar:na]
	at net.jqwik.api.lifecycle.AroundPropertyHook.lambda$around$2(AroundPropertyHook.java:37) ~[jqwik-api-1.1.2.jar:na]
	at net.jqwik.engine.execution.PropertyMethodExecutor.executePropertyMethod(PropertyMethodExecutor.java:87) ~[jqwik-engine-1.1.2.jar:na]
	at net.jqwik.engine.execution.PropertyMethodExecutor.execute(PropertyMethodExecutor.java:46) ~[jqwik-engine-1.1.2.jar:na]
	at net.jqwik.engine.execution.PropertyTaskCreator.executeTestMethod(PropertyTaskCreator.java:73) ~[jqwik-engine-1.1.2.jar:na]
	at net.jqwik.engine.execution.PropertyTaskCreator.lambda$createTask$1(PropertyTaskCreator.java:38) ~[jqwik-engine-1.1.2.jar:na]
	at net.jqwik.engine.execution.pipeline.ExecutionTask$1.execute(ExecutionTask.java:24) ~[jqwik-engine-1.1.2.jar:na]
	at net.jqwik.engine.execution.pipeline.ExecutionPipeline.runToTermination(ExecutionPipeline.java:81) ~[jqwik-engine-1.1.2.jar:na]
	at net.jqwik.engine.execution.JqwikExecutor.execute(JqwikExecutor.java:46) ~[jqwik-engine-1.1.2.jar:na]
	at net.jqwik.engine.JqwikTestEngine.executeTests(JqwikTestEngine.java:93) ~[jqwik-engine-1.1.2.jar:na]
	at net.jqwik.engine.JqwikTestEngine.execute(JqwikTestEngine.java:82) ~[jqwik-engine-1.1.2.jar:na]
	at org.junit.platform.launcher.core.EngineExecutionOrchestrator.execute(EngineExecutionOrchestrator.java:198) ~[junit-platform-launcher-1.10.1.jar:1.10.1]
	at org.junit.platform.launcher.core.EngineExecutionOrchestrator.execute(EngineExecutionOrchestrator.java:169) ~[junit-platform-launcher-1.10.1.jar:1.10.1]
	at org.junit.platform.launcher.core.EngineExecutionOrchestrator.execute(EngineExecutionOrchestrator.java:93) ~[junit-platform-launcher-1.10.1.jar:1.10.1]
	at org.junit.platform.launcher.core.EngineExecutionOrchestrator.lambda$execute$0(EngineExecutionOrchestrator.java:58) ~[junit-platform-launcher-1.10.1.jar:1.10.1]
	at org.junit.platform.launcher.core.EngineExecutionOrchestrator.withInterceptedStreams(EngineExecutionOrchestrator.java:141) ~[junit-platform-launcher-1.10.1.jar:1.10.1]
	at org.junit.platform.launcher.core.EngineExecutionOrchestrator.execute(EngineExecutionOrchestrator.java:57) ~[junit-platform-launcher-1.10.1.jar:1.10.1]
	at org.junit.platform.launcher.core.DefaultLauncher.execute(DefaultLauncher.java:103) ~[junit-platform-launcher-1.10.1.jar:1.10.1]
	at org.junit.platform.launcher.core.DefaultLauncher.execute(DefaultLauncher.java:85) ~[junit-platform-launcher-1.10.1.jar:1.10.1]
	at org.junit.platform.launcher.core.DelegatingLauncher.execute(DelegatingLauncher.java:47) ~[junit-platform-launcher-1.10.1.jar:1.10.1]
	at org.apache.maven.surefire.junitplatform.LazyLauncher.execute(LazyLauncher.java:56) ~[surefire-junit-platform-3.1.2.jar:3.1.2]
	at org.apache.maven.surefire.junitplatform.JUnitPlatformProvider.execute(JUnitPlatformProvider.java:184) ~[surefire-junit-platform-3.1.2.jar:3.1.2]
	at org.apache.maven.surefire.junitplatform.JUnitPlatformProvider.invokeAllTests(JUnitPlatformProvider.java:148) ~[surefire-junit-platform-3.1.2.jar:3.1.2]
	at org.apache.maven.surefire.junitplatform.JUnitPlatformProvider.invoke(JUnitPlatformProvider.java:122) ~[surefire-junit-platform-3.1.2.jar:3.1.2]
	at org.apache.maven.surefire.booter.ForkedBooter.runSuitesInProcess(ForkedBooter.java:385) ~[surefire-booter-3.1.2.jar:3.1.2]
	at org.apache.maven.surefire.booter.ForkedBooter.execute(ForkedBooter.java:162) ~[surefire-booter-3.1.2.jar:3.1.2]
	at org.apache.maven.surefire.booter.ForkedBooter.run(ForkedBooter.java:507) ~[surefire-booter-3.1.2.jar:3.1.2]
	at org.apache.maven.surefire.booter.ForkedBooter.main(ForkedBooter.java:495) ~[surefire-booter-3.1.2.jar:3.1.2]

2026-02-21T10:38:09.263+05:30  INFO 34696 --- [crop-service-test] [           main] c.f.c.service.AgroEcologicalZoneService  : Looking up zone for location: LocationRequestDto(district=null, state=null, latitude=6.0, longitude=86.21, village=null)
2026-02-21T10:38:09.264+05:30 DEBUG 34696 --- [crop-service-test] [           main] c.f.c.service.AgroEcologicalZoneService  : Looking up zone for coordinates: 6.0, 86.21
2026-02-21T10:38:09.264+05:30 ERROR 34696 --- [crop-service-test] [           main] c.f.c.service.AgroEcologicalZoneService  : Error mapping location to zone: Cannot invoke "com.farmer.crop.entity.AgroEcologicalZone.getId()" because "zone" is null

java.lang.NullPointerException: Cannot invoke "com.farmer.crop.entity.AgroEcologicalZone.getId()" because "zone" is null
	at com.farmer.crop.service.AgroEcologicalZoneService.mapToDto(AgroEcologicalZoneService.java:283) ~[classes/:na]
	at com.farmer.crop.service.AgroEcologicalZoneService.getZoneByCoordinates(AgroEcologicalZoneService.java:170) ~[classes/:na]
	at com.farmer.crop.service.AgroEcologicalZoneService.getZoneForLocation(AgroEcologicalZoneService.java:68) ~[classes/:na]
	at com.farmer.crop.service.LocationZoneMappingConsistencyPropertyTest.zoneMappingIsDeterministic(LocationZoneMappingConsistencyPropertyTest.java:229) ~[test-classes/:na]
	at java.base/jdk.internal.reflect.DirectMethodHandleAccessor.invoke(DirectMethodHandleAccessor.java:103) ~[na:na]
	at java.base/java.lang.reflect.Method.invoke(Method.java:580) ~[na:na]
	at org.junit.platform.commons.util.ReflectionUtils.invokeMethod(ReflectionUtils.java:728) ~[junit-platform-commons-1.10.1.jar:1.10.1]
	at org.junit.platform.commons.support.ReflectionSupport.invokeMethod(ReflectionSupport.java:297) ~[junit-platform-commons-1.10.1.jar:1.10.1]
	at net.jqwik.engine.execution.CheckedPropertyFactory.lambda$createCheckedFunction$1(CheckedPropertyFactory.java:45) ~[jqwik-engine-1.1.2.jar:na]
	at net.jqwik.engine.execution.CheckedPropertyFactory.lambda$createCheckedFunction$3(CheckedPropertyFactory.java:51) ~[jqwik-engine-1.1.2.jar:na]
	at net.jqwik.engine.properties.shrinking.ElementsShrinkingSequence.lambda$falsifierForPosition$4(ElementsShrinkingSequence.java:100) ~[jqwik-engine-1.1.2.jar:na]
	at net.jqwik.engine.properties.shrinking.CombinedShrinkable$CombinedShrinkingSequence.lambda$new$0(CombinedShrinkable.java:48) ~[jqwik-engine-1.1.2.jar:na]
	at net.jqwik.engine.properties.shrinking.ElementsShrinkingSequence.lambda$falsifierForPosition$4(ElementsShrinkingSequence.java:100) ~[jqwik-engine-1.1.2.jar:na]
	at net.jqwik.api.Falsifier.lambda$withFilter$0(Falsifier.java:20) ~[jqwik-api-1.1.2.jar:na]
	at net.jqwik.engine.properties.shrinking.MappedShrinkable.lambda$shrink$0(MappedShrinkable.java:26) ~[jqwik-engine-1.1.2.jar:na]
	at net.jqwik.api.Falsifier.falsify(Falsifier.java:41) ~[jqwik-api-1.1.2.jar:na]
	at net.jqwik.engine.properties.shrinking.DeepSearchShrinkingSequence.falsify(DeepSearchShrinkingSequence.java:74) ~[jqwik-engine-1.1.2.jar:na]
	at java.base/java.util.stream.ReferencePipeline$3$1.accept(ReferencePipeline.java:197) ~[na:na]
	at java.base/java.util.stream.SortedOps$SizedRefSortingSink.end(SortedOps.java:357) ~[na:na]
	at java.base/java.util.stream.AbstractPipeline.copyInto(AbstractPipeline.java:510) ~[na:na]
	at java.base/java.util.stream.AbstractPipeline.wrapAndCopyInto(AbstractPipeline.java:499) ~[na:na]
	at java.base/java.util.stream.ReduceOps$ReduceOp.evaluateSequential(ReduceOps.java:921) ~[na:na]
	at java.base/java.util.stream.AbstractPipeline.evaluate(AbstractPipeline.java:234) ~[na:na]
	at java.base/java.util.stream.ReferencePipeline.collect(ReferencePipeline.java:682) ~[na:na]
	at net.jqwik.engine.properties.shrinking.DeepSearchShrinkingSequence.next(DeepSearchShrinkingSequence.java:37) ~[jqwik-engine-1.1.2.jar:na]
	at net.jqwik.engine.properties.shrinking.MappedShrinkingSequence.next(MappedShrinkingSequence.java:18) ~[jqwik-engine-1.1.2.jar:na]
	at net.jqwik.engine.properties.shrinking.UniqueShrinkable$UniqueShrinkingSequence.next(UniqueShrinkable.java:66) ~[jqwik-engine-1.1.2.jar:na]
	at net.jqwik.engine.properties.shrinking.ElementsShrinkingSequence.shrinkCurrentPosition(ElementsShrinkingSequence.java:57) ~[jqwik-engine-1.1.2.jar:na]
	at net.jqwik.engine.properties.shrinking.ElementsShrinkingSequence.next(ElementsShrinkingSequence.java:46) ~[jqwik-engine-1.1.2.jar:na]
	at net.jqwik.engine.properties.shrinking.CombinedShrinkable$CombinedShrinkingSequence.next(CombinedShrinkable.java:74) ~[jqwik-engine-1.1.2.jar:na]
	at net.jqwik.engine.properties.shrinking.ElementsShrinkingSequence.shrinkCurrentPosition(ElementsShrinkingSequence.java:57) ~[jqwik-engine-1.1.2.jar:na]
	at net.jqwik.engine.properties.shrinking.ElementsShrinkingSequence.next(ElementsShrinkingSequence.java:46) ~[jqwik-engine-1.1.2.jar:na]
	at net.jqwik.engine.properties.shrinking.PropertyShrinker.shrink(PropertyShrinker.java:42) ~[jqwik-engine-1.1.2.jar:na]
	at net.jqwik.engine.properties.GenericProperty.shrink(GenericProperty.java:141) ~[jqwik-engine-1.1.2.jar:na]
	at net.jqwik.engine.properties.GenericProperty.shrinkAndCreateCheckResult(GenericProperty.java:122) ~[jqwik-engine-1.1.2.jar:na]
	at net.jqwik.engine.properties.GenericProperty.checkWithoutReporting(GenericProperty.java:79) ~[jqwik-engine-1.1.2.jar:na]
	at net.jqwik.engine.properties.GenericProperty.check(GenericProperty.java:39) ~[jqwik-engine-1.1.2.jar:na]
	at net.jqwik.engine.execution.CheckedProperty.check(CheckedProperty.java:39) ~[jqwik-engine-1.1.2.jar:na]
	at net.jqwik.engine.execution.PropertyMethodExecutor.executeProperty(PropertyMethodExecutor.java:121) ~[jqwik-engine-1.1.2.jar:na]
	at net.jqwik.engine.execution.PropertyMethodExecutor.executeMethod(PropertyMethodExecutor.java:109) ~[jqwik-engine-1.1.2.jar:na]
	at net.jqwik.engine.execution.PropertyMethodExecutor.lambda$executePropertyMethod$0(PropertyMethodExecutor.java:89) ~[jqwik-engine-1.1.2.jar:na]
	at net.jqwik.api.lifecycle.AroundPropertyHook.lambda$static$0(AroundPropertyHook.java:17) ~[jqwik-api-1.1.2.jar:na]
	at net.jqwik.api.lifecycle.AroundPropertyHook.lambda$null$1(AroundPropertyHook.java:32) ~[jqwik-api-1.1.2.jar:na]
	at net.jqwik.engine.execution.lifecycle.AutoCloseableHook.aroundProperty(AutoCloseableHook.java:14) ~[jqwik-engine-1.1.2.jar:na]
	at net.jqwik.api.lifecycle.AroundPropertyHook.lambda$around$2(AroundPropertyHook.java:37) ~[jqwik-api-1.1.2.jar:na]
	at net.jqwik.engine.execution.PropertyMethodExecutor.executePropertyMethod(PropertyMethodExecutor.java:87) ~[jqwik-engine-1.1.2.jar:na]
	at net.jqwik.engine.execution.PropertyMethodExecutor.execute(PropertyMethodExecutor.java:46) ~[jqwik-engine-1.1.2.jar:na]
	at net.jqwik.engine.execution.PropertyTaskCreator.executeTestMethod(PropertyTaskCreator.java:73) ~[jqwik-engine-1.1.2.jar:na]
	at net.jqwik.engine.execution.PropertyTaskCreator.lambda$createTask$1(PropertyTaskCreator.java:38) ~[jqwik-engine-1.1.2.jar:na]
	at net.jqwik.engine.execution.pipeline.ExecutionTask$1.execute(ExecutionTask.java:24) ~[jqwik-engine-1.1.2.jar:na]
	at net.jqwik.engine.execution.pipeline.ExecutionPipeline.runToTermination(ExecutionPipeline.java:81) ~[jqwik-engine-1.1.2.jar:na]
	at net.jqwik.engine.execution.JqwikExecutor.execute(JqwikExecutor.java:46) ~[jqwik-engine-1.1.2.jar:na]
	at net.jqwik.engine.JqwikTestEngine.executeTests(JqwikTestEngine.java:93) ~[jqwik-engine-1.1.2.jar:na]
	at net.jqwik.engine.JqwikTestEngine.execute(JqwikTestEngine.java:82) ~[jqwik-engine-1.1.2.jar:na]
	at org.junit.platform.launcher.core.EngineExecutionOrchestrator.execute(EngineExecutionOrchestrator.java:198) ~[junit-platform-launcher-1.10.1.jar:1.10.1]
	at org.junit.platform.launcher.core.EngineExecutionOrchestrator.execute(EngineExecutionOrchestrator.java:169) ~[junit-platform-launcher-1.10.1.jar:1.10.1]
	at org.junit.platform.launcher.core.EngineExecutionOrchestrator.execute(EngineExecutionOrchestrator.java:93) ~[junit-platform-launcher-1.10.1.jar:1.10.1]
	at org.junit.platform.launcher.core.EngineExecutionOrchestrator.lambda$execute$0(EngineExecutionOrchestrator.java:58) ~[junit-platform-launcher-1.10.1.jar:1.10.1]
	at org.junit.platform.launcher.core.EngineExecutionOrchestrator.withInterceptedStreams(EngineExecutionOrchestrator.java:141) ~[junit-platform-launcher-1.10.1.jar:1.10.1]
	at org.junit.platform.launcher.core.EngineExecutionOrchestrator.execute(EngineExecutionOrchestrator.java:57) ~[junit-platform-launcher-1.10.1.jar:1.10.1]
	at org.junit.platform.launcher.core.DefaultLauncher.execute(DefaultLauncher.java:103) ~[junit-platform-launcher-1.10.1.jar:1.10.1]
	at org.junit.platform.launcher.core.DefaultLauncher.execute(DefaultLauncher.java:85) ~[junit-platform-launcher-1.10.1.jar:1.10.1]
	at org.junit.platform.launcher.core.DelegatingLauncher.execute(DelegatingLauncher.java:47) ~[junit-platform-launcher-1.10.1.jar:1.10.1]
	at org.apache.maven.surefire.junitplatform.LazyLauncher.execute(LazyLauncher.java:56) ~[surefire-junit-platform-3.1.2.jar:3.1.2]
	at org.apache.maven.surefire.junitplatform.JUnitPlatformProvider.execute(JUnitPlatformProvider.java:184) ~[surefire-junit-platform-3.1.2.jar:3.1.2]
	at org.apache.maven.surefire.junitplatform.JUnitPlatformProvider.invokeAllTests(JUnitPlatformProvider.java:148) ~[surefire-junit-platform-3.1.2.jar:3.1.2]
	at org.apache.maven.surefire.junitplatform.JUnitPlatformProvider.invoke(JUnitPlatformProvider.java:122) ~[surefire-junit-platform-3.1.2.jar:3.1.2]
	at org.apache.maven.surefire.booter.ForkedBooter.runSuitesInProcess(ForkedBooter.java:385) ~[surefire-booter-3.1.2.jar:3.1.2]
	at org.apache.maven.surefire.booter.ForkedBooter.execute(ForkedBooter.java:162) ~[surefire-booter-3.1.2.jar:3.1.2]
	at org.apache.maven.surefire.booter.ForkedBooter.run(ForkedBooter.java:507) ~[surefire-booter-3.1.2.jar:3.1.2]
	at org.apache.maven.surefire.booter.ForkedBooter.main(ForkedBooter.java:495) ~[surefire-booter-3.1.2.jar:3.1.2]

2026-02-21T10:38:09.265+05:30  INFO 34696 --- [crop-service-test] [           main] c.f.c.service.AgroEcologicalZoneService  : Looking up zone for location: LocationRequestDto(district=null, state=null, latitude=7.0, longitude=86.21, village=null)
2026-02-21T10:38:09.265+05:30 DEBUG 34696 --- [crop-service-test] [           main] c.f.c.service.AgroEcologicalZoneService  : Looking up zone for coordinates: 7.0, 86.21
2026-02-21T10:38:09.266+05:30 ERROR 34696 --- [crop-service-test] [           main] c.f.c.service.AgroEcologicalZoneService  : Error mapping location to zone: Cannot invoke "com.farmer.crop.entity.AgroEcologicalZone.getId()" because "zone" is null

java.lang.NullPointerException: Cannot invoke "com.farmer.crop.entity.AgroEcologicalZone.getId()" because "zone" is null
	at com.farmer.crop.service.AgroEcologicalZoneService.mapToDto(AgroEcologicalZoneService.java:283) ~[classes/:na]
	at com.farmer.crop.service.AgroEcologicalZoneService.getZoneByCoordinates(AgroEcologicalZoneService.java:170) ~[classes/:na]
	at com.farmer.crop.service.AgroEcologicalZoneService.getZoneForLocation(AgroEcologicalZoneService.java:68) ~[classes/:na]
	at com.farmer.crop.service.LocationZoneMappingConsistencyPropertyTest.zoneMappingIsDeterministic(LocationZoneMappingConsistencyPropertyTest.java:229) ~[test-classes/:na]
	at java.base/jdk.internal.reflect.DirectMethodHandleAccessor.invoke(DirectMethodHandleAccessor.java:103) ~[na:na]
	at java.base/java.lang.reflect.Method.invoke(Method.java:580) ~[na:na]
	at org.junit.platform.commons.util.ReflectionUtils.invokeMethod(ReflectionUtils.java:728) ~[junit-platform-commons-1.10.1.jar:1.10.1]
	at org.junit.platform.commons.support.ReflectionSupport.invokeMethod(ReflectionSupport.java:297) ~[junit-platform-commons-1.10.1.jar:1.10.1]
	at net.jqwik.engine.execution.CheckedPropertyFactory.lambda$createCheckedFunction$1(CheckedPropertyFactory.java:45) ~[jqwik-engine-1.1.2.jar:na]
	at net.jqwik.engine.execution.CheckedPropertyFactory.lambda$createCheckedFunction$3(CheckedPropertyFactory.java:51) ~[jqwik-engine-1.1.2.jar:na]
	at net.jqwik.engine.properties.shrinking.ElementsShrinkingSequence.lambda$falsifierForPosition$4(ElementsShrinkingSequence.java:100) ~[jqwik-engine-1.1.2.jar:na]
	at net.jqwik.engine.properties.shrinking.CombinedShrinkable$CombinedShrinkingSequence.lambda$new$0(CombinedShrinkable.java:48) ~[jqwik-engine-1.1.2.jar:na]
	at net.jqwik.engine.properties.shrinking.ElementsShrinkingSequence.lambda$falsifierForPosition$4(ElementsShrinkingSequence.java:100) ~[jqwik-engine-1.1.2.jar:na]
	at net.jqwik.api.Falsifier.lambda$withFilter$0(Falsifier.java:20) ~[jqwik-api-1.1.2.jar:na]
	at net.jqwik.engine.properties.shrinking.MappedShrinkable.lambda$shrink$0(MappedShrinkable.java:26) ~[jqwik-engine-1.1.2.jar:na]
	at net.jqwik.api.Falsifier.falsify(Falsifier.java:41) ~[jqwik-api-1.1.2.jar:na]
	at net.jqwik.engine.properties.shrinking.DeepSearchShrinkingSequence.falsify(DeepSearchShrinkingSequence.java:74) ~[jqwik-engine-1.1.2.jar:na]
	at java.base/java.util.stream.ReferencePipeline$3$1.accept(ReferencePipeline.java:197) ~[na:na]
	at java.base/java.util.stream.SortedOps$SizedRefSortingSink.end(SortedOps.java:357) ~[na:na]
	at java.base/java.util.stream.AbstractPipeline.copyInto(AbstractPipeline.java:510) ~[na:na]
	at java.base/java.util.stream.AbstractPipeline.wrapAndCopyInto(AbstractPipeline.java:499) ~[na:na]
	at java.base/java.util.stream.ReduceOps$ReduceOp.evaluateSequential(ReduceOps.java:921) ~[na:na]
	at java.base/java.util.stream.AbstractPipeline.evaluate(AbstractPipeline.java:234) ~[na:na]
	at java.base/java.util.stream.ReferencePipeline.collect(ReferencePipeline.java:682) ~[na:na]
	at net.jqwik.engine.properties.shrinking.DeepSearchShrinkingSequence.next(DeepSearchShrinkingSequence.java:37) ~[jqwik-engine-1.1.2.jar:na]
	at net.jqwik.engine.properties.shrinking.MappedShrinkingSequence.next(MappedShrinkingSequence.java:18) ~[jqwik-engine-1.1.2.jar:na]
	at net.jqwik.engine.properties.shrinking.UniqueShrinkable$UniqueShrinkingSequence.next(UniqueShrinkable.java:66) ~[jqwik-engine-1.1.2.jar:na]
	at net.jqwik.engine.properties.shrinking.ElementsShrinkingSequence.shrinkCurrentPosition(ElementsShrinkingSequence.java:57) ~[jqwik-engine-1.1.2.jar:na]
	at net.jqwik.engine.properties.shrinking.ElementsShrinkingSequence.next(ElementsShrinkingSequence.java:46) ~[jqwik-engine-1.1.2.jar:na]
	at net.jqwik.engine.properties.shrinking.CombinedShrinkable$CombinedShrinkingSequence.next(CombinedShrinkable.java:74) ~[jqwik-engine-1.1.2.jar:na]
	at net.jqwik.engine.properties.shrinking.ElementsShrinkingSequence.shrinkCurrentPosition(ElementsShrinkingSequence.java:57) ~[jqwik-engine-1.1.2.jar:na]
	at net.jqwik.engine.properties.shrinking.ElementsShrinkingSequence.next(ElementsShrinkingSequence.java:46) ~[jqwik-engine-1.1.2.jar:na]
	at net.jqwik.engine.properties.shrinking.PropertyShrinker.shrink(PropertyShrinker.java:42) ~[jqwik-engine-1.1.2.jar:na]
	at net.jqwik.engine.properties.GenericProperty.shrink(GenericProperty.java:141) ~[jqwik-engine-1.1.2.jar:na]
	at net.jqwik.engine.properties.GenericProperty.shrinkAndCreateCheckResult(GenericProperty.java:122) ~[jqwik-engine-1.1.2.jar:na]
	at net.jqwik.engine.properties.GenericProperty.checkWithoutReporting(GenericProperty.java:79) ~[jqwik-engine-1.1.2.jar:na]
	at net.jqwik.engine.properties.GenericProperty.check(GenericProperty.java:39) ~[jqwik-engine-1.1.2.jar:na]
	at net.jqwik.engine.execution.CheckedProperty.check(CheckedProperty.java:39) ~[jqwik-engine-1.1.2.jar:na]
	at net.jqwik.engine.execution.PropertyMethodExecutor.executeProperty(PropertyMethodExecutor.java:121) ~[jqwik-engine-1.1.2.jar:na]
	at net.jqwik.engine.execution.PropertyMethodExecutor.executeMethod(PropertyMethodExecutor.java:109) ~[jqwik-engine-1.1.2.jar:na]
	at net.jqwik.engine.execution.PropertyMethodExecutor.lambda$executePropertyMethod$0(PropertyMethodExecutor.java:89) ~[jqwik-engine-1.1.2.jar:na]
	at net.jqwik.api.lifecycle.AroundPropertyHook.lambda$static$0(AroundPropertyHook.java:17) ~[jqwik-api-1.1.2.jar:na]
	at net.jqwik.api.lifecycle.AroundPropertyHook.lambda$null$1(AroundPropertyHook.java:32) ~[jqwik-api-1.1.2.jar:na]
	at net.jqwik.engine.execution.lifecycle.AutoCloseableHook.aroundProperty(AutoCloseableHook.java:14) ~[jqwik-engine-1.1.2.jar:na]
	at net.jqwik.api.lifecycle.AroundPropertyHook.lambda$around$2(AroundPropertyHook.java:37) ~[jqwik-api-1.1.2.jar:na]
	at net.jqwik.engine.execution.PropertyMethodExecutor.executePropertyMethod(PropertyMethodExecutor.java:87) ~[jqwik-engine-1.1.2.jar:na]
	at net.jqwik.engine.execution.PropertyMethodExecutor.execute(PropertyMethodExecutor.java:46) ~[jqwik-engine-1.1.2.jar:na]
	at net.jqwik.engine.execution.PropertyTaskCreator.executeTestMethod(PropertyTaskCreator.java:73) ~[jqwik-engine-1.1.2.jar:na]
	at net.jqwik.engine.execution.PropertyTaskCreator.lambda$createTask$1(PropertyTaskCreator.java:38) ~[jqwik-engine-1.1.2.jar:na]
	at net.jqwik.engine.execution.pipeline.ExecutionTask$1.execute(ExecutionTask.java:24) ~[jqwik-engine-1.1.2.jar:na]
	at net.jqwik.engine.execution.pipeline.ExecutionPipeline.runToTermination(ExecutionPipeline.java:81) ~[jqwik-engine-1.1.2.jar:na]
	at net.jqwik.engine.execution.JqwikExecutor.execute(JqwikExecutor.java:46) ~[jqwik-engine-1.1.2.jar:na]
	at net.jqwik.engine.JqwikTestEngine.executeTests(JqwikTestEngine.java:93) ~[jqwik-engine-1.1.2.jar:na]
	at net.jqwik.engine.JqwikTestEngine.execute(JqwikTestEngine.java:82) ~[jqwik-engine-1.1.2.jar:na]
	at org.junit.platform.launcher.core.EngineExecutionOrchestrator.execute(EngineExecutionOrchestrator.java:198) ~[junit-platform-launcher-1.10.1.jar:1.10.1]
	at org.junit.platform.launcher.core.EngineExecutionOrchestrator.execute(EngineExecutionOrchestrator.java:169) ~[junit-platform-launcher-1.10.1.jar:1.10.1]
	at org.junit.platform.launcher.core.EngineExecutionOrchestrator.execute(EngineExecutionOrchestrator.java:93) ~[junit-platform-launcher-1.10.1.jar:1.10.1]
	at org.junit.platform.launcher.core.EngineExecutionOrchestrator.lambda$execute$0(EngineExecutionOrchestrator.java:58) ~[junit-platform-launcher-1.10.1.jar:1.10.1]
	at org.junit.platform.launcher.core.EngineExecutionOrchestrator.withInterceptedStreams(EngineExecutionOrchestrator.java:141) ~[junit-platform-launcher-1.10.1.jar:1.10.1]
	at org.junit.platform.launcher.core.EngineExecutionOrchestrator.execute(EngineExecutionOrchestrator.java:57) ~[junit-platform-launcher-1.10.1.jar:1.10.1]
	at org.junit.platform.launcher.core.DefaultLauncher.execute(DefaultLauncher.java:103) ~[junit-platform-launcher-1.10.1.jar:1.10.1]
	at org.junit.platform.launcher.core.DefaultLauncher.execute(DefaultLauncher.java:85) ~[junit-platform-launcher-1.10.1.jar:1.10.1]
	at org.junit.platform.launcher.core.DelegatingLauncher.execute(DelegatingLauncher.java:47) ~[junit-platform-launcher-1.10.1.jar:1.10.1]
	at org.apache.maven.surefire.junitplatform.LazyLauncher.execute(LazyLauncher.java:56) ~[surefire-junit-platform-3.1.2.jar:3.1.2]
	at org.apache.maven.surefire.junitplatform.JUnitPlatformProvider.execute(JUnitPlatformProvider.java:184) ~[surefire-junit-platform-3.1.2.jar:3.1.2]
	at org.apache.maven.surefire.junitplatform.JUnitPlatformProvider.invokeAllTests(JUnitPlatformProvider.java:148) ~[surefire-junit-platform-3.1.2.jar:3.1.2]
	at org.apache.maven.surefire.junitplatform.JUnitPlatformProvider.invoke(JUnitPlatformProvider.java:122) ~[surefire-junit-platform-3.1.2.jar:3.1.2]
	at org.apache.maven.surefire.booter.ForkedBooter.runSuitesInProcess(ForkedBooter.java:385) ~[surefire-booter-3.1.2.jar:3.1.2]
	at org.apache.maven.surefire.booter.ForkedBooter.execute(ForkedBooter.java:162) ~[surefire-booter-3.1.2.jar:3.1.2]
	at org.apache.maven.surefire.booter.ForkedBooter.run(ForkedBooter.java:507) ~[surefire-booter-3.1.2.jar:3.1.2]
	at org.apache.maven.surefire.booter.ForkedBooter.main(ForkedBooter.java:495) ~[surefire-booter-3.1.2.jar:3.1.2]

2026-02-21T10:38:09.267+05:30  INFO 34696 --- [crop-service-test] [           main] c.f.c.service.AgroEcologicalZoneService  : Looking up zone for location: LocationRequestDto(district=null, state=null, latitude=8.0, longitude=86.21, village=null)
2026-02-21T10:38:09.267+05:30 DEBUG 34696 --- [crop-service-test] [           main] c.f.c.service.AgroEcologicalZoneService  : Looking up zone for coordinates: 8.0, 86.21
2026-02-21T10:38:09.267+05:30 ERROR 34696 --- [crop-service-test] [           main] c.f.c.service.AgroEcologicalZoneService  : Error mapping location to zone: Cannot invoke "com.farmer.crop.entity.AgroEcologicalZone.getId()" because "zone" is null

java.lang.NullPointerException: Cannot invoke "com.farmer.crop.entity.AgroEcologicalZone.getId()" because "zone" is null
	at com.farmer.crop.service.AgroEcologicalZoneService.mapToDto(AgroEcologicalZoneService.java:283) ~[classes/:na]
	at com.farmer.crop.service.AgroEcologicalZoneService.getZoneByCoordinates(AgroEcologicalZoneService.java:170) ~[classes/:na]
	at com.farmer.crop.service.AgroEcologicalZoneService.getZoneForLocation(AgroEcologicalZoneService.java:68) ~[classes/:na]
	at com.farmer.crop.service.LocationZoneMappingConsistencyPropertyTest.zoneMappingIsDeterministic(LocationZoneMappingConsistencyPropertyTest.java:229) ~[test-classes/:na]
[...]
	at org.junit.platform.commons.support.ReflectionSupport.invokeMethod(ReflectionSupport.java:297) ~[junit-platform-commons-1.10.1.jar:1.10.1]
	at net.jqwik.engine.execution.CheckedPropertyFactory.lambda$createCheckedFunction$1(CheckedPropertyFactory.java:45) ~[jqwik-engine-1.1.2.jar:na]
	at net.jqwik.engine.execution.CheckedPropertyFactory.lambda$createCheckedFunction$3(CheckedPropertyFactory.java:51) ~[jqwik-engine-1.1.2.jar:na]
	at net.jqwik.engine.properties.shrinking.ElementsShrinkingSequence.lambda$falsifierForPosition$4(ElementsShrinkingSequence.java:100) ~[jqwik-engine-1.1.2.jar:na]
	at net.jqwik.engine.properties.shrinking.CombinedShrinkable$CombinedShrinkingSequence.lambda$new$0(CombinedShrinkable.java:48) ~[jqwik-engine-1.1.2.jar:na]
	at net.jqwik.engine.properties.shrinking.ElementsShrinkingSequence.lambda$falsifierForPosition$4(ElementsShrinkingSequence.java:100) ~[jqwik-engine-1.1.2.jar:na]
	at net.jqwik.api.Falsifier.lambda$withFilter$0(Falsifier.java:20) ~[jqwik-api-1.1.2.jar:na]
	at net.jqwik.engine.properties.shrinking.MappedShrinkable.lambda$shrink$0(MappedShrinkable.java:26) ~[jqwik-engine-1.1.2.jar:na]
	at net.jqwik.api.Falsifier.falsify(Falsifier.java:41) ~[jqwik-api-1.1.2.jar:na]
	at net.jqwik.engine.properties.shrinking.DeepSearchShrinkingSequence.falsify(DeepSearchShrinkingSequence.java:74) ~[jqwik-engine-1.1.2.jar:na]
	at java.base/java.util.stream.ReferencePipeline$3$1.accept(ReferencePipeline.java:197) ~[na:na]
	at java.base/java.util.stream.SortedOps$SizedRefSortingSink.end(SortedOps.java:357) ~[na:na]
	at java.base/java.util.stream.AbstractPipeline.copyInto(AbstractPipeline.java:510) ~[na:na]
	at java.base/java.util.stream.AbstractPipeline.wrapAndCopyInto(AbstractPipeline.java:499) ~[na:na]
	at java.base/java.util.stream.ReduceOps$ReduceOp.evaluateSequential(ReduceOps.java:921) ~[na:na]
	at java.base/java.util.stream.AbstractPipeline.evaluate(AbstractPipeline.java:234) ~[na:na]
	at java.base/java.util.stream.ReferencePipeline.collect(ReferencePipeline.java:682) ~[na:na]
	at net.jqwik.engine.properties.shrinking.DeepSearchShrinkingSequence.next(DeepSearchShrinkingSequence.java:37) ~[jqwik-engine-1.1.2.jar:na]
	at net.jqwik.engine.properties.shrinking.MappedShrinkingSequence.next(MappedShrinkingSequence.java:18) ~[jqwik-engine-1.1.2.jar:na]
	at net.jqwik.engine.properties.shrinking.UniqueShrinkable$UniqueShrinkingSequence.next(UniqueShrinkable.java:66) ~[jqwik-engine-1.1.2.jar:na]
	at net.jqwik.engine.properties.shrinking.ElementsShrinkingSequence.shrinkCurrentPosition(ElementsShrinkingSequence.java:57) ~[jqwik-engine-1.1.2.jar:na]
	at net.jqwik.engine.properties.shrinking.ElementsShrinkingSequence.next(ElementsShrinkingSequence.java:46) ~[jqwik-engine-1.1.2.jar:na]
	at net.jqwik.engine.properties.shrinking.ElementsShrinkingSequence.advanceToNextShrinkingPosition(ElementsShrinkingSequence.java:69) ~[jqwik-engine-1.1.2.jar:na]
	at net.jqwik.engine.properties.shrinking.ElementsShrinkingSequence.shrinkCurrentPosition(ElementsShrinkingSequence.java:58) ~[jqwik-engine-1.1.2.jar:na]
	at net.jqwik.engine.properties.shrinking.ElementsShrinkingSequence.next(ElementsShrinkingSequence.java:46) ~[jqwik-engine-1.1.2.jar:na]
	at net.jqwik.engine.properties.shrinking.CombinedShrinkable$CombinedShrinkingSequence.next(CombinedShrinkable.java:74) ~[jqwik-engine-1.1.2.jar:na]
	at net.jqwik.engine.properties.shrinking.ElementsShrinkingSequence.shrinkCurrentPosition(ElementsShrinkingSequence.java:57) ~[jqwik-engine-1.1.2.jar:na]
	at net.jqwik.engine.properties.shrinking.ElementsShrinkingSequence.next(ElementsShrinkingSequence.java:46) ~[jqwik-engine-1.1.2.jar:na]
	at net.jqwik.engine.properties.shrinking.PropertyShrinker.shrink(PropertyShrinker.java:42) ~[jqwik-engine-1.1.2.jar:na]
	at net.jqwik.engine.properties.GenericProperty.shrink(GenericProperty.java:141) ~[jqwik-engine-1.1.2.jar:na]
	at net.jqwik.engine.properties.GenericProperty.shrinkAndCreateCheckResult(GenericProperty.java:122) ~[jqwik-engine-1.1.2.jar:na]
	at net.jqwik.engine.properties.GenericProperty.checkWithoutReporting(GenericProperty.java:79) ~[jqwik-engine-1.1.2.jar:na]
	at net.jqwik.engine.properties.GenericProperty.check(GenericProperty.java:39) ~[jqwik-engine-1.1.2.jar:na]
	at net.jqwik.engine.execution.CheckedProperty.check(CheckedProperty.java:39) ~[jqwik-engine-1.1.2.jar:na]
	at net.jqwik.engine.execution.PropertyMethodExecutor.executeProperty(PropertyMethodExecutor.java:121) ~[jqwik-engine-1.1.2.jar:na]
	at net.jqwik.engine.execution.PropertyMethodExecutor.executeMethod(PropertyMethodExecutor.java:109) ~[jqwik-engine-1.1.2.jar:na]
	at net.jqwik.engine.execution.PropertyMethodExecutor.lambda$executePropertyMethod$0(PropertyMethodExecutor.java:89) ~[jqwik-engine-1.1.2.jar:na]
	at net.jqwik.api.lifecycle.AroundPropertyHook.lambda$static$0(AroundPropertyHook.java:17) ~[jqwik-api-1.1.2.jar:na]
	at net.jqwik.api.lifecycle.AroundPropertyHook.lambda$null$1(AroundPropertyHook.java:32) ~[jqwik-api-1.1.2.jar:na]
	at net.jqwik.engine.execution.lifecycle.AutoCloseableHook.aroundProperty(AutoCloseableHook.java:14) ~[jqwik-engine-1.1.2.jar:na]
	at net.jqwik.api.lifecycle.AroundPropertyHook.lambda$around$2(AroundPropertyHook.java:37) ~[jqwik-api-1.1.2.jar:na]
	at net.jqwik.engine.execution.PropertyMethodExecutor.executePropertyMethod(PropertyMethodExecutor.java:87) ~[jqwik-engine-1.1.2.jar:na]
	at net.jqwik.engine.execution.PropertyMethodExecutor.execute(PropertyMethodExecutor.java:46) ~[jqwik-engine-1.1.2.jar:na]
	at net.jqwik.engine.execution.PropertyTaskCreator.executeTestMethod(PropertyTaskCreator.java:73) ~[jqwik-engine-1.1.2.jar:na]
	at net.jqwik.engine.execution.PropertyTaskCreator.lambda$createTask$1(PropertyTaskCreator.java:38) ~[jqwik-engine-1.1.2.jar:na]
	at net.jqwik.engine.execution.pipeline.ExecutionTask$1.execute(ExecutionTask.java:24) ~[jqwik-engine-1.1.2.jar:na]
	at net.jqwik.engine.execution.pipeline.ExecutionPipeline.runToTermination(ExecutionPipeline.java:81) ~[jqwik-engine-1.1.2.jar:na]
	at net.jqwik.engine.execution.JqwikExecutor.execute(JqwikExecutor.java:46) ~[jqwik-engine-1.1.2.jar:na]
	at net.jqwik.engine.JqwikTestEngine.executeTests(JqwikTestEngine.java:93) ~[jqwik-engine-1.1.2.jar:na]
	at net.jqwik.engine.JqwikTestEngine.execute(JqwikTestEngine.java:82) ~[jqwik-engine-1.1.2.jar:na]
	at org.junit.platform.launcher.core.EngineExecutionOrchestrator.execute(EngineExecutionOrchestrator.java:198) ~[junit-platform-launcher-1.10.1.jar:1.10.1]
	at org.junit.platform.launcher.core.EngineExecutionOrchestrator.execute(EngineExecutionOrchestrator.java:169) ~[junit-platform-launcher-1.10.1.jar:1.10.1]
	at org.junit.platform.launcher.core.EngineExecutionOrchestrator.execute(EngineExecutionOrchestrator.java:93) ~[junit-platform-launcher-1.10.1.jar:1.10.1]
	at org.junit.platform.launcher.core.EngineExecutionOrchestrator.lambda$execute$0(EngineExecutionOrchestrator.java:58) ~[junit-platform-launcher-1.10.1.jar:1.10.1]
	at org.junit.platform.launcher.core.EngineExecutionOrchestrator.withInterceptedStreams(EngineExecutionOrchestrator.java:141) ~[junit-platform-launcher-1.10.1.jar:1.10.1]
	at org.junit.platform.launcher.core.EngineExecutionOrchestrator.execute(EngineExecutionOrchestrator.java:57) ~[junit-platform-launcher-1.10.1.jar:1.10.1]
	at org.junit.platform.launcher.core.DefaultLauncher.execute(DefaultLauncher.java:103) ~[junit-platform-launcher-1.10.1.jar:1.10.1]
	at org.junit.platform.launcher.core.DefaultLauncher.execute(DefaultLauncher.java:85) ~[junit-platform-launcher-1.10.1.jar:1.10.1]
	at org.junit.platform.launcher.core.DelegatingLauncher.execute(DelegatingLauncher.java:47) ~[junit-platform-launcher-1.10.1.jar:1.10.1]
	at org.apache.maven.surefire.junitplatform.LazyLauncher.execute(LazyLauncher.java:56) ~[surefire-junit-platform-3.1.2.jar:3.1.2]
	at org.apache.maven.surefire.junitplatform.JUnitPlatformProvider.execute(JUnitPlatformProvider.java:184) ~[surefire-junit-platform-3.1.2.jar:3.1.2]
	at org.apache.maven.surefire.junitplatform.JUnitPlatformProvider.invokeAllTests(JUnitPlatformProvider.java:148) ~[surefire-junit-platform-3.1.2.jar:3.1.2]
	at org.apache.maven.surefire.junitplatform.JUnitPlatformProvider.invoke(JUnitPlatformProvider.java:122) ~[surefire-junit-platform-3.1.2.jar:3.1.2]
	at org.apache.maven.surefire.booter.ForkedBooter.runSuitesInProcess(ForkedBooter.java:385) ~[surefire-booter-3.1.2.jar:3.1.2]
	at org.apache.maven.surefire.booter.ForkedBooter.execute(ForkedBooter.java:162) ~[surefire-booter-3.1.2.jar:3.1.2]
	at org.apache.maven.surefire.booter.ForkedBooter.run(ForkedBooter.java:507) ~[surefire-booter-3.1.2.jar:3.1.2]
	at org.apache.maven.surefire.booter.ForkedBooter.main(ForkedBooter.java:495) ~[surefire-booter-3.1.2.jar:3.1.2]

2026-02-21T10:38:09.374+05:30  INFO 34696 --- [crop-service-test] [           main] c.f.c.service.AgroEcologicalZoneService  : Looking up zone for location: LocationRequestDto(district=null, state=null, latitude=6.0, longitude=75.2, village=null)
2026-02-21T10:38:09.374+05:30 DEBUG 34696 --- [crop-service-test] [           main] c.f.c.service.AgroEcologicalZoneService  : Looking up zone for coordinates: 6.0, 75.2
2026-02-21T10:38:09.375+05:30 ERROR 34696 --- [crop-service-test] [           main] c.f.c.service.AgroEcologicalZoneService  : Error mapping location to zone: Cannot invoke "com.farmer.crop.entity.AgroEcologicalZone.getId()" because "zone" is null

java.lang.NullPointerException: Cannot invoke "com.farmer.crop.entity.AgroEcologicalZone.getId()" because "zone" is null
	at com.farmer.crop.service.AgroEcologicalZoneService.mapToDto(AgroEcologicalZoneService.java:283) ~[classes/:na]
	at com.farmer.crop.service.AgroEcologicalZoneService.getZoneByCoordinates(AgroEcologicalZoneService.java:170) ~[classes/:na]
	at com.farmer.crop.service.AgroEcologicalZoneService.getZoneForLocation(AgroEcologicalZoneService.java:68) ~[classes/:na]
	at com.farmer.crop.service.LocationZoneMappingConsistencyPropertyTest.sameGpsCoordinatesShouldMapToSameZone(LocationZoneMappingConsistencyPropertyTest.java:121) ~[test-classes/:na]
	at java.base/jdk.internal.reflect.DirectMethodHandleAccessor.invoke(DirectMethodHandleAccessor.java:103) ~[na:na]
	at java.base/java.lang.reflect.Method.invoke(Method.java:580) ~[na:na]
	at org.junit.platform.commons.util.ReflectionUtils.invokeMethod(ReflectionUtils.java:728) ~[junit-platform-commons-1.10.1.jar:1.10.1]
	at org.junit.platform.commons.support.ReflectionSupport.invokeMethod(ReflectionSupport.java:297) ~[junit-platform-commons-1.10.1.jar:1.10.1]
	at net.jqwik.engine.execution.CheckedPropertyFactory.lambda$createCheckedFunction$1(CheckedPropertyFactory.java:45) ~[jqwik-engine-1.1.2.jar:na]
	at net.jqwik.engine.execution.CheckedPropertyFactory.lambda$createCheckedFunction$3(CheckedPropertyFactory.java:51) ~[jqwik-engine-1.1.2.jar:na]
	at net.jqwik.engine.properties.shrinking.ElementsShrinkingSequence.lambda$falsifierForPosition$4(ElementsShrinkingSequence.java:100) ~[jqwik-engine-1.1.2.jar:na]
	at net.jqwik.engine.properties.shrinking.CombinedShrinkable$CombinedShrinkingSequence.lambda$new$0(CombinedShrinkable.java:48) ~[jqwik-engine-1.1.2.jar:na]
	at net.jqwik.engine.properties.shrinking.ElementsShrinkingSequence.lambda$falsifierForPosition$4(ElementsShrinkingSequence.java:100) ~[jqwik-engine-1.1.2.jar:na]
	at net.jqwik.api.Falsifier.lambda$withFilter$0(Falsifier.java:20) ~[jqwik-api-1.1.2.jar:na]
	at net.jqwik.engine.properties.shrinking.MappedShrinkable.lambda$shrink$0(MappedShrinkable.java:26) ~[jqwik-engine-1.1.2.jar:na]
	at net.jqwik.api.Falsifier.falsify(Falsifier.java:41) ~[jqwik-api-1.1.2.jar:na]
	at net.jqwik.engine.properties.shrinking.DeepSearchShrinkingSequence.falsify(DeepSearchShrinkingSequence.java:74) ~[jqwik-engine-1.1.2.jar:na]
	at java.base/java.util.stream.ReferencePipeline$3$1.accept(ReferencePipeline.java:197) ~[na:na]
	at java.base/java.util.stream.SortedOps$SizedRefSortingSink.end(SortedOps.java:357) ~[na:na]
	at java.base/java.util.stream.AbstractPipeline.copyInto(AbstractPipeline.java:510) ~[na:na]
	at java.base/java.util.stream.AbstractPipeline.wrapAndCopyInto(AbstractPipeline.java:499) ~[na:na]
	at java.base/java.util.stream.ReduceOps$ReduceOp.evaluateSequential(ReduceOps.java:921) ~[na:na]
	at java.base/java.util.stream.AbstractPipeline.evaluate(AbstractPipeline.java:234) ~[na:na]
	at java.base/java.util.stream.ReferencePipeline.collect(ReferencePipeline.java:682) ~[na:na]
	at net.jqwik.engine.properties.shrinking.DeepSearchShrinkingSequence.next(DeepSearchShrinkingSequence.java:37) ~[jqwik-engine-1.1.2.jar:na]
	at net.jqwik.engine.properties.shrinking.MappedShrinkingSequence.next(MappedShrinkingSequence.java:18) ~[jqwik-engine-1.1.2.jar:na]
	at net.jqwik.engine.properties.shrinking.UniqueShrinkable$UniqueShrinkingSequence.next(UniqueShrinkable.java:66) ~[jqwik-engine-1.1.2.jar:na]
	at net.jqwik.engine.properties.shrinking.ElementsShrinkingSequence.shrinkCurrentPosition(ElementsShrinkingSequence.java:57) ~[jqwik-engine-1.1.2.jar:na]
	at net.jqwik.engine.properties.shrinking.ElementsShrinkingSequence.next(ElementsShrinkingSequence.java:46) ~[jqwik-engine-1.1.2.jar:na]
	at net.jqwik.engine.properties.shrinking.ElementsShrinkingSequence.advanceToNextShrinkingPosition(ElementsShrinkingSequence.java:69) ~[jqwik-engine-1.1.2.jar:na]
	at net.jqwik.engine.properties.shrinking.ElementsShrinkingSequence.shrinkCurrentPosition(ElementsShrinkingSequence.java:58) ~[jqwik-engine-1.1.2.jar:na]
	at net.jqwik.engine.properties.shrinking.ElementsShrinkingSequence.next(ElementsShrinkingSequence.java:46) ~[jqwik-engine-1.1.2.jar:na]
	at net.jqwik.engine.properties.shrinking.CombinedShrinkable$CombinedShrinkingSequence.next(CombinedShrinkable.java:74) ~[jqwik-engine-1.1.2.jar:na]
	at net.jqwik.engine.properties.shrinking.ElementsShrinkingSequence.shrinkCurrentPosition(ElementsShrinkingSequence.java:57) ~[jqwik-engine-1.1.2.jar:na]
	at net.jqwik.engine.properties.shrinking.ElementsShrinkingSequence.next(ElementsShrinkingSequence.java:46) ~[jqwik-engine-1.1.2.jar:na]
	at net.jqwik.engine.properties.shrinking.PropertyShrinker.shrink(PropertyShrinker.java:42) ~[jqwik-engine-1.1.2.jar:na]
	at net.jqwik.engine.properties.GenericProperty.shrink(GenericProperty.java:141) ~[jqwik-engine-1.1.2.jar:na]
	at net.jqwik.engine.properties.GenericProperty.shrinkAndCreateCheckResult(GenericProperty.java:122) ~[jqwik-engine-1.1.2.jar:na]
	at net.jqwik.engine.properties.GenericProperty.checkWithoutReporting(GenericProperty.java:79) ~[jqwik-engine-1.1.2.jar:na]
	at net.jqwik.engine.properties.GenericProperty.check(GenericProperty.java:39) ~[jqwik-engine-1.1.2.jar:na]
	at net.jqwik.engine.execution.CheckedProperty.check(CheckedProperty.java:39) ~[jqwik-engine-1.1.2.jar:na]
	at net.jqwik.engine.execution.PropertyMethodExecutor.executeProperty(PropertyMethodExecutor.java:121) ~[jqwik-engine-1.1.2.jar:na]
	at net.jqwik.engine.execution.PropertyMethodExecutor.executeMethod(PropertyMethodExecutor.java:109) ~[jqwik-engine-1.1.2.jar:na]
	at net.jqwik.engine.execution.PropertyMethodExecutor.lambda$executePropertyMethod$0(PropertyMethodExecutor.java:89) ~[jqwik-engine-1.1.2.jar:na]
	at net.jqwik.api.lifecycle.AroundPropertyHook.lambda$static$0(AroundPropertyHook.java:17) ~[jqwik-api-1.1.2.jar:na]
	at net.jqwik.api.lifecycle.AroundPropertyHook.lambda$null$1(AroundPropertyHook.java:32) ~[jqwik-api-1.1.2.jar:na]
	at net.jqwik.engine.execution.lifecycle.AutoCloseableHook.aroundProperty(AutoCloseableHook.java:14) ~[jqwik-engine-1.1.2.jar:na]
	at net.jqwik.api.lifecycle.AroundPropertyHook.lambda$around$2(AroundPropertyHook.java:37) ~[jqwik-api-1.1.2.jar:na]
	at net.jqwik.engine.execution.PropertyMethodExecutor.executePropertyMethod(PropertyMethodExecutor.java:87) ~[jqwik-engine-1.1.2.jar:na]
	at net.jqwik.engine.execution.PropertyMethodExecutor.execute(PropertyMethodExecutor.java:46) ~[jqwik-engine-1.1.2.jar:na]
	at net.jqwik.engine.execution.PropertyTaskCreator.executeTestMethod(PropertyTaskCreator.java:73) ~[jqwik-engine-1.1.2.jar:na]
	at net.jqwik.engine.execution.PropertyTaskCreator.lambda$createTask$1(PropertyTaskCreator.java:38) ~[jqwik-engine-1.1.2.jar:na]
	at net.jqwik.engine.execution.pipeline.ExecutionTask$1.execute(ExecutionTask.java:24) ~[jqwik-engine-1.1.2.jar:na]
	at net.jqwik.engine.execution.pipeline.ExecutionPipeline.runToTermination(ExecutionPipeline.java:81) ~[jqwik-engine-1.1.2.jar:na]
	at net.jqwik.engine.execution.JqwikExecutor.execute(JqwikExecutor.java:46) ~[jqwik-engine-1.1.2.jar:na]
	at net.jqwik.engine.JqwikTestEngine.executeTests(JqwikTestEngine.java:93) ~[jqwik-engine-1.1.2.jar:na]
	at net.jqwik.engine.JqwikTestEngine.execute(JqwikTestEngine.java:82) ~[jqwik-engine-1.1.2.jar:na]
	at org.junit.platform.launcher.core.EngineExecutionOrchestrator.execute(EngineExecutionOrchestrator.java:198) ~[junit-platform-launcher-1.10.1.jar:1.10.1]
	at org.junit.platform.launcher.core.EngineExecutionOrchestrator.execute(EngineExecutionOrchestrator.java:169) ~[junit-platform-launcher-1.10.1.jar:1.10.1]
	at org.junit.platform.launcher.core.EngineExecutionOrchestrator.execute(EngineExecutionOrchestrator.java:93) ~[junit-platform-launcher-1.10.1.jar:1.10.1]
	at org.junit.platform.launcher.core.EngineExecutionOrchestrator.lambda$execute$0(EngineExecutionOrchestrator.java:58) ~[junit-platform-launcher-1.10.1.jar:1.10.1]
	at org.junit.platform.launcher.core.EngineExecutionOrchestrator.withInterceptedStreams(EngineExecutionOrchestrator.java:141) ~[junit-platform-launcher-1.10.1.jar:1.10.1]
	at org.junit.platform.launcher.core.EngineExecutionOrchestrator.execute(EngineExecutionOrchestrator.java:57) ~[junit-platform-launcher-1.10.1.jar:1.10.1]
	at org.junit.platform.launcher.core.DefaultLauncher.execute(DefaultLauncher.java:103) ~[junit-platform-launcher-1.10.1.jar:1.10.1]
	at org.junit.platform.launcher.core.DefaultLauncher.execute(DefaultLauncher.java:85) ~[junit-platform-launcher-1.10.1.jar:1.10.1]
	at org.junit.platform.launcher.core.DelegatingLauncher.execute(DelegatingLauncher.java:47) ~[junit-platform-launcher-1.10.1.jar:1.10.1]
	at org.apache.maven.surefire.junitplatform.LazyLauncher.execute(LazyLauncher.java:56) ~[surefire-junit-platform-3.1.2.jar:3.1.2]
	at org.apache.maven.surefire.junitplatform.JUnitPlatformProvider.execute(JUnitPlatformProvider.java:184) ~[surefire-junit-platform-3.1.2.jar:3.1.2]
	at org.apache.maven.surefire.junitplatform.JUnitPlatformProvider.invokeAllTests(JUnitPlatformProvider.java:148) ~[surefire-junit-platform-3.1.2.jar:3.1.2]
	at org.apache.maven.surefire.junitplatform.JUnitPlatformProvider.invoke(JUnitPlatformProvider.java:122) ~[surefire-junit-platform-3.1.2.jar:3.1.2]
	at org.apache.maven.surefire.booter.ForkedBooter.runSuitesInProcess(ForkedBooter.java:385) ~[surefire-booter-3.1.2.jar:3.1.2]
	at org.apache.maven.surefire.booter.ForkedBooter.execute(ForkedBooter.java:162) ~[surefire-booter-3.1.2.jar:3.1.2]
	at org.apache.maven.surefire.booter.ForkedBooter.run(ForkedBooter.java:507) ~[surefire-booter-3.1.2.jar:3.1.2]
	at org.apache.maven.surefire.booter.ForkedBooter.main(ForkedBooter.java:495) ~[surefire-booter-3.1.2.jar:3.1.2]

timestamp = 2026-02-21T10:38:09.376296800, LocationZoneMappingConsistencyPropertyTest:sameGpsCoordinatesShouldMapToSameZone = 

com.farmer.crop.exception.ZoneMappingException: Failed to map location to zone

                              |--------------------jqwik--------------------
tries = 1                     | # of calls to property
checks = 1                    | # of not rejected calls
generation-mode = RANDOMIZED  | parameters are randomly generated
after-failure = PREVIOUS_SEED | use the previous seed
seed = 2156219227433470786    | random seed to reproduce generated values
sample = [LocationRequestDto(district=null, state=null, latitude=6.0, longitude=68.0, village=null)]
original-sample = [LocationRequestDto(district=null, state=null, latitude=30.88, longitude=75.17, village=null)]


]]></system-out>
  </testcase>
</testsuite>